<?xml version="1.0" encoding="UTF-8"?>
<coverage generated="1693690656488" clover="3.2.0">
  <project timestamp="1693690656488" name="All files">
    <metrics statements="62" coveredstatements="62" conditionals="28" coveredconditionals="28" methods="10" coveredmethods="10" elements="100" coveredelements="100" complexity="0" loc="62" ncloc="62" packages="1" files="2" classes="2"/>
    <file name="formatTime.ts" path="/home/guilherme/Documents/projects/app/src/utils/formatTime.ts">
      <metrics statements="9" coveredstatements="9" conditionals="6" coveredconditionals="6" methods="1" coveredmethods="1"/>
      <line num="4" count="4" type="cond" truecount="4" falsecount="0"/>
      <line num="5" count="2" type="stmt"/>
      <line num="8" count="2" type="cond" truecount="2" falsecount="0"/>
      <line num="9" count="1" type="stmt"/>
      <line num="12" count="1" type="stmt"/>
      <line num="13" count="1" type="stmt"/>
      <line num="14" count="1" type="stmt"/>
      <line num="15" count="1" type="stmt"/>
      <line num="17" count="1" type="stmt"/>
    </file>
    <file name="hours.ts" path="/home/guilherme/Documents/projects/app/src/utils/hours.ts">
      <metrics statements="53" coveredstatements="53" conditionals="22" coveredconditionals="22" methods="9" coveredmethods="9"/>
      <line num="7" count="3" type="stmt"/>
      <line num="9" count="3" type="stmt"/>
      <line num="10" count="3" type="stmt"/>
      <line num="11" count="3" type="cond" truecount="6" falsecount="0"/>
      <line num="12" count="2" type="stmt"/>
      <line num="15" count="1" type="stmt"/>
      <line num="16" count="1" type="stmt"/>
      <line num="17" count="1" type="stmt"/>
      <line num="18" count="1" type="stmt"/>
      <line num="20" count="1" type="stmt"/>
      <line num="21" count="5" type="stmt"/>
      <line num="25" count="5" type="stmt"/>
      <line num="26" count="5" type="stmt"/>
      <line num="29" count="1" type="stmt"/>
      <line num="33" count="5" type="stmt"/>
      <line num="38" count="4" type="stmt"/>
      <line num="40" count="4" type="cond" truecount="2" falsecount="0"/>
      <line num="41" count="1" type="stmt"/>
      <line num="42" count="1" type="stmt"/>
      <line num="45" count="4" type="stmt"/>
      <line num="46" count="4" type="stmt"/>
      <line num="47" count="4" type="cond" truecount="2" falsecount="0"/>
      <line num="48" count="2" type="stmt"/>
      <line num="50" count="4" type="cond" truecount="2" falsecount="0"/>
      <line num="51" count="3" type="stmt"/>
      <line num="54" count="4" type="stmt"/>
      <line num="60" count="19" type="stmt"/>
      <line num="61" count="19" type="stmt"/>
      <line num="62" count="19" type="stmt"/>
      <line num="64" count="19" type="stmt"/>
      <line num="70" count="10" type="stmt"/>
      <line num="72" count="6" type="cond" truecount="2" falsecount="0"/>
      <line num="73" count="1" type="stmt"/>
      <line num="76" count="5" type="stmt"/>
      <line num="77" count="5" type="stmt"/>
      <line num="78" count="5" type="cond" truecount="2" falsecount="0"/>
      <line num="79" count="1" type="stmt"/>
      <line num="81" count="15" type="stmt"/>
      <line num="82" count="4" type="stmt"/>
      <line num="84" count="4" type="stmt"/>
      <line num="86" count="4" type="stmt"/>
      <line num="88" count="4" type="stmt"/>
      <line num="90" count="7" type="stmt"/>
      <line num="91" count="7" type="stmt"/>
      <line num="98" count="7" type="cond" truecount="2" falsecount="0"/>
      <line num="99" count="2" type="cond" truecount="2" falsecount="0"/>
      <line num="100" count="1" type="stmt"/>
      <line num="102" count="1" type="stmt"/>
      <line num="103" count="1" type="stmt"/>
      <line num="107" count="4" type="cond" truecount="2" falsecount="0"/>
      <line num="108" count="1" type="stmt"/>
      <line num="111" count="3" type="stmt"/>
      <line num="112" count="6" type="stmt"/>
    </file>
  </project>
</coverage>
