{"/home/guilherme/Documents/projects/app/src/pages/admin/configurations-page/index.tsx": {"path":"/home/guilherme/Documents/projects/app/src/pages/admin/configurations-page/index.tsx","statementMap":{"0":{"start":{"line":45,"column":15},"end":{"line":45,"column":83}},"1":{"start":{"line":46,"column":51},"end":{"line":46,"column":66}},"2":{"start":{"line":47,"column":34},"end":{"line":47,"column":59}},"3":{"start":{"line":48,"column":36},"end":{"line":48,"column":60}},"4":{"start":{"line":49,"column":40},"end":{"line":49,"column":69}},"5":{"start":{"line":50,"column":44},"end":{"line":50,"column":73}},"6":{"start":{"line":51,"column":58},"end":{"line":51,"column":82}},"7":{"start":{"line":52,"column":46},"end":{"line":52,"column":58}},"8":{"start":{"line":53,"column":28},"end":{"line":53,"column":40}},"9":{"start":{"line":54,"column":48},"end":{"line":54,"column":60}},"10":{"start":{"line":57,"column":17},"end":{"line":57,"column":34}},"11":{"start":{"line":59,"column":17},"end":{"line":59,"column":37}},"12":{"start":{"line":60,"column":17},"end":{"line":60,"column":35}},"13":{"start":{"line":61,"column":18},"end":{"line":61,"column":36}},"14":{"start":{"line":62,"column":17},"end":{"line":62,"column":65}},"15":{"start":{"line":64,"column":18},"end":{"line":64,"column":29}},"16":{"start":{"line":65,"column":4},"end":{"line":69,"column":5}},"17":{"start":{"line":66,"column":6},"end":{"line":68,"column":7}},"18":{"start":{"line":67,"column":8},"end":{"line":67,"column":21}},"19":{"start":{"line":71,"column":4},"end":{"line":77,"column":5}},"20":{"start":{"line":71,"column":15},"end":{"line":71,"column":16}},"21":{"start":{"line":72,"column":19},"end":{"line":72,"column":52}},"22":{"start":{"line":73,"column":25},"end":{"line":73,"column":48}},"23":{"start":{"line":74,"column":6},"end":{"line":76,"column":7}},"24":{"start":{"line":75,"column":8},"end":{"line":75,"column":94}},"25":{"start":{"line":78,"column":4},"end":{"line":78,"column":40}},"26":{"start":{"line":81,"column":17},"end":{"line":81,"column":34}},"27":{"start":{"line":83,"column":17},"end":{"line":83,"column":37}},"28":{"start":{"line":84,"column":17},"end":{"line":84,"column":35}},"29":{"start":{"line":85,"column":18},"end":{"line":85,"column":36}},"30":{"start":{"line":86,"column":17},"end":{"line":86,"column":65}},"31":{"start":{"line":88,"column":18},"end":{"line":88,"column":29}},"32":{"start":{"line":89,"column":4},"end":{"line":93,"column":5}},"33":{"start":{"line":90,"column":6},"end":{"line":92,"column":7}},"34":{"start":{"line":91,"column":8},"end":{"line":91,"column":21}},"35":{"start":{"line":95,"column":4},"end":{"line":101,"column":5}},"36":{"start":{"line":95,"column":15},"end":{"line":95,"column":16}},"37":{"start":{"line":96,"column":19},"end":{"line":96,"column":52}},"38":{"start":{"line":97,"column":25},"end":{"line":97,"column":48}},"39":{"start":{"line":98,"column":6},"end":{"line":100,"column":7}},"40":{"start":{"line":99,"column":8},"end":{"line":99,"column":88}},"41":{"start":{"line":102,"column":4},"end":{"line":102,"column":40}},"42":{"start":{"line":106,"column":4},"end":{"line":110,"column":5}},"43":{"start":{"line":107,"column":6},"end":{"line":107,"column":33}},"44":{"start":{"line":108,"column":6},"end":{"line":108,"column":28}},"45":{"start":{"line":109,"column":6},"end":{"line":109,"column":13}},"46":{"start":{"line":111,"column":4},"end":{"line":111,"column":30}},"47":{"start":{"line":112,"column":4},"end":{"line":112,"column":27}},"48":{"start":{"line":116,"column":24},"end":{"line":116,"column":39}},"49":{"start":{"line":117,"column":26},"end":{"line":117,"column":34}},"50":{"start":{"line":119,"column":17},"end":{"line":119,"column":34}},"51":{"start":{"line":121,"column":4},"end":{"line":129,"column":5}},"52":{"start":{"line":122,"column":6},"end":{"line":126,"column":7}},"53":{"start":{"line":123,"column":8},"end":{"line":123,"column":73}},"54":{"start":{"line":125,"column":8},"end":{"line":125,"column":71}},"55":{"start":{"line":128,"column":6},"end":{"line":128,"column":69}},"56":{"start":{"line":130,"column":4},"end":{"line":130,"column":40}},"57":{"start":{"line":135,"column":4},"end":{"line":139,"column":5}},"58":{"start":{"line":137,"column":6},"end":{"line":137,"column":42}},"59":{"start":{"line":138,"column":6},"end":{"line":138,"column":13}},"60":{"start":{"line":140,"column":17},"end":{"line":140,"column":19}},"61":{"start":{"line":141,"column":4},"end":{"line":145,"column":5}},"62":{"start":{"line":142,"column":6},"end":{"line":144,"column":7}},"63":{"start":{"line":143,"column":8},"end":{"line":143,"column":23}},"64":{"start":{"line":146,"column":19},"end":{"line":146,"column":37}},"65":{"start":{"line":147,"column":4},"end":{"line":159,"column":5}},"66":{"start":{"line":148,"column":6},"end":{"line":152,"column":9}},"67":{"start":{"line":154,"column":6},"end":{"line":154,"column":36}},"68":{"start":{"line":155,"column":6},"end":{"line":155,"column":29}},"69":{"start":{"line":157,"column":6},"end":{"line":157,"column":44}},"70":{"start":{"line":158,"column":6},"end":{"line":158,"column":62}},"71":{"start":{"line":164,"column":4},"end":{"line":167,"column":5}},"72":{"start":{"line":165,"column":6},"end":{"line":165,"column":35}},"73":{"start":{"line":166,"column":6},"end":{"line":166,"column":36}},"74":{"start":{"line":168,"column":4},"end":{"line":171,"column":5}},"75":{"start":{"line":169,"column":6},"end":{"line":169,"column":37}},"76":{"start":{"line":170,"column":6},"end":{"line":170,"column":36}},"77":{"start":{"line":175,"column":4},"end":{"line":175,"column":25}},"78":{"start":{"line":176,"column":4},"end":{"line":176,"column":24}},"79":{"start":{"line":180,"column":4},"end":{"line":180,"column":27}},"80":{"start":{"line":181,"column":4},"end":{"line":181,"column":24}},"81":{"start":{"line":185,"column":4},"end":{"line":185,"column":35}},"82":{"start":{"line":188,"column":2},"end":{"line":211,"column":9}},"83":{"start":{"line":189,"column":4},"end":{"line":209,"column":9}},"84":{"start":{"line":190,"column":6},"end":{"line":190,"column":25}},"85":{"start":{"line":191,"column":18},"end":{"line":191,"column":36}},"86":{"start":{"line":192,"column":22},"end":{"line":192,"column":58}},"87":{"start":{"line":193,"column":23},"end":{"line":193,"column":44}},"88":{"start":{"line":194,"column":19},"end":{"line":194,"column":34}},"89":{"start":{"line":195,"column":6},"end":{"line":199,"column":7}},"90":{"start":{"line":196,"column":8},"end":{"line":196,"column":59}},"91":{"start":{"line":197,"column":8},"end":{"line":197,"column":28}},"92":{"start":{"line":198,"column":8},"end":{"line":198,"column":15}},"93":{"start":{"line":200,"column":19},"end":{"line":200,"column":36}},"94":{"start":{"line":201,"column":6},"end":{"line":203,"column":9}},"95":{"start":{"line":202,"column":8},"end":{"line":202,"column":62}},"96":{"start":{"line":205,"column":6},"end":{"line":205,"column":44}},"97":{"start":{"line":206,"column":6},"end":{"line":206,"column":40}},"98":{"start":{"line":207,"column":6},"end":{"line":207,"column":24}},"99":{"start":{"line":208,"column":6},"end":{"line":208,"column":26}},"100":{"start":{"line":214,"column":2},"end":{"line":276,"column":4}},"101":{"start":{"line":240,"column":29},"end":{"line":240,"column":56}},"102":{"start":{"line":250,"column":29},"end":{"line":250,"column":58}}},"fnMap":{"0":{"name":"ConfigurationsPage","decl":{"start":{"line":44,"column":16},"end":{"line":44,"column":34}},"loc":{"start":{"line":44,"column":36},"end":{"line":277,"column":1}},"line":44},"1":{"name":"handelDisableWeekend","decl":{"start":{"line":56,"column":11},"end":{"line":56,"column":31}},"loc":{"start":{"line":56,"column":33},"end":{"line":79,"column":3}},"line":56},"2":{"name":"handleEnableWeekend","decl":{"start":{"line":80,"column":11},"end":{"line":80,"column":30}},"loc":{"start":{"line":80,"column":32},"end":{"line":103,"column":3}},"line":80},"3":{"name":"handleSelectNotWorkAtWeekends","decl":{"start":{"line":105,"column":11},"end":{"line":105,"column":40}},"loc":{"start":{"line":105,"column":42},"end":{"line":113,"column":3}},"line":105},"4":{"name":"handleSelectDay","decl":{"start":{"line":115,"column":11},"end":{"line":115,"column":26}},"loc":{"start":{"line":115,"column":42},"end":{"line":131,"column":3}},"line":115},"5":{"name":"sendDaysToWork","decl":{"start":{"line":134,"column":17},"end":{"line":134,"column":31}},"loc":{"start":{"line":134,"column":33},"end":{"line":160,"column":3}},"line":134},"6":{"name":"handleSelectHour","decl":{"start":{"line":163,"column":11},"end":{"line":163,"column":27}},"loc":{"start":{"line":163,"column":46},"end":{"line":172,"column":3}},"line":163},"7":{"name":"handleSetMorningHour","decl":{"start":{"line":174,"column":11},"end":{"line":174,"column":31}},"loc":{"start":{"line":174,"column":52},"end":{"line":177,"column":3}},"line":174},"8":{"name":"handleSetAfternoonHour","decl":{"start":{"line":179,"column":11},"end":{"line":179,"column":33}},"loc":{"start":{"line":179,"column":54},"end":{"line":182,"column":3}},"line":179},"9":{"name":"onCloseRangeModal","decl":{"start":{"line":184,"column":11},"end":{"line":184,"column":28}},"loc":{"start":{"line":184,"column":30},"end":{"line":186,"column":3}},"line":184},"10":{"name":"(anonymous_10)","decl":{"start":{"line":188,"column":12},"end":{"line":188,"column":13}},"loc":{"start":{"line":188,"column":17},"end":{"line":211,"column":3}},"line":188},"11":{"name":"(anonymous_11)","decl":{"start":{"line":189,"column":5},"end":{"line":189,"column":6}},"loc":{"start":{"line":189,"column":17},"end":{"line":209,"column":5}},"line":189},"12":{"name":"(anonymous_12)","decl":{"start":{"line":201,"column":21},"end":{"line":201,"column":22}},"loc":{"start":{"line":202,"column":8},"end":{"line":202,"column":62}},"line":202},"13":{"name":"(anonymous_13)","decl":{"start":{"line":240,"column":23},"end":{"line":240,"column":24}},"loc":{"start":{"line":240,"column":29},"end":{"line":240,"column":56}},"line":240},"14":{"name":"(anonymous_14)","decl":{"start":{"line":250,"column":23},"end":{"line":250,"column":24}},"loc":{"start":{"line":250,"column":29},"end":{"line":250,"column":58}},"line":250}},"branchMap":{"0":{"loc":{"start":{"line":65,"column":4},"end":{"line":69,"column":5}},"type":"if","locations":[{"start":{"line":65,"column":4},"end":{"line":69,"column":5}},{"start":{},"end":{}}],"line":65},"1":{"loc":{"start":{"line":66,"column":6},"end":{"line":68,"column":7}},"type":"if","locations":[{"start":{"line":66,"column":6},"end":{"line":68,"column":7}},{"start":{},"end":{}}],"line":66},"2":{"loc":{"start":{"line":66,"column":10},"end":{"line":66,"column":63}},"type":"binary-expr","locations":[{"start":{"line":66,"column":11},"end":{"line":66,"column":24}},{"start":{"line":66,"column":28},"end":{"line":66,"column":43}},{"start":{"line":66,"column":48},"end":{"line":66,"column":63}}],"line":66},"3":{"loc":{"start":{"line":74,"column":6},"end":{"line":76,"column":7}},"type":"if","locations":[{"start":{"line":74,"column":6},"end":{"line":76,"column":7}},{"start":{},"end":{}}],"line":74},"4":{"loc":{"start":{"line":74,"column":9},"end":{"line":74,"column":49}},"type":"binary-expr","locations":[{"start":{"line":74,"column":9},"end":{"line":74,"column":27}},{"start":{"line":74,"column":31},"end":{"line":74,"column":49}}],"line":74},"5":{"loc":{"start":{"line":89,"column":4},"end":{"line":93,"column":5}},"type":"if","locations":[{"start":{"line":89,"column":4},"end":{"line":93,"column":5}},{"start":{},"end":{}}],"line":89},"6":{"loc":{"start":{"line":90,"column":6},"end":{"line":92,"column":7}},"type":"if","locations":[{"start":{"line":90,"column":6},"end":{"line":92,"column":7}},{"start":{},"end":{}}],"line":90},"7":{"loc":{"start":{"line":90,"column":10},"end":{"line":90,"column":63}},"type":"binary-expr","locations":[{"start":{"line":90,"column":11},"end":{"line":90,"column":24}},{"start":{"line":90,"column":28},"end":{"line":90,"column":43}},{"start":{"line":90,"column":48},"end":{"line":90,"column":63}}],"line":90},"8":{"loc":{"start":{"line":98,"column":6},"end":{"line":100,"column":7}},"type":"if","locations":[{"start":{"line":98,"column":6},"end":{"line":100,"column":7}},{"start":{},"end":{}}],"line":98},"9":{"loc":{"start":{"line":98,"column":9},"end":{"line":98,"column":49}},"type":"binary-expr","locations":[{"start":{"line":98,"column":9},"end":{"line":98,"column":27}},{"start":{"line":98,"column":31},"end":{"line":98,"column":49}}],"line":98},"10":{"loc":{"start":{"line":106,"column":4},"end":{"line":110,"column":5}},"type":"if","locations":[{"start":{"line":106,"column":4},"end":{"line":110,"column":5}},{"start":{},"end":{}}],"line":106},"11":{"loc":{"start":{"line":121,"column":4},"end":{"line":129,"column":5}},"type":"if","locations":[{"start":{"line":121,"column":4},"end":{"line":129,"column":5}},{"start":{"line":127,"column":9},"end":{"line":129,"column":5}}],"line":121},"12":{"loc":{"start":{"line":122,"column":6},"end":{"line":126,"column":7}},"type":"if","locations":[{"start":{"line":122,"column":6},"end":{"line":126,"column":7}},{"start":{"line":124,"column":11},"end":{"line":126,"column":7}}],"line":122},"13":{"loc":{"start":{"line":135,"column":4},"end":{"line":139,"column":5}},"type":"if","locations":[{"start":{"line":135,"column":4},"end":{"line":139,"column":5}},{"start":{},"end":{}}],"line":135},"14":{"loc":{"start":{"line":135,"column":7},"end":{"line":136,"column":68}},"type":"binary-expr","locations":[{"start":{"line":135,"column":7},"end":{"line":135,"column":37}},{"start":{"line":135,"column":41},"end":{"line":135,"column":73}},{"start":{"line":136,"column":6},"end":{"line":136,"column":34}},{"start":{"line":136,"column":38},"end":{"line":136,"column":68}}],"line":135},"15":{"loc":{"start":{"line":142,"column":6},"end":{"line":144,"column":7}},"type":"if","locations":[{"start":{"line":142,"column":6},"end":{"line":144,"column":7}},{"start":{},"end":{}}],"line":142},"16":{"loc":{"start":{"line":164,"column":4},"end":{"line":167,"column":5}},"type":"if","locations":[{"start":{"line":164,"column":4},"end":{"line":167,"column":5}},{"start":{},"end":{}}],"line":164},"17":{"loc":{"start":{"line":168,"column":4},"end":{"line":171,"column":5}},"type":"if","locations":[{"start":{"line":168,"column":4},"end":{"line":171,"column":5}},{"start":{},"end":{}}],"line":168},"18":{"loc":{"start":{"line":195,"column":6},"end":{"line":199,"column":7}},"type":"if","locations":[{"start":{"line":195,"column":6},"end":{"line":199,"column":7}},{"start":{},"end":{}}],"line":195},"19":{"loc":{"start":{"line":217,"column":80},"end":{"line":217,"column":104}},"type":"cond-expr","locations":[{"start":{"line":217,"column":98},"end":{"line":217,"column":99}},{"start":{"line":217,"column":102},"end":{"line":217,"column":104}}],"line":217},"20":{"loc":{"start":{"line":218,"column":9},"end":{"line":218,"column":128}},"type":"binary-expr","locations":[{"start":{"line":218,"column":9},"end":{"line":218,"column":24}},{"start":{"line":218,"column":28},"end":{"line":218,"column":128}}],"line":218},"21":{"loc":{"start":{"line":219,"column":9},"end":{"line":224,"column":81}},"type":"cond-expr","locations":[{"start":{"line":220,"column":10},"end":{"line":222,"column":30}},{"start":{"line":224,"column":10},"end":{"line":224,"column":81}}],"line":219},"22":{"loc":{"start":{"line":233,"column":13},"end":{"line":233,"column":90}},"type":"cond-expr","locations":[{"start":{"line":233,"column":33},"end":{"line":233,"column":83}},{"start":{"line":233,"column":86},"end":{"line":233,"column":90}}],"line":233},"23":{"loc":{"start":{"line":261,"column":9},"end":{"line":261,"column":103}},"type":"binary-expr","locations":[{"start":{"line":261,"column":9},"end":{"line":261,"column":14}},{"start":{"line":261,"column":19},"end":{"line":261,"column":102}}],"line":261}},"s":{"0":0,"1":0,"2":0,"3":0,"4":0,"5":0,"6":0,"7":0,"8":0,"9":0,"10":0,"11":0,"12":0,"13":0,"14":0,"15":0,"16":0,"17":0,"18":0,"19":0,"20":0,"21":0,"22":0,"23":0,"24":0,"25":0,"26":0,"27":0,"28":0,"29":0,"30":0,"31":0,"32":0,"33":0,"34":0,"35":0,"36":0,"37":0,"38":0,"39":0,"40":0,"41":0,"42":0,"43":0,"44":0,"45":0,"46":0,"47":0,"48":0,"49":0,"50":0,"51":0,"52":0,"53":0,"54":0,"55":0,"56":0,"57":0,"58":0,"59":0,"60":0,"61":0,"62":0,"63":0,"64":0,"65":0,"66":0,"67":0,"68":0,"69":0,"70":0,"71":0,"72":0,"73":0,"74":0,"75":0,"76":0,"77":0,"78":0,"79":0,"80":0,"81":0,"82":0,"83":0,"84":0,"85":0,"86":0,"87":0,"88":0,"89":0,"90":0,"91":0,"92":0,"93":0,"94":0,"95":0,"96":0,"97":0,"98":0,"99":0,"100":0,"101":0,"102":0},"f":{"0":0,"1":0,"2":0,"3":0,"4":0,"5":0,"6":0,"7":0,"8":0,"9":0,"10":0,"11":0,"12":0,"13":0,"14":0},"b":{"0":[0,0],"1":[0,0],"2":[0,0,0],"3":[0,0],"4":[0,0],"5":[0,0],"6":[0,0],"7":[0,0,0],"8":[0,0],"9":[0,0],"10":[0,0],"11":[0,0],"12":[0,0],"13":[0,0],"14":[0,0,0,0],"15":[0,0],"16":[0,0],"17":[0,0],"18":[0,0],"19":[0,0],"20":[0,0],"21":[0,0],"22":[0,0],"23":[0,0]}}
,"/home/guilherme/Documents/projects/app/src/utils/date.ts": {"path":"/home/guilherme/Documents/projects/app/src/utils/date.ts","statementMap":{"0":{"start":{"line":5,"column":18},"end":{"line":5,"column":32}},"1":{"start":{"line":6,"column":22},"end":{"line":6,"column":54}},"2":{"start":{"line":8,"column":2},"end":{"line":8,"column":19}},"3":{"start":{"line":14,"column":29},"end":{"line":14,"column":44}},"4":{"start":{"line":17,"column":2},"end":{"line":17,"column":57}},"5":{"start":{"line":19,"column":2},"end":{"line":19,"column":51}},"6":{"start":{"line":20,"column":2},"end":{"line":20,"column":29}},"7":{"start":{"line":25,"column":24},"end":{"line":25,"column":74}},"8":{"start":{"line":26,"column":2},"end":{"line":26,"column":28}},"9":{"start":{"line":30,"column":16},"end":{"line":30,"column":36}},"10":{"start":{"line":31,"column":15},"end":{"line":31,"column":34}},"11":{"start":{"line":32,"column":16},"end":{"line":32,"column":32}},"12":{"start":{"line":33,"column":23},"end":{"line":33,"column":49}},"13":{"start":{"line":40,"column":2},"end":{"line":40,"column":51}},"14":{"start":{"line":45,"column":29},"end":{"line":45,"column":79}},"15":{"start":{"line":46,"column":2},"end":{"line":46,"column":35}},"16":{"start":{"line":50,"column":2},"end":{"line":50,"column":30}},"17":{"start":{"line":54,"column":18},"end":{"line":54,"column":32}},"18":{"start":{"line":55,"column":20},"end":{"line":55,"column":41}},"19":{"start":{"line":56,"column":15},"end":{"line":56,"column":37}},"20":{"start":{"line":58,"column":2},"end":{"line":58,"column":14}},"21":{"start":{"line":62,"column":18},"end":{"line":62,"column":32}},"22":{"start":{"line":63,"column":2},"end":{"line":63,"column":44}},"23":{"start":{"line":65,"column":20},"end":{"line":65,"column":41}},"24":{"start":{"line":66,"column":15},"end":{"line":66,"column":37}},"25":{"start":{"line":68,"column":2},"end":{"line":68,"column":14}},"26":{"start":{"line":73,"column":18},"end":{"line":73,"column":32}},"27":{"start":{"line":75,"column":20},"end":{"line":75,"column":51}},"28":{"start":{"line":76,"column":15},"end":{"line":76,"column":37}},"29":{"start":{"line":77,"column":29},"end":{"line":77,"column":44}},"30":{"start":{"line":79,"column":2},"end":{"line":79,"column":35}}},"fnMap":{"0":{"name":"convertDateToStringYYYYMMDD","decl":{"start":{"line":4,"column":16},"end":{"line":4,"column":43}},"loc":{"start":{"line":4,"column":73},"end":{"line":9,"column":1}},"line":4},"1":{"name":"formatDayOfStringDate","decl":{"start":{"line":11,"column":16},"end":{"line":11,"column":37}},"loc":{"start":{"line":11,"column":51},"end":{"line":21,"column":1}},"line":11},"2":{"name":"getYearMontSring","decl":{"start":{"line":24,"column":16},"end":{"line":24,"column":32}},"loc":{"start":{"line":24,"column":34},"end":{"line":27,"column":1}},"line":24},"3":{"name":"getDateWithSelectedDay","decl":{"start":{"line":29,"column":17},"end":{"line":29,"column":39}},"loc":{"start":{"line":29,"column":61},"end":{"line":41,"column":1}},"line":29},"4":{"name":"getYearMonthDayString","decl":{"start":{"line":44,"column":16},"end":{"line":44,"column":37}},"loc":{"start":{"line":44,"column":39},"end":{"line":47,"column":1}},"line":44},"5":{"name":"getTodayData","decl":{"start":{"line":49,"column":9},"end":{"line":49,"column":21}},"loc":{"start":{"line":49,"column":28},"end":{"line":51,"column":1}},"line":49},"6":{"name":"getTodayAsIsoString","decl":{"start":{"line":53,"column":16},"end":{"line":53,"column":35}},"loc":{"start":{"line":53,"column":37},"end":{"line":59,"column":1}},"line":53},"7":{"name":"addDaysToToday","decl":{"start":{"line":61,"column":16},"end":{"line":61,"column":30}},"loc":{"start":{"line":61,"column":44},"end":{"line":69,"column":1}},"line":61},"8":{"name":"getToday","decl":{"start":{"line":72,"column":16},"end":{"line":72,"column":24}},"loc":{"start":{"line":72,"column":26},"end":{"line":80,"column":1}},"line":72}},"branchMap":{"0":{"loc":{"start":{"line":17,"column":6},"end":{"line":17,"column":56}},"type":"cond-expr","locations":[{"start":{"line":17,"column":37},"end":{"line":17,"column":48}},{"start":{"line":17,"column":51},"end":{"line":17,"column":56}}],"line":17},"1":{"loc":{"start":{"line":19,"column":6},"end":{"line":19,"column":50}},"type":"cond-expr","locations":[{"start":{"line":19,"column":35},"end":{"line":19,"column":44}},{"start":{"line":19,"column":47},"end":{"line":19,"column":50}}],"line":19}},"s":{"0":0,"1":0,"2":0,"3":0,"4":0,"5":0,"6":0,"7":0,"8":0,"9":0,"10":0,"11":0,"12":0,"13":0,"14":0,"15":0,"16":0,"17":0,"18":0,"19":0,"20":0,"21":0,"22":0,"23":0,"24":0,"25":0,"26":0,"27":0,"28":0,"29":0,"30":0},"f":{"0":0,"1":0,"2":0,"3":0,"4":0,"5":0,"6":0,"7":0,"8":0},"b":{"0":[0,0],"1":[0,0]}}
}
