{"/home/guilherme/Documents/projects/app/App.tsx": {"path":"/home/guilherme/Documents/projects/app/App.tsx","statementMap":{"0":{"start":{"line":7,"column":26},"end":{"line":11,"column":4}},"1":{"start":{"line":13,"column":2},"end":{"line":15,"column":3}},"2":{"start":{"line":14,"column":4},"end":{"line":14,"column":16}},"3":{"start":{"line":16,"column":2},"end":{"line":21,"column":4}}},"fnMap":{"0":{"name":"App","decl":{"start":{"line":6,"column":24},"end":{"line":6,"column":27}},"loc":{"start":{"line":6,"column":30},"end":{"line":22,"column":1}},"line":6}},"branchMap":{"0":{"loc":{"start":{"line":13,"column":2},"end":{"line":15,"column":3}},"type":"if","locations":[{"start":{"line":13,"column":2},"end":{"line":15,"column":3}},{"start":{},"end":{}}],"line":13}},"s":{"0":0,"1":0,"2":0,"3":0},"f":{"0":0},"b":{"0":[0,0]}}
,"/home/guilherme/Documents/projects/app/firebaseConfig.ts": {"path":"/home/guilherme/Documents/projects/app/firebaseConfig.ts","statementMap":{"0":{"start":{"line":7,"column":23},"end":{"line":16,"column":1}},"1":{"start":{"line":18,"column":28},"end":{"line":18,"column":57}},"2":{"start":{"line":19,"column":27},"end":{"line":19,"column":53}},"3":{"start":{"line":20,"column":29},"end":{"line":20,"column":50}},"4":{"start":{"line":21,"column":32},"end":{"line":21,"column":56}}},"fnMap":{},"branchMap":{},"s":{"0":0,"1":0,"2":0,"3":0,"4":0},"f":{},"b":{}}
,"/home/guilherme/Documents/projects/app/src/main.tsx": {"path":"/home/guilherme/Documents/projects/app/src/main.tsx","statementMap":{"0":{"start":{"line":6,"column":2},"end":{"line":12,"column":4}}},"fnMap":{"0":{"name":"Main","decl":{"start":{"line":5,"column":24},"end":{"line":5,"column":28}},"loc":{"start":{"line":5,"column":30},"end":{"line":13,"column":1}},"line":5}},"branchMap":{},"s":{"0":0},"f":{"0":0},"b":{}}
,"/home/guilherme/Documents/projects/app/src/components/CustomCalendar.tsx": {"path":"/home/guilherme/Documents/projects/app/src/components/CustomCalendar.tsx","statementMap":{"0":{"start":{"line":4,"column":0},"end":{"line":23,"column":2}},"1":{"start":{"line":24,"column":0},"end":{"line":24,"column":34}},"2":{"start":{"line":131,"column":2},"end":{"line":151,"column":4}},"3":{"start":{"line":136,"column":28},"end":{"line":136,"column":49}}},"fnMap":{"0":{"name":"CustomCalendar","decl":{"start":{"line":33,"column":24},"end":{"line":33,"column":38}},"loc":{"start":{"line":33,"column":106},"end":{"line":152,"column":1}},"line":33},"1":{"name":"(anonymous_1)","decl":{"start":{"line":136,"column":18},"end":{"line":136,"column":19}},"loc":{"start":{"line":136,"column":28},"end":{"line":136,"column":49}},"line":136}},"branchMap":{},"s":{"0":0,"1":0,"2":0,"3":0},"f":{"0":0,"1":0},"b":{}}
,"/home/guilherme/Documents/projects/app/src/components/Text.ts": {"path":"/home/guilherme/Documents/projects/app/src/components/Text.ts","statementMap":{"0":{"start":{"line":10,"column":20},"end":{"line":15,"column":1}},"1":{"start":{"line":11,"column":33},"end":{"line":11,"column":85}},"2":{"start":{"line":12,"column":26},"end":{"line":12,"column":44}},"3":{"start":{"line":13,"column":29},"end":{"line":13,"column":56}},"4":{"start":{"line":14,"column":30},"end":{"line":14,"column":42}}},"fnMap":{"0":{"name":"(anonymous_0)","decl":{"start":{"line":11,"column":17},"end":{"line":11,"column":18}},"loc":{"start":{"line":11,"column":33},"end":{"line":11,"column":85}},"line":11},"1":{"name":"(anonymous_1)","decl":{"start":{"line":12,"column":11},"end":{"line":12,"column":12}},"loc":{"start":{"line":12,"column":26},"end":{"line":12,"column":44}},"line":12},"2":{"name":"(anonymous_2)","decl":{"start":{"line":13,"column":15},"end":{"line":13,"column":16}},"loc":{"start":{"line":13,"column":29},"end":{"line":13,"column":56}},"line":13},"3":{"name":"(anonymous_3)","decl":{"start":{"line":14,"column":13},"end":{"line":14,"column":14}},"loc":{"start":{"line":14,"column":30},"end":{"line":14,"column":42}},"line":14}},"branchMap":{"0":{"loc":{"start":{"line":11,"column":33},"end":{"line":11,"column":85}},"type":"cond-expr","locations":[{"start":{"line":11,"column":42},"end":{"line":11,"column":65}},{"start":{"line":11,"column":68},"end":{"line":11,"column":85}}],"line":11},"1":{"loc":{"start":{"line":12,"column":26},"end":{"line":12,"column":44}},"type":"binary-expr","locations":[{"start":{"line":12,"column":26},"end":{"line":12,"column":31}},{"start":{"line":12,"column":35},"end":{"line":12,"column":44}}],"line":12},"2":{"loc":{"start":{"line":13,"column":29},"end":{"line":13,"column":56}},"type":"cond-expr","locations":[{"start":{"line":13,"column":36},"end":{"line":13,"column":47}},{"start":{"line":13,"column":50},"end":{"line":13,"column":56}}],"line":13},"3":{"loc":{"start":{"line":14,"column":30},"end":{"line":14,"column":42}},"type":"binary-expr","locations":[{"start":{"line":14,"column":30},"end":{"line":14,"column":37}},{"start":{"line":14,"column":41},"end":{"line":14,"column":42}}],"line":14}},"s":{"0":0,"1":0,"2":0,"3":0,"4":0},"f":{"0":0,"1":0,"2":0,"3":0},"b":{"0":[0,0],"1":[0,0],"2":[0,0],"3":[0,0]}}
,"/home/guilherme/Documents/projects/app/src/components/button/index.tsx": {"path":"/home/guilherme/Documents/projects/app/src/components/button/index.tsx","statementMap":{"0":{"start":{"line":11,"column":2},"end":{"line":18,"column":4}}},"fnMap":{"0":{"name":"Button","decl":{"start":{"line":10,"column":16},"end":{"line":10,"column":22}},"loc":{"start":{"line":10,"column":66},"end":{"line":19,"column":1}},"line":10}},"branchMap":{},"s":{"0":0},"f":{"0":0},"b":{}}
,"/home/guilherme/Documents/projects/app/src/components/button/styles.ts": {"path":"/home/guilherme/Documents/projects/app/src/components/button/styles.ts","statementMap":{"0":{"start":{"line":3,"column":25},"end":{"line":9,"column":1}},"1":{"start":{"line":4,"column":32},"end":{"line":4,"column":60}}},"fnMap":{"0":{"name":"(anonymous_0)","decl":{"start":{"line":4,"column":16},"end":{"line":4,"column":17}},"loc":{"start":{"line":4,"column":32},"end":{"line":4,"column":60}},"line":4}},"branchMap":{"0":{"loc":{"start":{"line":4,"column":32},"end":{"line":4,"column":60}},"type":"cond-expr","locations":[{"start":{"line":4,"column":42},"end":{"line":4,"column":48}},{"start":{"line":4,"column":51},"end":{"line":4,"column":60}}],"line":4}},"s":{"0":0,"1":0},"f":{"0":0},"b":{"0":[0,0]}}
,"/home/guilherme/Documents/projects/app/src/components/cart/index.tsx": {"path":"/home/guilherme/Documents/projects/app/src/components/cart/index.tsx","statementMap":{"0":{"start":{"line":22,"column":34},"end":{"line":36,"column":34}},"1":{"start":{"line":23,"column":4},"end":{"line":33,"column":5}},"2":{"start":{"line":24,"column":6},"end":{"line":27,"column":8}},"3":{"start":{"line":28,"column":10},"end":{"line":33,"column":5}},"4":{"start":{"line":29,"column":6},"end":{"line":32,"column":8}},"5":{"start":{"line":35,"column":4},"end":{"line":35,"column":66}},"6":{"start":{"line":38,"column":2},"end":{"line":111,"column":4}},"7":{"start":{"line":43,"column":36},"end":{"line":43,"column":52}},"8":{"start":{"line":47,"column":12},"end":{"line":76,"column":19}},"9":{"start":{"line":71,"column":33},"end":{"line":71,"column":62}}},"fnMap":{"0":{"name":"Cart","decl":{"start":{"line":21,"column":16},"end":{"line":21,"column":20}},"loc":{"start":{"line":21,"column":111},"end":{"line":112,"column":1}},"line":21},"1":{"name":"(anonymous_1)","decl":{"start":{"line":22,"column":51},"end":{"line":22,"column":52}},"loc":{"start":{"line":22,"column":66},"end":{"line":36,"column":3}},"line":22},"2":{"name":"(anonymous_2)","decl":{"start":{"line":43,"column":24},"end":{"line":43,"column":25}},"loc":{"start":{"line":43,"column":36},"end":{"line":43,"column":52}},"line":43},"3":{"name":"(anonymous_3)","decl":{"start":{"line":46,"column":22},"end":{"line":46,"column":23}},"loc":{"start":{"line":47,"column":12},"end":{"line":76,"column":19}},"line":47},"4":{"name":"(anonymous_4)","decl":{"start":{"line":71,"column":27},"end":{"line":71,"column":28}},"loc":{"start":{"line":71,"column":33},"end":{"line":71,"column":62}},"line":71}},"branchMap":{"0":{"loc":{"start":{"line":23,"column":4},"end":{"line":33,"column":5}},"type":"if","locations":[{"start":{"line":23,"column":4},"end":{"line":33,"column":5}},{"start":{"line":28,"column":10},"end":{"line":33,"column":5}}],"line":23},"1":{"loc":{"start":{"line":23,"column":7},"end":{"line":23,"column":39}},"type":"binary-expr","locations":[{"start":{"line":23,"column":7},"end":{"line":23,"column":22}},{"start":{"line":23,"column":26},"end":{"line":23,"column":39}}],"line":23},"2":{"loc":{"start":{"line":28,"column":10},"end":{"line":33,"column":5}},"type":"if","locations":[{"start":{"line":28,"column":10},"end":{"line":33,"column":5}},{"start":{},"end":{}}],"line":28},"3":{"loc":{"start":{"line":40,"column":7},"end":{"line":79,"column":7}},"type":"binary-expr","locations":[{"start":{"line":40,"column":7},"end":{"line":40,"column":27}},{"start":{"line":41,"column":8},"end":{"line":78,"column":10}}],"line":40},"4":{"loc":{"start":{"line":49,"column":17},"end":{"line":49,"column":89}},"type":"binary-expr","locations":[{"start":{"line":49,"column":17},"end":{"line":49,"column":38}},{"start":{"line":49,"column":42},"end":{"line":49,"column":89}}],"line":49},"5":{"loc":{"start":{"line":52,"column":48},"end":{"line":52,"column":87}},"type":"cond-expr","locations":[{"start":{"line":52,"column":67},"end":{"line":52,"column":83}},{"start":{"line":52,"column":86},"end":{"line":52,"column":87}}],"line":52},"6":{"loc":{"start":{"line":58,"column":21},"end":{"line":63,"column":21}},"type":"binary-expr","locations":[{"start":{"line":58,"column":21},"end":{"line":58,"column":38}},{"start":{"line":59,"column":22},"end":{"line":62,"column":25}}],"line":58},"7":{"loc":{"start":{"line":69,"column":15},"end":{"line":75,"column":15}},"type":"binary-expr","locations":[{"start":{"line":69,"column":15},"end":{"line":69,"column":35}},{"start":{"line":70,"column":16},"end":{"line":74,"column":26}}],"line":69},"8":{"loc":{"start":{"line":83,"column":11},"end":{"line":94,"column":13}},"type":"cond-expr","locations":[{"start":{"line":84,"column":12},"end":{"line":84,"column":64}},{"start":{"line":87,"column":14},"end":{"line":92,"column":17}}],"line":83},"9":{"loc":{"start":{"line":97,"column":9},"end":{"line":108,"column":9}},"type":"cond-expr","locations":[{"start":{"line":98,"column":10},"end":{"line":100,"column":28}},{"start":{"line":102,"column":10},"end":{"line":107,"column":19}}],"line":97}},"s":{"0":0,"1":0,"2":0,"3":0,"4":0,"5":0,"6":0,"7":0,"8":0,"9":0},"f":{"0":0,"1":0,"2":0,"3":0,"4":0},"b":{"0":[0,0],"1":[0,0],"2":[0,0],"3":[0,0],"4":[0,0],"5":[0,0],"6":[0,0],"7":[0,0],"8":[0,0],"9":[0,0]}}
,"/home/guilherme/Documents/projects/app/src/components/cart/styles.ts": {"path":"/home/guilherme/Documents/projects/app/src/components/cart/styles.ts","statementMap":{"0":{"start":{"line":3,"column":20},"end":{"line":11,"column":1}},"1":{"start":{"line":13,"column":27},"end":{"line":16,"column":1}},"2":{"start":{"line":18,"column":29},"end":{"line":20,"column":1}},"3":{"start":{"line":22,"column":23},"end":{"line":23,"column":1}},"4":{"start":{"line":25,"column":20},"end":{"line":28,"column":1}},"5":{"start":{"line":30,"column":32},"end":{"line":33,"column":1}},"6":{"start":{"line":35,"column":23},"end":{"line":39,"column":1}},"7":{"start":{"line":41,"column":27},"end":{"line":44,"column":1}},"8":{"start":{"line":46,"column":21},"end":{"line":50,"column":1}}},"fnMap":{},"branchMap":{},"s":{"0":0,"1":0,"2":0,"3":0,"4":0,"5":0,"6":0,"7":0,"8":0},"f":{},"b":{}}
,"/home/guilherme/Documents/projects/app/src/components/confirm-modal/index.tsx": {"path":"/home/guilherme/Documents/projects/app/src/components/confirm-modal/index.tsx","statementMap":{"0":{"start":{"line":11,"column":2},"end":{"line":23,"column":4}}},"fnMap":{"0":{"name":"ConfirmModal","decl":{"start":{"line":10,"column":16},"end":{"line":10,"column":28}},"loc":{"start":{"line":10,"column":67},"end":{"line":24,"column":1}},"line":10}},"branchMap":{},"s":{"0":0},"f":{"0":0},"b":{}}
,"/home/guilherme/Documents/projects/app/src/components/confirm-modal/styles.ts": {"path":"/home/guilherme/Documents/projects/app/src/components/confirm-modal/styles.ts","statementMap":{"0":{"start":{"line":3,"column":25},"end":{"line":8,"column":1}},"1":{"start":{"line":10,"column":29},"end":{"line":15,"column":1}}},"fnMap":{},"branchMap":{},"s":{"0":0,"1":0},"f":{},"b":{}}
,"/home/guilherme/Documents/projects/app/src/components/create-product-modal/index.tsx": {"path":"/home/guilherme/Documents/projects/app/src/components/create-product-modal/index.tsx","statementMap":{"0":{"start":{"line":22,"column":40},"end":{"line":22,"column":52}},"1":{"start":{"line":23,"column":54},"end":{"line":23,"column":66}},"2":{"start":{"line":24,"column":42},"end":{"line":24,"column":54}},"3":{"start":{"line":25,"column":36},"end":{"line":25,"column":51}},"4":{"start":{"line":26,"column":34},"end":{"line":26,"column":61}},"5":{"start":{"line":29,"column":4},"end":{"line":29,"column":23}},"6":{"start":{"line":30,"column":4},"end":{"line":30,"column":131}},"7":{"start":{"line":31,"column":4},"end":{"line":31,"column":23}},"8":{"start":{"line":32,"column":4},"end":{"line":32,"column":24}},"9":{"start":{"line":33,"column":4},"end":{"line":33,"column":30}},"10":{"start":{"line":34,"column":4},"end":{"line":34,"column":20}},"11":{"start":{"line":35,"column":4},"end":{"line":35,"column":24}},"12":{"start":{"line":36,"column":4},"end":{"line":36,"column":17}},"13":{"start":{"line":40,"column":4},"end":{"line":40,"column":24}},"14":{"start":{"line":40,"column":17},"end":{"line":40,"column":24}},"15":{"start":{"line":41,"column":4},"end":{"line":41,"column":23}},"16":{"start":{"line":42,"column":4},"end":{"line":42,"column":135}},"17":{"start":{"line":43,"column":4},"end":{"line":43,"column":23}},"18":{"start":{"line":44,"column":4},"end":{"line":44,"column":24}},"19":{"start":{"line":45,"column":4},"end":{"line":45,"column":30}},"20":{"start":{"line":46,"column":4},"end":{"line":46,"column":20}},"21":{"start":{"line":47,"column":4},"end":{"line":47,"column":24}},"22":{"start":{"line":50,"column":25},"end":{"line":64,"column":3}},"23":{"start":{"line":51,"column":19},"end":{"line":57,"column":6}},"24":{"start":{"line":58,"column":4},"end":{"line":63,"column":5}},"25":{"start":{"line":59,"column":18},"end":{"line":59,"column":38}},"26":{"start":{"line":60,"column":6},"end":{"line":60,"column":23}},"27":{"start":{"line":62,"column":6},"end":{"line":62,"column":45}},"28":{"start":{"line":66,"column":2},"end":{"line":79,"column":16}},"29":{"start":{"line":67,"column":4},"end":{"line":78,"column":5}},"30":{"start":{"line":68,"column":6},"end":{"line":68,"column":25}},"31":{"start":{"line":69,"column":6},"end":{"line":69,"column":26}},"32":{"start":{"line":70,"column":6},"end":{"line":70,"column":32}},"33":{"start":{"line":71,"column":6},"end":{"line":71,"column":22}},"34":{"start":{"line":72,"column":6},"end":{"line":72,"column":13}},"35":{"start":{"line":74,"column":6},"end":{"line":74,"column":35}},"36":{"start":{"line":75,"column":6},"end":{"line":75,"column":45}},"37":{"start":{"line":76,"column":6},"end":{"line":76,"column":48}},"38":{"start":{"line":77,"column":6},"end":{"line":77,"column":55}},"39":{"start":{"line":83,"column":2},"end":{"line":154,"column":4}}},"fnMap":{"0":{"name":"CreateProductModal","decl":{"start":{"line":21,"column":16},"end":{"line":21,"column":34}},"loc":{"start":{"line":21,"column":125},"end":{"line":155,"column":1}},"line":21},"1":{"name":"handleCreateProduct","decl":{"start":{"line":28,"column":17},"end":{"line":28,"column":36}},"loc":{"start":{"line":28,"column":38},"end":{"line":37,"column":3}},"line":28},"2":{"name":"handleEditService","decl":{"start":{"line":39,"column":17},"end":{"line":39,"column":34}},"loc":{"start":{"line":39,"column":36},"end":{"line":48,"column":3}},"line":39},"3":{"name":"(anonymous_3)","decl":{"start":{"line":50,"column":25},"end":{"line":50,"column":26}},"loc":{"start":{"line":50,"column":37},"end":{"line":64,"column":3}},"line":50},"4":{"name":"(anonymous_4)","decl":{"start":{"line":66,"column":12},"end":{"line":66,"column":13}},"loc":{"start":{"line":66,"column":18},"end":{"line":79,"column":3}},"line":66}},"branchMap":{"0":{"loc":{"start":{"line":40,"column":4},"end":{"line":40,"column":24}},"type":"if","locations":[{"start":{"line":40,"column":4},"end":{"line":40,"column":24}},{"start":{},"end":{}}],"line":40},"1":{"loc":{"start":{"line":58,"column":4},"end":{"line":63,"column":5}},"type":"if","locations":[{"start":{"line":58,"column":4},"end":{"line":63,"column":5}},{"start":{"line":61,"column":11},"end":{"line":63,"column":5}}],"line":58},"2":{"loc":{"start":{"line":67,"column":4},"end":{"line":78,"column":5}},"type":"if","locations":[{"start":{"line":67,"column":4},"end":{"line":78,"column":5}},{"start":{"line":73,"column":10},"end":{"line":78,"column":5}}],"line":67},"3":{"loc":{"start":{"line":75,"column":18},"end":{"line":75,"column":43}},"type":"binary-expr","locations":[{"start":{"line":75,"column":18},"end":{"line":75,"column":35}},{"start":{"line":75,"column":39},"end":{"line":75,"column":43}}],"line":75},"4":{"loc":{"start":{"line":77,"column":28},"end":{"line":77,"column":53}},"type":"binary-expr","locations":[{"start":{"line":77,"column":28},"end":{"line":77,"column":47}},{"start":{"line":77,"column":51},"end":{"line":77,"column":53}}],"line":77},"5":{"loc":{"start":{"line":91,"column":13},"end":{"line":91,"column":96}},"type":"cond-expr","locations":[{"start":{"line":91,"column":22},"end":{"line":91,"column":54}},{"start":{"line":91,"column":57},"end":{"line":91,"column":96}}],"line":91},"6":{"loc":{"start":{"line":118,"column":13},"end":{"line":122,"column":27}},"type":"cond-expr","locations":[{"start":{"line":118,"column":25},"end":{"line":118,"column":58}},{"start":{"line":119,"column":14},"end":{"line":122,"column":26}}],"line":118},"7":{"loc":{"start":{"line":128,"column":11},"end":{"line":150,"column":11}},"type":"cond-expr","locations":[{"start":{"line":128,"column":22},"end":{"line":128,"column":55}},{"start":{"line":128,"column":59},"end":{"line":149,"column":13}}],"line":128},"8":{"loc":{"start":{"line":128,"column":59},"end":{"line":149,"column":13}},"type":"cond-expr","locations":[{"start":{"line":129,"column":12},"end":{"line":141,"column":31}},{"start":{"line":144,"column":14},"end":{"line":148,"column":23}}],"line":128}},"s":{"0":0,"1":0,"2":0,"3":0,"4":0,"5":0,"6":0,"7":0,"8":0,"9":0,"10":0,"11":0,"12":0,"13":0,"14":0,"15":0,"16":0,"17":0,"18":0,"19":0,"20":0,"21":0,"22":0,"23":0,"24":0,"25":0,"26":0,"27":0,"28":0,"29":0,"30":0,"31":0,"32":0,"33":0,"34":0,"35":0,"36":0,"37":0,"38":0,"39":0},"f":{"0":0,"1":0,"2":0,"3":0,"4":0},"b":{"0":[0,0],"1":[0,0],"2":[0,0],"3":[0,0],"4":[0,0],"5":[0,0],"6":[0,0],"7":[0,0],"8":[0,0]}}
,"/home/guilherme/Documents/projects/app/src/components/create-product-modal/styles.ts": {"path":"/home/guilherme/Documents/projects/app/src/components/create-product-modal/styles.ts","statementMap":{"0":{"start":{"line":3,"column":23},"end":{"line":9,"column":1}},"1":{"start":{"line":11,"column":25},"end":{"line":18,"column":1}},"2":{"start":{"line":20,"column":27},"end":{"line":23,"column":1}},"3":{"start":{"line":25,"column":25},"end":{"line":29,"column":1}},"4":{"start":{"line":31,"column":32},"end":{"line":35,"column":1}},"5":{"start":{"line":37,"column":26},"end":{"line":41,"column":1}},"6":{"start":{"line":43,"column":35},"end":{"line":51,"column":1}},"7":{"start":{"line":53,"column":26},"end":{"line":58,"column":1}},"8":{"start":{"line":60,"column":32},"end":{"line":63,"column":1}},"9":{"start":{"line":65,"column":36},"end":{"line":70,"column":1}},"10":{"start":{"line":72,"column":21},"end":{"line":76,"column":1}},"11":{"start":{"line":78,"column":33},"end":{"line":81,"column":1}},"12":{"start":{"line":83,"column":25},"end":{"line":83,"column":38}}},"fnMap":{},"branchMap":{},"s":{"0":0,"1":0,"2":0,"3":0,"4":0,"5":0,"6":0,"7":0,"8":0,"9":0,"10":0,"11":0,"12":0},"f":{},"b":{}}
,"/home/guilherme/Documents/projects/app/src/components/create-service-modal/index.tsx": {"path":"/home/guilherme/Documents/projects/app/src/components/create-service-modal/index.tsx","statementMap":{"0":{"start":{"line":21,"column":40},"end":{"line":21,"column":52}},"1":{"start":{"line":22,"column":40},"end":{"line":22,"column":52}},"2":{"start":{"line":23,"column":42},"end":{"line":23,"column":54}},"3":{"start":{"line":24,"column":36},"end":{"line":24,"column":51}},"4":{"start":{"line":25,"column":34},"end":{"line":25,"column":61}},"5":{"start":{"line":28,"column":4},"end":{"line":28,"column":23}},"6":{"start":{"line":29,"column":4},"end":{"line":29,"column":129}},"7":{"start":{"line":30,"column":4},"end":{"line":30,"column":23}},"8":{"start":{"line":31,"column":4},"end":{"line":31,"column":24}},"9":{"start":{"line":32,"column":4},"end":{"line":32,"column":23}},"10":{"start":{"line":33,"column":4},"end":{"line":33,"column":20}},"11":{"start":{"line":34,"column":4},"end":{"line":34,"column":24}},"12":{"start":{"line":35,"column":4},"end":{"line":35,"column":17}},"13":{"start":{"line":39,"column":4},"end":{"line":39,"column":24}},"14":{"start":{"line":39,"column":17},"end":{"line":39,"column":24}},"15":{"start":{"line":40,"column":4},"end":{"line":40,"column":23}},"16":{"start":{"line":41,"column":4},"end":{"line":41,"column":133}},"17":{"start":{"line":42,"column":4},"end":{"line":42,"column":23}},"18":{"start":{"line":43,"column":4},"end":{"line":43,"column":24}},"19":{"start":{"line":44,"column":4},"end":{"line":44,"column":23}},"20":{"start":{"line":45,"column":4},"end":{"line":45,"column":20}},"21":{"start":{"line":46,"column":4},"end":{"line":46,"column":24}},"22":{"start":{"line":49,"column":25},"end":{"line":63,"column":3}},"23":{"start":{"line":50,"column":19},"end":{"line":56,"column":6}},"24":{"start":{"line":57,"column":4},"end":{"line":62,"column":5}},"25":{"start":{"line":58,"column":18},"end":{"line":58,"column":38}},"26":{"start":{"line":59,"column":6},"end":{"line":59,"column":23}},"27":{"start":{"line":61,"column":6},"end":{"line":61,"column":45}},"28":{"start":{"line":65,"column":2},"end":{"line":78,"column":16}},"29":{"start":{"line":66,"column":4},"end":{"line":77,"column":5}},"30":{"start":{"line":67,"column":6},"end":{"line":67,"column":25}},"31":{"start":{"line":68,"column":6},"end":{"line":68,"column":26}},"32":{"start":{"line":69,"column":6},"end":{"line":69,"column":25}},"33":{"start":{"line":70,"column":6},"end":{"line":70,"column":22}},"34":{"start":{"line":71,"column":6},"end":{"line":71,"column":13}},"35":{"start":{"line":73,"column":6},"end":{"line":73,"column":45}},"36":{"start":{"line":74,"column":6},"end":{"line":74,"column":35}},"37":{"start":{"line":75,"column":6},"end":{"line":75,"column":48}},"38":{"start":{"line":76,"column":6},"end":{"line":76,"column":46}},"39":{"start":{"line":82,"column":2},"end":{"line":153,"column":4}}},"fnMap":{"0":{"name":"CreateServiceModal","decl":{"start":{"line":20,"column":16},"end":{"line":20,"column":34}},"loc":{"start":{"line":20,"column":125},"end":{"line":154,"column":1}},"line":20},"1":{"name":"handleCreateService","decl":{"start":{"line":27,"column":17},"end":{"line":27,"column":36}},"loc":{"start":{"line":27,"column":38},"end":{"line":36,"column":3}},"line":27},"2":{"name":"handleEditService","decl":{"start":{"line":38,"column":17},"end":{"line":38,"column":34}},"loc":{"start":{"line":38,"column":36},"end":{"line":47,"column":3}},"line":38},"3":{"name":"(anonymous_3)","decl":{"start":{"line":49,"column":25},"end":{"line":49,"column":26}},"loc":{"start":{"line":49,"column":37},"end":{"line":63,"column":3}},"line":49},"4":{"name":"(anonymous_4)","decl":{"start":{"line":65,"column":12},"end":{"line":65,"column":13}},"loc":{"start":{"line":65,"column":18},"end":{"line":78,"column":3}},"line":65}},"branchMap":{"0":{"loc":{"start":{"line":39,"column":4},"end":{"line":39,"column":24}},"type":"if","locations":[{"start":{"line":39,"column":4},"end":{"line":39,"column":24}},{"start":{},"end":{}}],"line":39},"1":{"loc":{"start":{"line":57,"column":4},"end":{"line":62,"column":5}},"type":"if","locations":[{"start":{"line":57,"column":4},"end":{"line":62,"column":5}},{"start":{"line":60,"column":11},"end":{"line":62,"column":5}}],"line":57},"2":{"loc":{"start":{"line":66,"column":4},"end":{"line":77,"column":5}},"type":"if","locations":[{"start":{"line":66,"column":4},"end":{"line":77,"column":5}},{"start":{"line":72,"column":10},"end":{"line":77,"column":5}}],"line":66},"3":{"loc":{"start":{"line":73,"column":18},"end":{"line":73,"column":43}},"type":"binary-expr","locations":[{"start":{"line":73,"column":18},"end":{"line":73,"column":35}},{"start":{"line":73,"column":39},"end":{"line":73,"column":43}}],"line":73},"4":{"loc":{"start":{"line":90,"column":13},"end":{"line":90,"column":96}},"type":"cond-expr","locations":[{"start":{"line":90,"column":22},"end":{"line":90,"column":54}},{"start":{"line":90,"column":57},"end":{"line":90,"column":96}}],"line":90},"5":{"loc":{"start":{"line":117,"column":13},"end":{"line":121,"column":27}},"type":"cond-expr","locations":[{"start":{"line":117,"column":25},"end":{"line":117,"column":58}},{"start":{"line":118,"column":14},"end":{"line":121,"column":26}}],"line":117},"6":{"loc":{"start":{"line":127,"column":11},"end":{"line":149,"column":11}},"type":"cond-expr","locations":[{"start":{"line":127,"column":22},"end":{"line":127,"column":55}},{"start":{"line":127,"column":59},"end":{"line":148,"column":13}}],"line":127},"7":{"loc":{"start":{"line":127,"column":59},"end":{"line":148,"column":13}},"type":"cond-expr","locations":[{"start":{"line":128,"column":12},"end":{"line":140,"column":31}},{"start":{"line":143,"column":14},"end":{"line":147,"column":23}}],"line":127}},"s":{"0":0,"1":0,"2":0,"3":0,"4":0,"5":0,"6":0,"7":0,"8":0,"9":0,"10":0,"11":0,"12":0,"13":0,"14":0,"15":0,"16":0,"17":0,"18":0,"19":0,"20":0,"21":0,"22":0,"23":0,"24":0,"25":0,"26":0,"27":0,"28":0,"29":0,"30":0,"31":0,"32":0,"33":0,"34":0,"35":0,"36":0,"37":0,"38":0,"39":0},"f":{"0":0,"1":0,"2":0,"3":0,"4":0},"b":{"0":[0,0],"1":[0,0],"2":[0,0],"3":[0,0],"4":[0,0],"5":[0,0],"6":[0,0],"7":[0,0]}}
,"/home/guilherme/Documents/projects/app/src/components/create-service-modal/styles.ts": {"path":"/home/guilherme/Documents/projects/app/src/components/create-service-modal/styles.ts","statementMap":{"0":{"start":{"line":3,"column":23},"end":{"line":9,"column":1}},"1":{"start":{"line":11,"column":25},"end":{"line":18,"column":1}},"2":{"start":{"line":20,"column":27},"end":{"line":23,"column":1}},"3":{"start":{"line":25,"column":25},"end":{"line":29,"column":1}},"4":{"start":{"line":31,"column":25},"end":{"line":35,"column":1}},"5":{"start":{"line":37,"column":26},"end":{"line":41,"column":1}},"6":{"start":{"line":43,"column":26},"end":{"line":47,"column":1}},"7":{"start":{"line":49,"column":32},"end":{"line":52,"column":1}},"8":{"start":{"line":54,"column":36},"end":{"line":59,"column":1}},"9":{"start":{"line":61,"column":21},"end":{"line":65,"column":1}},"10":{"start":{"line":67,"column":33},"end":{"line":69,"column":1}},"11":{"start":{"line":71,"column":25},"end":{"line":71,"column":38}}},"fnMap":{},"branchMap":{},"s":{"0":0,"1":0,"2":0,"3":0,"4":0,"5":0,"6":0,"7":0,"8":0,"9":0,"10":0,"11":0},"f":{},"b":{}}
,"/home/guilherme/Documents/projects/app/src/components/delete-modal/index.tsx": {"path":"/home/guilherme/Documents/projects/app/src/components/delete-modal/index.tsx","statementMap":{"0":{"start":{"line":16,"column":4},"end":{"line":16,"column":23}},"1":{"start":{"line":19,"column":2},"end":{"line":45,"column":4}}},"fnMap":{"0":{"name":"DeleteModal","decl":{"start":{"line":14,"column":16},"end":{"line":14,"column":27}},"loc":{"start":{"line":14,"column":75},"end":{"line":46,"column":1}},"line":14},"1":{"name":"handleDelete","decl":{"start":{"line":15,"column":17},"end":{"line":15,"column":29}},"loc":{"start":{"line":15,"column":31},"end":{"line":17,"column":3}},"line":15}},"branchMap":{},"s":{"0":0,"1":0},"f":{"0":0,"1":0},"b":{}}
,"/home/guilherme/Documents/projects/app/src/components/delete-modal/styles.ts": {"path":"/home/guilherme/Documents/projects/app/src/components/delete-modal/styles.ts","statementMap":{"0":{"start":{"line":4,"column":23},"end":{"line":10,"column":1}},"1":{"start":{"line":12,"column":25},"end":{"line":20,"column":1}},"2":{"start":{"line":22,"column":25},"end":{"line":26,"column":1}}},"fnMap":{},"branchMap":{},"s":{"0":0,"1":0,"2":0},"f":{},"b":{}}
,"/home/guilherme/Documents/projects/app/src/components/delete-product-modal/index.tsx": {"path":"/home/guilherme/Documents/projects/app/src/components/delete-product-modal/index.tsx","statementMap":{"0":{"start":{"line":16,"column":4},"end":{"line":16,"column":23}},"1":{"start":{"line":19,"column":2},"end":{"line":45,"column":4}}},"fnMap":{"0":{"name":"DeleteProductModal","decl":{"start":{"line":14,"column":16},"end":{"line":14,"column":34}},"loc":{"start":{"line":14,"column":82},"end":{"line":46,"column":1}},"line":14},"1":{"name":"handleDelete","decl":{"start":{"line":15,"column":17},"end":{"line":15,"column":29}},"loc":{"start":{"line":15,"column":31},"end":{"line":17,"column":3}},"line":15}},"branchMap":{},"s":{"0":0,"1":0},"f":{"0":0,"1":0},"b":{}}
,"/home/guilherme/Documents/projects/app/src/components/delete-product-modal/styles.ts": {"path":"/home/guilherme/Documents/projects/app/src/components/delete-product-modal/styles.ts","statementMap":{"0":{"start":{"line":4,"column":23},"end":{"line":10,"column":1}},"1":{"start":{"line":12,"column":25},"end":{"line":20,"column":1}},"2":{"start":{"line":22,"column":25},"end":{"line":26,"column":1}}},"fnMap":{},"branchMap":{},"s":{"0":0,"1":0,"2":0},"f":{},"b":{}}
,"/home/guilherme/Documents/projects/app/src/components/products-list/index.tsx": {"path":"/home/guilherme/Documents/projects/app/src/components/products-list/index.tsx","statementMap":{"0":{"start":{"line":14,"column":2},"end":{"line":35,"column":4}},"1":{"start":{"line":17,"column":28},"end":{"line":17,"column":35}},"2":{"start":{"line":20,"column":8},"end":{"line":32,"column":27}},"3":{"start":{"line":28,"column":27},"end":{"line":28,"column":45}}},"fnMap":{"0":{"name":"ProductList","decl":{"start":{"line":13,"column":16},"end":{"line":13,"column":27}},"loc":{"start":{"line":13,"column":68},"end":{"line":36,"column":1}},"line":13},"1":{"name":"(anonymous_1)","decl":{"start":{"line":17,"column":20},"end":{"line":17,"column":21}},"loc":{"start":{"line":17,"column":28},"end":{"line":17,"column":35}},"line":17},"2":{"name":"(anonymous_2)","decl":{"start":{"line":19,"column":18},"end":{"line":19,"column":19}},"loc":{"start":{"line":20,"column":8},"end":{"line":32,"column":27}},"line":20},"3":{"name":"(anonymous_3)","decl":{"start":{"line":28,"column":21},"end":{"line":28,"column":22}},"loc":{"start":{"line":28,"column":27},"end":{"line":28,"column":45}},"line":28}},"branchMap":{"0":{"loc":{"start":{"line":21,"column":11},"end":{"line":21,"column":81}},"type":"cond-expr","locations":[{"start":{"line":21,"column":31},"end":{"line":21,"column":74}},{"start":{"line":21,"column":77},"end":{"line":21,"column":81}}],"line":21}},"s":{"0":0,"1":0,"2":0,"3":0},"f":{"0":0,"1":0,"2":0,"3":0},"b":{"0":[0,0]}}
,"/home/guilherme/Documents/projects/app/src/components/products-list/styles.ts": {"path":"/home/guilherme/Documents/projects/app/src/components/products-list/styles.ts","statementMap":{"0":{"start":{"line":3,"column":32},"end":{"line":13,"column":1}},"1":{"start":{"line":15,"column":29},"end":{"line":19,"column":1}},"2":{"start":{"line":21,"column":31},"end":{"line":25,"column":1}},"3":{"start":{"line":27,"column":25},"end":{"line":30,"column":1}},"4":{"start":{"line":32,"column":21},"end":{"line":36,"column":1}}},"fnMap":{},"branchMap":{},"s":{"0":0,"1":0,"2":0,"3":0,"4":0},"f":{},"b":{}}
,"/home/guilherme/Documents/projects/app/src/components/range-hour-modal/index.tsx": {"path":"/home/guilherme/Documents/projects/app/src/components/range-hour-modal/index.tsx","statementMap":{"0":{"start":{"line":21,"column":36},"end":{"line":21,"column":50}},"1":{"start":{"line":22,"column":42},"end":{"line":22,"column":56}},"2":{"start":{"line":23,"column":38},"end":{"line":23,"column":52}},"3":{"start":{"line":24,"column":44},"end":{"line":24,"column":58}},"4":{"start":{"line":25,"column":28},"end":{"line":25,"column":40}},"5":{"start":{"line":28,"column":15},"end":{"line":28,"column":141}},"6":{"start":{"line":29,"column":14},"end":{"line":29,"column":38}},"7":{"start":{"line":32,"column":4},"end":{"line":35,"column":5}},"8":{"start":{"line":33,"column":6},"end":{"line":33,"column":39}},"9":{"start":{"line":34,"column":6},"end":{"line":34,"column":13}},"10":{"start":{"line":36,"column":4},"end":{"line":39,"column":5}},"11":{"start":{"line":37,"column":6},"end":{"line":37,"column":70}},"12":{"start":{"line":38,"column":6},"end":{"line":38,"column":13}},"13":{"start":{"line":40,"column":4},"end":{"line":43,"column":5}},"14":{"start":{"line":41,"column":6},"end":{"line":41,"column":70}},"15":{"start":{"line":42,"column":6},"end":{"line":42,"column":13}},"16":{"start":{"line":44,"column":4},"end":{"line":47,"column":5}},"17":{"start":{"line":45,"column":6},"end":{"line":45,"column":31}},"18":{"start":{"line":46,"column":6},"end":{"line":46,"column":13}},"19":{"start":{"line":49,"column":32},"end":{"line":58,"column":5}},"20":{"start":{"line":60,"column":4},"end":{"line":62,"column":5}},"21":{"start":{"line":61,"column":6},"end":{"line":61,"column":23}},"22":{"start":{"line":63,"column":4},"end":{"line":65,"column":5}},"23":{"start":{"line":64,"column":6},"end":{"line":64,"column":25}},"24":{"start":{"line":67,"column":4},"end":{"line":67,"column":23}},"25":{"start":{"line":68,"column":4},"end":{"line":68,"column":24}},"26":{"start":{"line":69,"column":4},"end":{"line":69,"column":26}},"27":{"start":{"line":70,"column":4},"end":{"line":70,"column":27}},"28":{"start":{"line":71,"column":4},"end":{"line":71,"column":17}},"29":{"start":{"line":75,"column":2},"end":{"line":143,"column":4}},"30":{"start":{"line":90,"column":35},"end":{"line":90,"column":51}},"31":{"start":{"line":93,"column":16},"end":{"line":93,"column":61}},"32":{"start":{"line":101,"column":36},"end":{"line":101,"column":56}},"33":{"start":{"line":104,"column":16},"end":{"line":104,"column":64}},"34":{"start":{"line":115,"column":35},"end":{"line":115,"column":52}},"35":{"start":{"line":118,"column":16},"end":{"line":118,"column":61}},"36":{"start":{"line":126,"column":36},"end":{"line":126,"column":57}},"37":{"start":{"line":129,"column":16},"end":{"line":129,"column":64}},"38":{"start":{"line":146,"column":15},"end":{"line":155,"column":2}}},"fnMap":{"0":{"name":"RangeModal","decl":{"start":{"line":20,"column":16},"end":{"line":20,"column":26}},"loc":{"start":{"line":20,"column":101},"end":{"line":144,"column":1}},"line":20},"1":{"name":"handleConfirm","decl":{"start":{"line":31,"column":11},"end":{"line":31,"column":24}},"loc":{"start":{"line":31,"column":26},"end":{"line":72,"column":3}},"line":31},"2":{"name":"(anonymous_2)","decl":{"start":{"line":90,"column":29},"end":{"line":90,"column":30}},"loc":{"start":{"line":90,"column":35},"end":{"line":90,"column":51}},"line":90},"3":{"name":"(anonymous_3)","decl":{"start":{"line":92,"column":24},"end":{"line":92,"column":25}},"loc":{"start":{"line":93,"column":16},"end":{"line":93,"column":61}},"line":93},"4":{"name":"(anonymous_4)","decl":{"start":{"line":101,"column":29},"end":{"line":101,"column":30}},"loc":{"start":{"line":101,"column":36},"end":{"line":101,"column":56}},"line":101},"5":{"name":"(anonymous_5)","decl":{"start":{"line":103,"column":23},"end":{"line":103,"column":24}},"loc":{"start":{"line":104,"column":16},"end":{"line":104,"column":64}},"line":104},"6":{"name":"(anonymous_6)","decl":{"start":{"line":115,"column":29},"end":{"line":115,"column":30}},"loc":{"start":{"line":115,"column":35},"end":{"line":115,"column":52}},"line":115},"7":{"name":"(anonymous_7)","decl":{"start":{"line":117,"column":24},"end":{"line":117,"column":25}},"loc":{"start":{"line":118,"column":16},"end":{"line":118,"column":61}},"line":118},"8":{"name":"(anonymous_8)","decl":{"start":{"line":126,"column":29},"end":{"line":126,"column":30}},"loc":{"start":{"line":126,"column":36},"end":{"line":126,"column":57}},"line":126},"9":{"name":"(anonymous_9)","decl":{"start":{"line":128,"column":23},"end":{"line":128,"column":24}},"loc":{"start":{"line":129,"column":16},"end":{"line":129,"column":64}},"line":129}},"branchMap":{"0":{"loc":{"start":{"line":32,"column":4},"end":{"line":35,"column":5}},"type":"if","locations":[{"start":{"line":32,"column":4},"end":{"line":35,"column":5}},{"start":{},"end":{}}],"line":32},"1":{"loc":{"start":{"line":32,"column":7},"end":{"line":32,"column":48}},"type":"binary-expr","locations":[{"start":{"line":32,"column":7},"end":{"line":32,"column":25}},{"start":{"line":32,"column":29},"end":{"line":32,"column":48}}],"line":32},"2":{"loc":{"start":{"line":36,"column":4},"end":{"line":39,"column":5}},"type":"if","locations":[{"start":{"line":36,"column":4},"end":{"line":39,"column":5}},{"start":{},"end":{}}],"line":36},"3":{"loc":{"start":{"line":40,"column":4},"end":{"line":43,"column":5}},"type":"if","locations":[{"start":{"line":40,"column":4},"end":{"line":43,"column":5}},{"start":{},"end":{}}],"line":40},"4":{"loc":{"start":{"line":40,"column":7},"end":{"line":40,"column":83}},"type":"binary-expr","locations":[{"start":{"line":40,"column":7},"end":{"line":40,"column":31}},{"start":{"line":40,"column":35},"end":{"line":40,"column":83}}],"line":40},"5":{"loc":{"start":{"line":44,"column":4},"end":{"line":47,"column":5}},"type":"if","locations":[{"start":{"line":44,"column":4},"end":{"line":47,"column":5}},{"start":{},"end":{}}],"line":44},"6":{"loc":{"start":{"line":44,"column":7},"end":{"line":44,"column":65}},"type":"binary-expr","locations":[{"start":{"line":44,"column":7},"end":{"line":44,"column":31}},{"start":{"line":44,"column":35},"end":{"line":44,"column":65}}],"line":44},"7":{"loc":{"start":{"line":60,"column":4},"end":{"line":62,"column":5}},"type":"if","locations":[{"start":{"line":60,"column":4},"end":{"line":62,"column":5}},{"start":{},"end":{}}],"line":60},"8":{"loc":{"start":{"line":63,"column":4},"end":{"line":65,"column":5}},"type":"if","locations":[{"start":{"line":63,"column":4},"end":{"line":65,"column":5}},{"start":{},"end":{}}],"line":63},"9":{"loc":{"start":{"line":82,"column":11},"end":{"line":82,"column":84}},"type":"binary-expr","locations":[{"start":{"line":82,"column":11},"end":{"line":82,"column":16}},{"start":{"line":82,"column":21},"end":{"line":82,"column":83}}],"line":82}},"s":{"0":0,"1":0,"2":0,"3":0,"4":0,"5":0,"6":0,"7":0,"8":0,"9":0,"10":0,"11":0,"12":0,"13":0,"14":0,"15":0,"16":0,"17":0,"18":0,"19":0,"20":0,"21":0,"22":0,"23":0,"24":0,"25":0,"26":0,"27":0,"28":0,"29":0,"30":0,"31":0,"32":0,"33":0,"34":0,"35":0,"36":0,"37":0,"38":0},"f":{"0":0,"1":0,"2":0,"3":0,"4":0,"5":0,"6":0,"7":0,"8":0,"9":0},"b":{"0":[0,0],"1":[0,0],"2":[0,0],"3":[0,0],"4":[0,0],"5":[0,0],"6":[0,0],"7":[0,0],"8":[0,0],"9":[0,0]}}
,"/home/guilherme/Documents/projects/app/src/components/range-hour-modal/styles.ts": {"path":"/home/guilherme/Documents/projects/app/src/components/range-hour-modal/styles.ts","statementMap":{"0":{"start":{"line":3,"column":23},"end":{"line":9,"column":1}},"1":{"start":{"line":11,"column":25},"end":{"line":19,"column":1}},"2":{"start":{"line":21,"column":25},"end":{"line":25,"column":1}},"3":{"start":{"line":27,"column":26},"end":{"line":31,"column":1}}},"fnMap":{},"branchMap":{},"s":{"0":0,"1":0,"2":0,"3":0},"f":{},"b":{}}
,"/home/guilherme/Documents/projects/app/src/components/schedule-list-modal/index.tsx": {"path":"/home/guilherme/Documents/projects/app/src/components/schedule-list-modal/index.tsx","statementMap":{"0":{"start":{"line":25,"column":36},"end":{"line":25,"column":84}},"1":{"start":{"line":27,"column":2},"end":{"line":57,"column":24}},"2":{"start":{"line":28,"column":40},"end":{"line":28,"column":42}},"3":{"start":{"line":29,"column":17},"end":{"line":29,"column":27}},"4":{"start":{"line":32,"column":4},"end":{"line":36,"column":5}},"5":{"start":{"line":33,"column":6},"end":{"line":33,"column":93}},"6":{"start":{"line":35,"column":6},"end":{"line":35,"column":119}},"7":{"start":{"line":38,"column":24},"end":{"line":55,"column":40}},"8":{"start":{"line":39,"column":6},"end":{"line":41,"column":7}},"9":{"start":{"line":40,"column":8},"end":{"line":40,"column":15}},"10":{"start":{"line":42,"column":6},"end":{"line":53,"column":9}},"11":{"start":{"line":43,"column":21},"end":{"line":43,"column":31}},"12":{"start":{"line":44,"column":21},"end":{"line":51,"column":9}},"13":{"start":{"line":52,"column":8},"end":{"line":52,"column":31}},"14":{"start":{"line":54,"column":6},"end":{"line":54,"column":32}},"15":{"start":{"line":55,"column":19},"end":{"line":55,"column":38}},"16":{"start":{"line":56,"column":4},"end":{"line":56,"column":31}},"17":{"start":{"line":56,"column":17},"end":{"line":56,"column":30}},"18":{"start":{"line":59,"column":2},"end":{"line":109,"column":4}},"19":{"start":{"line":75,"column":40},"end":{"line":75,"column":58}},"20":{"start":{"line":78,"column":36},"end":{"line":78,"column":49}},"21":{"start":{"line":79,"column":31},"end":{"line":79,"column":55}},"22":{"start":{"line":80,"column":51},"end":{"line":80,"column":90}},"23":{"start":{"line":81,"column":42},"end":{"line":81,"column":61}},"24":{"start":{"line":82,"column":18},"end":{"line":101,"column":20}},"25":{"start":{"line":86,"column":26},"end":{"line":88,"column":28}}},"fnMap":{"0":{"name":"ScheduleListModal","decl":{"start":{"line":24,"column":16},"end":{"line":24,"column":33}},"loc":{"start":{"line":24,"column":89},"end":{"line":110,"column":1}},"line":24},"1":{"name":"(anonymous_1)","decl":{"start":{"line":27,"column":12},"end":{"line":27,"column":13}},"loc":{"start":{"line":27,"column":18},"end":{"line":57,"column":3}},"line":27},"2":{"name":"(anonymous_2)","decl":{"start":{"line":38,"column":44},"end":{"line":38,"column":45}},"loc":{"start":{"line":38,"column":58},"end":{"line":55,"column":5}},"line":38},"3":{"name":"(anonymous_3)","decl":{"start":{"line":42,"column":23},"end":{"line":42,"column":24}},"loc":{"start":{"line":42,"column":32},"end":{"line":53,"column":7}},"line":42},"4":{"name":"(anonymous_4)","decl":{"start":{"line":55,"column":7},"end":{"line":55,"column":8}},"loc":{"start":{"line":55,"column":18},"end":{"line":55,"column":39}},"line":55},"5":{"name":"(anonymous_5)","decl":{"start":{"line":56,"column":11},"end":{"line":56,"column":12}},"loc":{"start":{"line":56,"column":17},"end":{"line":56,"column":30}},"line":56},"6":{"name":"(anonymous_6)","decl":{"start":{"line":75,"column":30},"end":{"line":75,"column":31}},"loc":{"start":{"line":75,"column":40},"end":{"line":75,"column":58}},"line":75},"7":{"name":"(anonymous_7)","decl":{"start":{"line":77,"column":28},"end":{"line":77,"column":29}},"loc":{"start":{"line":77,"column":50},"end":{"line":101,"column":21}},"line":77},"8":{"name":"(anonymous_8)","decl":{"start":{"line":85,"column":47},"end":{"line":85,"column":48}},"loc":{"start":{"line":85,"column":63},"end":{"line":88,"column":29}},"line":85}},"branchMap":{"0":{"loc":{"start":{"line":32,"column":4},"end":{"line":36,"column":5}},"type":"if","locations":[{"start":{"line":32,"column":4},"end":{"line":36,"column":5}},{"start":{"line":34,"column":9},"end":{"line":36,"column":5}}],"line":32},"1":{"loc":{"start":{"line":39,"column":6},"end":{"line":41,"column":7}},"type":"if","locations":[{"start":{"line":39,"column":6},"end":{"line":41,"column":7}},{"start":{},"end":{}}],"line":39},"2":{"loc":{"start":{"line":69,"column":11},"end":{"line":104,"column":13}},"type":"cond-expr","locations":[{"start":{"line":69,"column":34},"end":{"line":69,"column":76}},{"start":{"line":71,"column":14},"end":{"line":102,"column":16}}],"line":69}},"s":{"0":0,"1":0,"2":0,"3":0,"4":0,"5":0,"6":0,"7":0,"8":0,"9":0,"10":0,"11":0,"12":0,"13":0,"14":0,"15":0,"16":0,"17":0,"18":0,"19":0,"20":0,"21":0,"22":0,"23":0,"24":0,"25":0},"f":{"0":0,"1":0,"2":0,"3":0,"4":0,"5":0,"6":0,"7":0,"8":0},"b":{"0":[0,0],"1":[0,0],"2":[0,0]}}
,"/home/guilherme/Documents/projects/app/src/components/schedule-list-modal/styles.ts": {"path":"/home/guilherme/Documents/projects/app/src/components/schedule-list-modal/styles.ts","statementMap":{"0":{"start":{"line":3,"column":23},"end":{"line":9,"column":1}},"1":{"start":{"line":11,"column":25},"end":{"line":18,"column":1}},"2":{"start":{"line":20,"column":27},"end":{"line":20,"column":52}},"3":{"start":{"line":23,"column":28},"end":{"line":31,"column":1}},"4":{"start":{"line":33,"column":28},"end":{"line":38,"column":1}},"5":{"start":{"line":40,"column":29},"end":{"line":42,"column":3}},"6":{"start":{"line":44,"column":30},"end":{"line":46,"column":1}},"7":{"start":{"line":48,"column":29},"end":{"line":51,"column":1}},"8":{"start":{"line":53,"column":25},"end":{"line":57,"column":1}},"9":{"start":{"line":59,"column":26},"end":{"line":63,"column":1}}},"fnMap":{},"branchMap":{},"s":{"0":0,"1":0,"2":0,"3":0,"4":0,"5":0,"6":0,"7":0,"8":0,"9":0},"f":{},"b":{}}
,"/home/guilherme/Documents/projects/app/src/components/schedule-modal/index.tsx": {"path":"/home/guilherme/Documents/projects/app/src/components/schedule-modal/index.tsx","statementMap":{"0":{"start":{"line":19,"column":36},"end":{"line":19,"column":60}},"1":{"start":{"line":20,"column":34},"end":{"line":20,"column":59}},"2":{"start":{"line":23,"column":4},"end":{"line":23,"column":25}},"3":{"start":{"line":24,"column":4},"end":{"line":24,"column":14}},"4":{"start":{"line":27,"column":18},"end":{"line":40,"column":3}},"5":{"start":{"line":28,"column":4},"end":{"line":28,"column":23}},"6":{"start":{"line":29,"column":16},"end":{"line":29,"column":34}},"7":{"start":{"line":30,"column":20},"end":{"line":30,"column":56}},"8":{"start":{"line":31,"column":21},"end":{"line":31,"column":42}},"9":{"start":{"line":32,"column":18},"end":{"line":32,"column":33}},"10":{"start":{"line":33,"column":17},"end":{"line":33,"column":34}},"11":{"start":{"line":34,"column":4},"end":{"line":36,"column":7}},"12":{"start":{"line":35,"column":6},"end":{"line":35,"column":72}},"13":{"start":{"line":38,"column":4},"end":{"line":38,"column":22}},"14":{"start":{"line":39,"column":4},"end":{"line":39,"column":24}},"15":{"start":{"line":42,"column":2},"end":{"line":44,"column":8}},"16":{"start":{"line":43,"column":4},"end":{"line":43,"column":14}},"17":{"start":{"line":47,"column":2},"end":{"line":69,"column":4}},"18":{"start":{"line":60,"column":42},"end":{"line":60,"column":61}}},"fnMap":{"0":{"name":"ScheduleModal","decl":{"start":{"line":18,"column":16},"end":{"line":18,"column":29}},"loc":{"start":{"line":18,"column":82},"end":{"line":70,"column":1}},"line":18},"1":{"name":"handleDayPress","decl":{"start":{"line":22,"column":11},"end":{"line":22,"column":25}},"loc":{"start":{"line":22,"column":38},"end":{"line":25,"column":3}},"line":22},"2":{"name":"(anonymous_2)","decl":{"start":{"line":27,"column":18},"end":{"line":27,"column":19}},"loc":{"start":{"line":27,"column":30},"end":{"line":40,"column":3}},"line":27},"3":{"name":"(anonymous_3)","decl":{"start":{"line":34,"column":20},"end":{"line":34,"column":21}},"loc":{"start":{"line":35,"column":6},"end":{"line":35,"column":72}},"line":35},"4":{"name":"(anonymous_4)","decl":{"start":{"line":42,"column":12},"end":{"line":42,"column":13}},"loc":{"start":{"line":42,"column":18},"end":{"line":44,"column":3}},"line":42},"5":{"name":"(anonymous_5)","decl":{"start":{"line":60,"column":31},"end":{"line":60,"column":32}},"loc":{"start":{"line":60,"column":42},"end":{"line":60,"column":61}},"line":60}},"branchMap":{"0":{"loc":{"start":{"line":58,"column":11},"end":{"line":65,"column":11}},"type":"cond-expr","locations":[{"start":{"line":58,"column":23},"end":{"line":58,"column":72}},{"start":{"line":59,"column":12},"end":{"line":64,"column":14}}],"line":58}},"s":{"0":0,"1":0,"2":0,"3":0,"4":0,"5":0,"6":0,"7":0,"8":0,"9":0,"10":0,"11":0,"12":0,"13":0,"14":0,"15":0,"16":0,"17":0,"18":0},"f":{"0":0,"1":0,"2":0,"3":0,"4":0,"5":0},"b":{"0":[0,0]}}
,"/home/guilherme/Documents/projects/app/src/components/schedule-modal/styles.ts": {"path":"/home/guilherme/Documents/projects/app/src/components/schedule-modal/styles.ts","statementMap":{"0":{"start":{"line":4,"column":23},"end":{"line":10,"column":1}},"1":{"start":{"line":12,"column":25},"end":{"line":20,"column":1}},"2":{"start":{"line":22,"column":22},"end":{"line":28,"column":1}},"3":{"start":{"line":30,"column":26},"end":{"line":33,"column":1}}},"fnMap":{},"branchMap":{},"s":{"0":0,"1":0,"2":0,"3":0},"f":{},"b":{}}
,"/home/guilherme/Documents/projects/app/src/components/secondary-button/index.tsx": {"path":"/home/guilherme/Documents/projects/app/src/components/secondary-button/index.tsx","statementMap":{"0":{"start":{"line":11,"column":2},"end":{"line":18,"column":4}}},"fnMap":{"0":{"name":"SecondaryButton","decl":{"start":{"line":10,"column":16},"end":{"line":10,"column":31}},"loc":{"start":{"line":10,"column":75},"end":{"line":19,"column":1}},"line":10}},"branchMap":{},"s":{"0":0},"f":{"0":0},"b":{}}
,"/home/guilherme/Documents/projects/app/src/components/secondary-button/styles.ts": {"path":"/home/guilherme/Documents/projects/app/src/components/secondary-button/styles.ts","statementMap":{"0":{"start":{"line":3,"column":25},"end":{"line":9,"column":1}},"1":{"start":{"line":4,"column":38},"end":{"line":4,"column":66}}},"fnMap":{"0":{"name":"(anonymous_0)","decl":{"start":{"line":4,"column":22},"end":{"line":4,"column":23}},"loc":{"start":{"line":4,"column":38},"end":{"line":4,"column":66}},"line":4}},"branchMap":{"0":{"loc":{"start":{"line":4,"column":38},"end":{"line":4,"column":66}},"type":"cond-expr","locations":[{"start":{"line":4,"column":48},"end":{"line":4,"column":54}},{"start":{"line":4,"column":57},"end":{"line":4,"column":66}}],"line":4}},"s":{"0":0,"1":0},"f":{"0":0},"b":{"0":[0,0]}}
,"/home/guilherme/Documents/projects/app/src/components/select-hour-modal/index.tsx": {"path":"/home/guilherme/Documents/projects/app/src/components/select-hour-modal/index.tsx","statementMap":{"0":{"start":{"line":26,"column":36},"end":{"line":26,"column":60}},"1":{"start":{"line":27,"column":46},"end":{"line":27,"column":108}},"2":{"start":{"line":29,"column":27},"end":{"line":32,"column":3}},"3":{"start":{"line":30,"column":4},"end":{"line":30,"column":25}},"4":{"start":{"line":31,"column":4},"end":{"line":31,"column":14}},"5":{"start":{"line":35,"column":2},"end":{"line":63,"column":11}},"6":{"start":{"line":36,"column":53},"end":{"line":36,"column":78}},"7":{"start":{"line":37,"column":20},"end":{"line":60,"column":5}},"8":{"start":{"line":38,"column":6},"end":{"line":40,"column":7}},"9":{"start":{"line":39,"column":8},"end":{"line":39,"column":15}},"10":{"start":{"line":41,"column":6},"end":{"line":41,"column":25}},"11":{"start":{"line":42,"column":25},"end":{"line":42,"column":52}},"12":{"start":{"line":43,"column":21},"end":{"line":43,"column":60}},"13":{"start":{"line":44,"column":23},"end":{"line":44,"column":43}},"14":{"start":{"line":45,"column":6},"end":{"line":57,"column":7}},"15":{"start":{"line":46,"column":21},"end":{"line":46,"column":36}},"16":{"start":{"line":47,"column":22},"end":{"line":47,"column":32}},"17":{"start":{"line":48,"column":8},"end":{"line":56,"column":11}},"18":{"start":{"line":49,"column":28},"end":{"line":49,"column":40}},"19":{"start":{"line":50,"column":23},"end":{"line":53,"column":11}},"20":{"start":{"line":54,"column":10},"end":{"line":54,"column":34}},"21":{"start":{"line":58,"column":6},"end":{"line":58,"column":38}},"22":{"start":{"line":59,"column":6},"end":{"line":59,"column":26}},"23":{"start":{"line":62,"column":4},"end":{"line":62,"column":14}},"24":{"start":{"line":65,"column":2},"end":{"line":106,"column":4}},"25":{"start":{"line":76,"column":16},"end":{"line":76,"column":26}},"26":{"start":{"line":92,"column":40},"end":{"line":92,"column":42}},"27":{"start":{"line":93,"column":20},"end":{"line":95,"column":22}},"28":{"start":{"line":111,"column":15},"end":{"line":120,"column":2}}},"fnMap":{"0":{"name":"SelectHourModal","decl":{"start":{"line":25,"column":16},"end":{"line":25,"column":31}},"loc":{"start":{"line":25,"column":81},"end":{"line":107,"column":1}},"line":25},"1":{"name":"(anonymous_1)","decl":{"start":{"line":29,"column":27},"end":{"line":29,"column":28}},"loc":{"start":{"line":29,"column":69},"end":{"line":32,"column":3}},"line":29},"2":{"name":"(anonymous_2)","decl":{"start":{"line":35,"column":12},"end":{"line":35,"column":13}},"loc":{"start":{"line":35,"column":18},"end":{"line":63,"column":3}},"line":35},"3":{"name":"(anonymous_3)","decl":{"start":{"line":37,"column":20},"end":{"line":37,"column":21}},"loc":{"start":{"line":37,"column":32},"end":{"line":60,"column":5}},"line":37},"4":{"name":"(anonymous_4)","decl":{"start":{"line":48,"column":22},"end":{"line":48,"column":23}},"loc":{"start":{"line":48,"column":37},"end":{"line":56,"column":9}},"line":48},"5":{"name":"(anonymous_5)","decl":{"start":{"line":75,"column":23},"end":{"line":75,"column":24}},"loc":{"start":{"line":75,"column":29},"end":{"line":77,"column":15}},"line":75},"6":{"name":"(anonymous_6)","decl":{"start":{"line":91,"column":37},"end":{"line":91,"column":38}},"loc":{"start":{"line":91,"column":45},"end":{"line":96,"column":19}},"line":91}},"branchMap":{"0":{"loc":{"start":{"line":38,"column":6},"end":{"line":40,"column":7}},"type":"if","locations":[{"start":{"line":38,"column":6},"end":{"line":40,"column":7}},{"start":{},"end":{}}],"line":38},"1":{"loc":{"start":{"line":45,"column":6},"end":{"line":57,"column":7}},"type":"if","locations":[{"start":{"line":45,"column":6},"end":{"line":57,"column":7}},{"start":{},"end":{}}],"line":45},"2":{"loc":{"start":{"line":81,"column":11},"end":{"line":102,"column":11}},"type":"cond-expr","locations":[{"start":{"line":81,"column":23},"end":{"line":81,"column":72}},{"start":{"line":82,"column":12},"end":{"line":101,"column":24}}],"line":81},"3":{"loc":{"start":{"line":90,"column":17},"end":{"line":97,"column":17}},"type":"binary-expr","locations":[{"start":{"line":90,"column":17},"end":{"line":90,"column":42}},{"start":{"line":91,"column":18},"end":{"line":96,"column":20}}],"line":90}},"s":{"0":0,"1":0,"2":0,"3":0,"4":0,"5":0,"6":0,"7":0,"8":0,"9":0,"10":0,"11":0,"12":0,"13":0,"14":0,"15":0,"16":0,"17":0,"18":0,"19":0,"20":0,"21":0,"22":0,"23":0,"24":0,"25":0,"26":0,"27":0,"28":0},"f":{"0":0,"1":0,"2":0,"3":0,"4":0,"5":0,"6":0},"b":{"0":[0,0],"1":[0,0],"2":[0,0],"3":[0,0]}}
,"/home/guilherme/Documents/projects/app/src/components/select-hour-modal/styles.ts": {"path":"/home/guilherme/Documents/projects/app/src/components/select-hour-modal/styles.ts","statementMap":{"0":{"start":{"line":4,"column":23},"end":{"line":10,"column":1}},"1":{"start":{"line":12,"column":25},"end":{"line":20,"column":1}},"2":{"start":{"line":22,"column":22},"end":{"line":28,"column":1}},"3":{"start":{"line":30,"column":26},"end":{"line":33,"column":1}},"4":{"start":{"line":35,"column":25},"end":{"line":40,"column":1}}},"fnMap":{},"branchMap":{},"s":{"0":0,"1":0,"2":0,"3":0,"4":0},"f":{},"b":{}}
,"/home/guilherme/Documents/projects/app/src/components/services-list/index.tsx": {"path":"/home/guilherme/Documents/projects/app/src/components/services-list/index.tsx","statementMap":{"0":{"start":{"line":14,"column":2},"end":{"line":35,"column":4}},"1":{"start":{"line":17,"column":28},"end":{"line":17,"column":35}},"2":{"start":{"line":20,"column":8},"end":{"line":32,"column":27}},"3":{"start":{"line":28,"column":27},"end":{"line":28,"column":45}}},"fnMap":{"0":{"name":"ServiceList","decl":{"start":{"line":13,"column":16},"end":{"line":13,"column":27}},"loc":{"start":{"line":13,"column":68},"end":{"line":36,"column":1}},"line":13},"1":{"name":"(anonymous_1)","decl":{"start":{"line":17,"column":20},"end":{"line":17,"column":21}},"loc":{"start":{"line":17,"column":28},"end":{"line":17,"column":35}},"line":17},"2":{"name":"(anonymous_2)","decl":{"start":{"line":19,"column":18},"end":{"line":19,"column":19}},"loc":{"start":{"line":20,"column":8},"end":{"line":32,"column":27}},"line":20},"3":{"name":"(anonymous_3)","decl":{"start":{"line":28,"column":21},"end":{"line":28,"column":22}},"loc":{"start":{"line":28,"column":27},"end":{"line":28,"column":45}},"line":28}},"branchMap":{"0":{"loc":{"start":{"line":21,"column":11},"end":{"line":21,"column":81}},"type":"cond-expr","locations":[{"start":{"line":21,"column":31},"end":{"line":21,"column":74}},{"start":{"line":21,"column":77},"end":{"line":21,"column":81}}],"line":21}},"s":{"0":0,"1":0,"2":0,"3":0},"f":{"0":0,"1":0,"2":0,"3":0},"b":{"0":[0,0]}}
,"/home/guilherme/Documents/projects/app/src/components/services-list/styles.ts": {"path":"/home/guilherme/Documents/projects/app/src/components/services-list/styles.ts","statementMap":{"0":{"start":{"line":3,"column":32},"end":{"line":12,"column":1}},"1":{"start":{"line":14,"column":29},"end":{"line":19,"column":1}},"2":{"start":{"line":21,"column":31},"end":{"line":25,"column":1}},"3":{"start":{"line":27,"column":25},"end":{"line":30,"column":1}},"4":{"start":{"line":32,"column":21},"end":{"line":36,"column":1}}},"fnMap":{},"branchMap":{},"s":{"0":0,"1":0,"2":0,"3":0,"4":0},"f":{},"b":{}}
,"/home/guilherme/Documents/projects/app/src/context/auth-context.tsx": {"path":"/home/guilherme/Documents/projects/app/src/context/auth-context.tsx","statementMap":{"0":{"start":{"line":23,"column":20},"end":{"line":23,"column":56}},"1":{"start":{"line":26,"column":26},"end":{"line":26,"column":57}},"2":{"start":{"line":28,"column":37},"end":{"line":39,"column":8}},"3":{"start":{"line":29,"column":19},"end":{"line":29,"column":50}},"4":{"start":{"line":31,"column":22},"end":{"line":31,"column":45}},"5":{"start":{"line":33,"column":4},"end":{"line":38,"column":7}},"6":{"start":{"line":41,"column":24},"end":{"line":50,"column":8}},"7":{"start":{"line":42,"column":19},"end":{"line":42,"column":54}},"8":{"start":{"line":44,"column":4},"end":{"line":49,"column":7}},"9":{"start":{"line":52,"column":18},"end":{"line":52,"column":56}},"10":{"start":{"line":52,"column":37},"end":{"line":52,"column":51}},"11":{"start":{"line":54,"column":2},"end":{"line":58,"column":4}},"12":{"start":{"line":63,"column":18},"end":{"line":63,"column":41}},"13":{"start":{"line":64,"column":2},"end":{"line":66,"column":3}},"14":{"start":{"line":65,"column":4},"end":{"line":65,"column":78}},"15":{"start":{"line":68,"column":2},"end":{"line":68,"column":17}}},"fnMap":{"0":{"name":"AuthContextProvider","decl":{"start":{"line":25,"column":16},"end":{"line":25,"column":35}},"loc":{"start":{"line":25,"column":73},"end":{"line":59,"column":1}},"line":25},"1":{"name":"(anonymous_1)","decl":{"start":{"line":28,"column":50},"end":{"line":28,"column":51}},"loc":{"start":{"line":28,"column":92},"end":{"line":39,"column":3}},"line":28},"2":{"name":"(anonymous_2)","decl":{"start":{"line":41,"column":36},"end":{"line":41,"column":37}},"loc":{"start":{"line":41,"column":78},"end":{"line":50,"column":3}},"line":41},"3":{"name":"(anonymous_3)","decl":{"start":{"line":52,"column":30},"end":{"line":52,"column":31}},"loc":{"start":{"line":52,"column":36},"end":{"line":52,"column":52}},"line":52},"4":{"name":"useAuth","decl":{"start":{"line":62,"column":16},"end":{"line":62,"column":23}},"loc":{"start":{"line":62,"column":25},"end":{"line":69,"column":1}},"line":62}},"branchMap":{"0":{"loc":{"start":{"line":64,"column":2},"end":{"line":66,"column":3}},"type":"if","locations":[{"start":{"line":64,"column":2},"end":{"line":66,"column":3}},{"start":{},"end":{}}],"line":64}},"s":{"0":0,"1":0,"2":0,"3":0,"4":0,"5":0,"6":0,"7":0,"8":0,"9":0,"10":0,"11":0,"12":0,"13":0,"14":0,"15":0},"f":{"0":0,"1":0,"2":0,"3":0,"4":0},"b":{"0":[0,0]}}
,"/home/guilherme/Documents/projects/app/src/hooks/useServices.tsx": {"path":"/home/guilherme/Documents/projects/app/src/hooks/useServices.tsx","statementMap":{},"fnMap":{},"branchMap":{},"s":{},"f":{},"b":{}}
,"/home/guilherme/Documents/projects/app/src/pages/admin/configurations-page/index.tsx": {"path":"/home/guilherme/Documents/projects/app/src/pages/admin/configurations-page/index.tsx","statementMap":{"0":{"start":{"line":45,"column":15},"end":{"line":45,"column":83}},"1":{"start":{"line":46,"column":51},"end":{"line":46,"column":66}},"2":{"start":{"line":47,"column":34},"end":{"line":47,"column":59}},"3":{"start":{"line":48,"column":36},"end":{"line":48,"column":60}},"4":{"start":{"line":49,"column":40},"end":{"line":49,"column":69}},"5":{"start":{"line":50,"column":44},"end":{"line":50,"column":73}},"6":{"start":{"line":51,"column":58},"end":{"line":51,"column":82}},"7":{"start":{"line":52,"column":46},"end":{"line":52,"column":58}},"8":{"start":{"line":53,"column":28},"end":{"line":53,"column":40}},"9":{"start":{"line":54,"column":48},"end":{"line":54,"column":60}},"10":{"start":{"line":57,"column":17},"end":{"line":57,"column":34}},"11":{"start":{"line":59,"column":17},"end":{"line":59,"column":37}},"12":{"start":{"line":60,"column":17},"end":{"line":60,"column":35}},"13":{"start":{"line":61,"column":18},"end":{"line":61,"column":36}},"14":{"start":{"line":62,"column":17},"end":{"line":62,"column":65}},"15":{"start":{"line":64,"column":18},"end":{"line":64,"column":29}},"16":{"start":{"line":65,"column":4},"end":{"line":69,"column":5}},"17":{"start":{"line":66,"column":6},"end":{"line":68,"column":7}},"18":{"start":{"line":67,"column":8},"end":{"line":67,"column":21}},"19":{"start":{"line":71,"column":4},"end":{"line":77,"column":5}},"20":{"start":{"line":71,"column":15},"end":{"line":71,"column":16}},"21":{"start":{"line":72,"column":19},"end":{"line":72,"column":52}},"22":{"start":{"line":73,"column":25},"end":{"line":73,"column":48}},"23":{"start":{"line":74,"column":6},"end":{"line":76,"column":7}},"24":{"start":{"line":75,"column":8},"end":{"line":75,"column":94}},"25":{"start":{"line":78,"column":4},"end":{"line":78,"column":40}},"26":{"start":{"line":81,"column":17},"end":{"line":81,"column":34}},"27":{"start":{"line":83,"column":17},"end":{"line":83,"column":37}},"28":{"start":{"line":84,"column":17},"end":{"line":84,"column":35}},"29":{"start":{"line":85,"column":18},"end":{"line":85,"column":36}},"30":{"start":{"line":86,"column":17},"end":{"line":86,"column":65}},"31":{"start":{"line":88,"column":18},"end":{"line":88,"column":29}},"32":{"start":{"line":89,"column":4},"end":{"line":93,"column":5}},"33":{"start":{"line":90,"column":6},"end":{"line":92,"column":7}},"34":{"start":{"line":91,"column":8},"end":{"line":91,"column":21}},"35":{"start":{"line":95,"column":4},"end":{"line":101,"column":5}},"36":{"start":{"line":95,"column":15},"end":{"line":95,"column":16}},"37":{"start":{"line":96,"column":19},"end":{"line":96,"column":52}},"38":{"start":{"line":97,"column":25},"end":{"line":97,"column":48}},"39":{"start":{"line":98,"column":6},"end":{"line":100,"column":7}},"40":{"start":{"line":99,"column":8},"end":{"line":99,"column":88}},"41":{"start":{"line":102,"column":4},"end":{"line":102,"column":40}},"42":{"start":{"line":106,"column":4},"end":{"line":110,"column":5}},"43":{"start":{"line":107,"column":6},"end":{"line":107,"column":33}},"44":{"start":{"line":108,"column":6},"end":{"line":108,"column":28}},"45":{"start":{"line":109,"column":6},"end":{"line":109,"column":13}},"46":{"start":{"line":111,"column":4},"end":{"line":111,"column":30}},"47":{"start":{"line":112,"column":4},"end":{"line":112,"column":27}},"48":{"start":{"line":116,"column":24},"end":{"line":116,"column":39}},"49":{"start":{"line":117,"column":26},"end":{"line":117,"column":34}},"50":{"start":{"line":119,"column":17},"end":{"line":119,"column":34}},"51":{"start":{"line":121,"column":4},"end":{"line":129,"column":5}},"52":{"start":{"line":122,"column":6},"end":{"line":126,"column":7}},"53":{"start":{"line":123,"column":8},"end":{"line":123,"column":73}},"54":{"start":{"line":125,"column":8},"end":{"line":125,"column":71}},"55":{"start":{"line":128,"column":6},"end":{"line":128,"column":69}},"56":{"start":{"line":130,"column":4},"end":{"line":130,"column":40}},"57":{"start":{"line":135,"column":4},"end":{"line":139,"column":5}},"58":{"start":{"line":137,"column":6},"end":{"line":137,"column":42}},"59":{"start":{"line":138,"column":6},"end":{"line":138,"column":13}},"60":{"start":{"line":140,"column":17},"end":{"line":140,"column":19}},"61":{"start":{"line":141,"column":4},"end":{"line":145,"column":5}},"62":{"start":{"line":142,"column":6},"end":{"line":144,"column":7}},"63":{"start":{"line":143,"column":8},"end":{"line":143,"column":23}},"64":{"start":{"line":146,"column":19},"end":{"line":146,"column":37}},"65":{"start":{"line":147,"column":4},"end":{"line":159,"column":5}},"66":{"start":{"line":148,"column":6},"end":{"line":152,"column":9}},"67":{"start":{"line":154,"column":6},"end":{"line":154,"column":36}},"68":{"start":{"line":155,"column":6},"end":{"line":155,"column":29}},"69":{"start":{"line":157,"column":6},"end":{"line":157,"column":44}},"70":{"start":{"line":158,"column":6},"end":{"line":158,"column":62}},"71":{"start":{"line":164,"column":4},"end":{"line":167,"column":5}},"72":{"start":{"line":165,"column":6},"end":{"line":165,"column":35}},"73":{"start":{"line":166,"column":6},"end":{"line":166,"column":36}},"74":{"start":{"line":168,"column":4},"end":{"line":171,"column":5}},"75":{"start":{"line":169,"column":6},"end":{"line":169,"column":37}},"76":{"start":{"line":170,"column":6},"end":{"line":170,"column":36}},"77":{"start":{"line":175,"column":4},"end":{"line":175,"column":25}},"78":{"start":{"line":176,"column":4},"end":{"line":176,"column":24}},"79":{"start":{"line":180,"column":4},"end":{"line":180,"column":27}},"80":{"start":{"line":181,"column":4},"end":{"line":181,"column":24}},"81":{"start":{"line":185,"column":4},"end":{"line":185,"column":35}},"82":{"start":{"line":188,"column":2},"end":{"line":211,"column":9}},"83":{"start":{"line":189,"column":4},"end":{"line":209,"column":9}},"84":{"start":{"line":190,"column":6},"end":{"line":190,"column":25}},"85":{"start":{"line":191,"column":18},"end":{"line":191,"column":36}},"86":{"start":{"line":192,"column":22},"end":{"line":192,"column":58}},"87":{"start":{"line":193,"column":23},"end":{"line":193,"column":44}},"88":{"start":{"line":194,"column":19},"end":{"line":194,"column":34}},"89":{"start":{"line":195,"column":6},"end":{"line":199,"column":7}},"90":{"start":{"line":196,"column":8},"end":{"line":196,"column":59}},"91":{"start":{"line":197,"column":8},"end":{"line":197,"column":28}},"92":{"start":{"line":198,"column":8},"end":{"line":198,"column":15}},"93":{"start":{"line":200,"column":19},"end":{"line":200,"column":36}},"94":{"start":{"line":201,"column":6},"end":{"line":203,"column":9}},"95":{"start":{"line":202,"column":8},"end":{"line":202,"column":62}},"96":{"start":{"line":205,"column":6},"end":{"line":205,"column":44}},"97":{"start":{"line":206,"column":6},"end":{"line":206,"column":40}},"98":{"start":{"line":207,"column":6},"end":{"line":207,"column":24}},"99":{"start":{"line":208,"column":6},"end":{"line":208,"column":26}},"100":{"start":{"line":214,"column":2},"end":{"line":276,"column":4}},"101":{"start":{"line":240,"column":29},"end":{"line":240,"column":56}},"102":{"start":{"line":250,"column":29},"end":{"line":250,"column":58}}},"fnMap":{"0":{"name":"ConfigurationsPage","decl":{"start":{"line":44,"column":16},"end":{"line":44,"column":34}},"loc":{"start":{"line":44,"column":36},"end":{"line":277,"column":1}},"line":44},"1":{"name":"handelDisableWeekend","decl":{"start":{"line":56,"column":11},"end":{"line":56,"column":31}},"loc":{"start":{"line":56,"column":33},"end":{"line":79,"column":3}},"line":56},"2":{"name":"handleEnableWeekend","decl":{"start":{"line":80,"column":11},"end":{"line":80,"column":30}},"loc":{"start":{"line":80,"column":32},"end":{"line":103,"column":3}},"line":80},"3":{"name":"handleSelectNotWorkAtWeekends","decl":{"start":{"line":105,"column":11},"end":{"line":105,"column":40}},"loc":{"start":{"line":105,"column":42},"end":{"line":113,"column":3}},"line":105},"4":{"name":"handleSelectDay","decl":{"start":{"line":115,"column":11},"end":{"line":115,"column":26}},"loc":{"start":{"line":115,"column":42},"end":{"line":131,"column":3}},"line":115},"5":{"name":"sendDaysToWork","decl":{"start":{"line":134,"column":17},"end":{"line":134,"column":31}},"loc":{"start":{"line":134,"column":33},"end":{"line":160,"column":3}},"line":134},"6":{"name":"handleSelectHour","decl":{"start":{"line":163,"column":11},"end":{"line":163,"column":27}},"loc":{"start":{"line":163,"column":46},"end":{"line":172,"column":3}},"line":163},"7":{"name":"handleSetMorningHour","decl":{"start":{"line":174,"column":11},"end":{"line":174,"column":31}},"loc":{"start":{"line":174,"column":52},"end":{"line":177,"column":3}},"line":174},"8":{"name":"handleSetAfternoonHour","decl":{"start":{"line":179,"column":11},"end":{"line":179,"column":33}},"loc":{"start":{"line":179,"column":54},"end":{"line":182,"column":3}},"line":179},"9":{"name":"onCloseRangeModal","decl":{"start":{"line":184,"column":11},"end":{"line":184,"column":28}},"loc":{"start":{"line":184,"column":30},"end":{"line":186,"column":3}},"line":184},"10":{"name":"(anonymous_10)","decl":{"start":{"line":188,"column":12},"end":{"line":188,"column":13}},"loc":{"start":{"line":188,"column":17},"end":{"line":211,"column":3}},"line":188},"11":{"name":"(anonymous_11)","decl":{"start":{"line":189,"column":5},"end":{"line":189,"column":6}},"loc":{"start":{"line":189,"column":17},"end":{"line":209,"column":5}},"line":189},"12":{"name":"(anonymous_12)","decl":{"start":{"line":201,"column":21},"end":{"line":201,"column":22}},"loc":{"start":{"line":202,"column":8},"end":{"line":202,"column":62}},"line":202},"13":{"name":"(anonymous_13)","decl":{"start":{"line":240,"column":23},"end":{"line":240,"column":24}},"loc":{"start":{"line":240,"column":29},"end":{"line":240,"column":56}},"line":240},"14":{"name":"(anonymous_14)","decl":{"start":{"line":250,"column":23},"end":{"line":250,"column":24}},"loc":{"start":{"line":250,"column":29},"end":{"line":250,"column":58}},"line":250}},"branchMap":{"0":{"loc":{"start":{"line":65,"column":4},"end":{"line":69,"column":5}},"type":"if","locations":[{"start":{"line":65,"column":4},"end":{"line":69,"column":5}},{"start":{},"end":{}}],"line":65},"1":{"loc":{"start":{"line":66,"column":6},"end":{"line":68,"column":7}},"type":"if","locations":[{"start":{"line":66,"column":6},"end":{"line":68,"column":7}},{"start":{},"end":{}}],"line":66},"2":{"loc":{"start":{"line":66,"column":10},"end":{"line":66,"column":63}},"type":"binary-expr","locations":[{"start":{"line":66,"column":11},"end":{"line":66,"column":24}},{"start":{"line":66,"column":28},"end":{"line":66,"column":43}},{"start":{"line":66,"column":48},"end":{"line":66,"column":63}}],"line":66},"3":{"loc":{"start":{"line":74,"column":6},"end":{"line":76,"column":7}},"type":"if","locations":[{"start":{"line":74,"column":6},"end":{"line":76,"column":7}},{"start":{},"end":{}}],"line":74},"4":{"loc":{"start":{"line":74,"column":9},"end":{"line":74,"column":49}},"type":"binary-expr","locations":[{"start":{"line":74,"column":9},"end":{"line":74,"column":27}},{"start":{"line":74,"column":31},"end":{"line":74,"column":49}}],"line":74},"5":{"loc":{"start":{"line":89,"column":4},"end":{"line":93,"column":5}},"type":"if","locations":[{"start":{"line":89,"column":4},"end":{"line":93,"column":5}},{"start":{},"end":{}}],"line":89},"6":{"loc":{"start":{"line":90,"column":6},"end":{"line":92,"column":7}},"type":"if","locations":[{"start":{"line":90,"column":6},"end":{"line":92,"column":7}},{"start":{},"end":{}}],"line":90},"7":{"loc":{"start":{"line":90,"column":10},"end":{"line":90,"column":63}},"type":"binary-expr","locations":[{"start":{"line":90,"column":11},"end":{"line":90,"column":24}},{"start":{"line":90,"column":28},"end":{"line":90,"column":43}},{"start":{"line":90,"column":48},"end":{"line":90,"column":63}}],"line":90},"8":{"loc":{"start":{"line":98,"column":6},"end":{"line":100,"column":7}},"type":"if","locations":[{"start":{"line":98,"column":6},"end":{"line":100,"column":7}},{"start":{},"end":{}}],"line":98},"9":{"loc":{"start":{"line":98,"column":9},"end":{"line":98,"column":49}},"type":"binary-expr","locations":[{"start":{"line":98,"column":9},"end":{"line":98,"column":27}},{"start":{"line":98,"column":31},"end":{"line":98,"column":49}}],"line":98},"10":{"loc":{"start":{"line":106,"column":4},"end":{"line":110,"column":5}},"type":"if","locations":[{"start":{"line":106,"column":4},"end":{"line":110,"column":5}},{"start":{},"end":{}}],"line":106},"11":{"loc":{"start":{"line":121,"column":4},"end":{"line":129,"column":5}},"type":"if","locations":[{"start":{"line":121,"column":4},"end":{"line":129,"column":5}},{"start":{"line":127,"column":9},"end":{"line":129,"column":5}}],"line":121},"12":{"loc":{"start":{"line":122,"column":6},"end":{"line":126,"column":7}},"type":"if","locations":[{"start":{"line":122,"column":6},"end":{"line":126,"column":7}},{"start":{"line":124,"column":11},"end":{"line":126,"column":7}}],"line":122},"13":{"loc":{"start":{"line":135,"column":4},"end":{"line":139,"column":5}},"type":"if","locations":[{"start":{"line":135,"column":4},"end":{"line":139,"column":5}},{"start":{},"end":{}}],"line":135},"14":{"loc":{"start":{"line":135,"column":7},"end":{"line":136,"column":68}},"type":"binary-expr","locations":[{"start":{"line":135,"column":7},"end":{"line":135,"column":37}},{"start":{"line":135,"column":41},"end":{"line":135,"column":73}},{"start":{"line":136,"column":6},"end":{"line":136,"column":34}},{"start":{"line":136,"column":38},"end":{"line":136,"column":68}}],"line":135},"15":{"loc":{"start":{"line":142,"column":6},"end":{"line":144,"column":7}},"type":"if","locations":[{"start":{"line":142,"column":6},"end":{"line":144,"column":7}},{"start":{},"end":{}}],"line":142},"16":{"loc":{"start":{"line":164,"column":4},"end":{"line":167,"column":5}},"type":"if","locations":[{"start":{"line":164,"column":4},"end":{"line":167,"column":5}},{"start":{},"end":{}}],"line":164},"17":{"loc":{"start":{"line":168,"column":4},"end":{"line":171,"column":5}},"type":"if","locations":[{"start":{"line":168,"column":4},"end":{"line":171,"column":5}},{"start":{},"end":{}}],"line":168},"18":{"loc":{"start":{"line":195,"column":6},"end":{"line":199,"column":7}},"type":"if","locations":[{"start":{"line":195,"column":6},"end":{"line":199,"column":7}},{"start":{},"end":{}}],"line":195},"19":{"loc":{"start":{"line":217,"column":80},"end":{"line":217,"column":104}},"type":"cond-expr","locations":[{"start":{"line":217,"column":98},"end":{"line":217,"column":99}},{"start":{"line":217,"column":102},"end":{"line":217,"column":104}}],"line":217},"20":{"loc":{"start":{"line":218,"column":9},"end":{"line":218,"column":128}},"type":"binary-expr","locations":[{"start":{"line":218,"column":9},"end":{"line":218,"column":24}},{"start":{"line":218,"column":28},"end":{"line":218,"column":128}}],"line":218},"21":{"loc":{"start":{"line":219,"column":9},"end":{"line":224,"column":81}},"type":"cond-expr","locations":[{"start":{"line":220,"column":10},"end":{"line":222,"column":30}},{"start":{"line":224,"column":10},"end":{"line":224,"column":81}}],"line":219},"22":{"loc":{"start":{"line":233,"column":13},"end":{"line":233,"column":90}},"type":"cond-expr","locations":[{"start":{"line":233,"column":33},"end":{"line":233,"column":83}},{"start":{"line":233,"column":86},"end":{"line":233,"column":90}}],"line":233},"23":{"loc":{"start":{"line":261,"column":9},"end":{"line":261,"column":103}},"type":"binary-expr","locations":[{"start":{"line":261,"column":9},"end":{"line":261,"column":14}},{"start":{"line":261,"column":19},"end":{"line":261,"column":102}}],"line":261}},"s":{"0":0,"1":0,"2":0,"3":0,"4":0,"5":0,"6":0,"7":0,"8":0,"9":0,"10":0,"11":0,"12":0,"13":0,"14":0,"15":0,"16":0,"17":0,"18":0,"19":0,"20":0,"21":0,"22":0,"23":0,"24":0,"25":0,"26":0,"27":0,"28":0,"29":0,"30":0,"31":0,"32":0,"33":0,"34":0,"35":0,"36":0,"37":0,"38":0,"39":0,"40":0,"41":0,"42":0,"43":0,"44":0,"45":0,"46":0,"47":0,"48":0,"49":0,"50":0,"51":0,"52":0,"53":0,"54":0,"55":0,"56":0,"57":0,"58":0,"59":0,"60":0,"61":0,"62":0,"63":0,"64":0,"65":0,"66":0,"67":0,"68":0,"69":0,"70":0,"71":0,"72":0,"73":0,"74":0,"75":0,"76":0,"77":0,"78":0,"79":0,"80":0,"81":0,"82":0,"83":0,"84":0,"85":0,"86":0,"87":0,"88":0,"89":0,"90":0,"91":0,"92":0,"93":0,"94":0,"95":0,"96":0,"97":0,"98":0,"99":0,"100":0,"101":0,"102":0},"f":{"0":0,"1":0,"2":0,"3":0,"4":0,"5":0,"6":0,"7":0,"8":0,"9":0,"10":0,"11":0,"12":0,"13":0,"14":0},"b":{"0":[0,0],"1":[0,0],"2":[0,0,0],"3":[0,0],"4":[0,0],"5":[0,0],"6":[0,0],"7":[0,0,0],"8":[0,0],"9":[0,0],"10":[0,0],"11":[0,0],"12":[0,0],"13":[0,0],"14":[0,0,0,0],"15":[0,0],"16":[0,0],"17":[0,0],"18":[0,0],"19":[0,0],"20":[0,0],"21":[0,0],"22":[0,0],"23":[0,0]}}
,"/home/guilherme/Documents/projects/app/src/pages/admin/configurations-page/styles.ts": {"path":"/home/guilherme/Documents/projects/app/src/pages/admin/configurations-page/styles.ts","statementMap":{"0":{"start":{"line":4,"column":18},"end":{"line":4,"column":43}},"1":{"start":{"line":7,"column":25},"end":{"line":14,"column":1}},"2":{"start":{"line":16,"column":33},"end":{"line":18,"column":1}},"3":{"start":{"line":20,"column":31},"end":{"line":25,"column":1}},"4":{"start":{"line":28,"column":33},"end":{"line":34,"column":1}},"5":{"start":{"line":36,"column":21},"end":{"line":40,"column":1}},"6":{"start":{"line":42,"column":34},"end":{"line":50,"column":1}},"7":{"start":{"line":52,"column":33},"end":{"line":57,"column":1}},"8":{"start":{"line":59,"column":30},"end":{"line":64,"column":1}},"9":{"start":{"line":66,"column":36},"end":{"line":71,"column":1}},"10":{"start":{"line":73,"column":32},"end":{"line":75,"column":1}},"11":{"start":{"line":77,"column":32},"end":{"line":79,"column":1}},"12":{"start":{"line":81,"column":34},"end":{"line":83,"column":1}}},"fnMap":{},"branchMap":{"0":{"loc":{"start":{"line":9,"column":16},"end":{"line":9,"column":66}},"type":"cond-expr","locations":[{"start":{"line":9,"column":28},"end":{"line":9,"column":58}},{"start":{"line":9,"column":61},"end":{"line":9,"column":66}}],"line":9}},"s":{"0":0,"1":0,"2":0,"3":0,"4":0,"5":0,"6":0,"7":0,"8":0,"9":0,"10":0,"11":0,"12":0},"f":{},"b":{"0":[0,0]}}
[...]
,"/home/guilherme/Documents/projects/app/src/types/CartItem.ts": {"path":"/home/guilherme/Documents/projects/app/src/types/CartItem.ts","statementMap":{},"fnMap":{},"branchMap":{},"s":{},"f":{},"b":{}}
,"/home/guilherme/Documents/projects/app/src/types/Product.ts": {"path":"/home/guilherme/Documents/projects/app/src/types/Product.ts","statementMap":{},"fnMap":{},"branchMap":{},"s":{},"f":{},"b":{}}
,"/home/guilherme/Documents/projects/app/src/types/Rotues.ts": {"path":"/home/guilherme/Documents/projects/app/src/types/Rotues.ts","statementMap":{},"fnMap":{},"branchMap":{},"s":{},"f":{},"b":{}}
,"/home/guilherme/Documents/projects/app/src/types/Schedule.ts": {"path":"/home/guilherme/Documents/projects/app/src/types/Schedule.ts","statementMap":{},"fnMap":{},"branchMap":{},"s":{},"f":{},"b":{}}
,"/home/guilherme/Documents/projects/app/src/types/service.ts": {"path":"/home/guilherme/Documents/projects/app/src/types/service.ts","statementMap":{},"fnMap":{},"branchMap":{},"s":{},"f":{},"b":{}}
,"/home/guilherme/Documents/projects/app/src/utils/date.ts": {"path":"/home/guilherme/Documents/projects/app/src/utils/date.ts","statementMap":{"0":{"start":{"line":5,"column":18},"end":{"line":5,"column":32}},"1":{"start":{"line":6,"column":22},"end":{"line":6,"column":54}},"2":{"start":{"line":8,"column":2},"end":{"line":8,"column":19}},"3":{"start":{"line":14,"column":29},"end":{"line":14,"column":44}},"4":{"start":{"line":17,"column":2},"end":{"line":17,"column":57}},"5":{"start":{"line":19,"column":2},"end":{"line":19,"column":51}},"6":{"start":{"line":20,"column":2},"end":{"line":20,"column":29}},"7":{"start":{"line":25,"column":24},"end":{"line":25,"column":74}},"8":{"start":{"line":26,"column":2},"end":{"line":26,"column":28}},"9":{"start":{"line":30,"column":16},"end":{"line":30,"column":36}},"10":{"start":{"line":31,"column":15},"end":{"line":31,"column":34}},"11":{"start":{"line":32,"column":16},"end":{"line":32,"column":32}},"12":{"start":{"line":33,"column":23},"end":{"line":33,"column":49}},"13":{"start":{"line":40,"column":2},"end":{"line":40,"column":51}},"14":{"start":{"line":45,"column":29},"end":{"line":45,"column":79}},"15":{"start":{"line":46,"column":2},"end":{"line":46,"column":35}},"16":{"start":{"line":50,"column":2},"end":{"line":50,"column":30}},"17":{"start":{"line":54,"column":18},"end":{"line":54,"column":32}},"18":{"start":{"line":55,"column":20},"end":{"line":55,"column":41}},"19":{"start":{"line":56,"column":15},"end":{"line":56,"column":37}},"20":{"start":{"line":58,"column":2},"end":{"line":58,"column":14}},"21":{"start":{"line":62,"column":18},"end":{"line":62,"column":32}},"22":{"start":{"line":63,"column":2},"end":{"line":63,"column":44}},"23":{"start":{"line":65,"column":20},"end":{"line":65,"column":41}},"24":{"start":{"line":66,"column":15},"end":{"line":66,"column":37}},"25":{"start":{"line":68,"column":2},"end":{"line":68,"column":14}},"26":{"start":{"line":73,"column":18},"end":{"line":73,"column":32}},"27":{"start":{"line":75,"column":20},"end":{"line":75,"column":51}},"28":{"start":{"line":76,"column":15},"end":{"line":76,"column":37}},"29":{"start":{"line":77,"column":29},"end":{"line":77,"column":44}},"30":{"start":{"line":79,"column":2},"end":{"line":79,"column":35}}},"fnMap":{"0":{"name":"convertDateToStringYYYYMMDD","decl":{"start":{"line":4,"column":16},"end":{"line":4,"column":43}},"loc":{"start":{"line":4,"column":73},"end":{"line":9,"column":1}},"line":4},"1":{"name":"formatDayOfStringDate","decl":{"start":{"line":11,"column":16},"end":{"line":11,"column":37}},"loc":{"start":{"line":11,"column":51},"end":{"line":21,"column":1}},"line":11},"2":{"name":"getYearMontSring","decl":{"start":{"line":24,"column":16},"end":{"line":24,"column":32}},"loc":{"start":{"line":24,"column":34},"end":{"line":27,"column":1}},"line":24},"3":{"name":"getDateWithSelectedDay","decl":{"start":{"line":29,"column":17},"end":{"line":29,"column":39}},"loc":{"start":{"line":29,"column":61},"end":{"line":41,"column":1}},"line":29},"4":{"name":"getYearMonthDayString","decl":{"start":{"line":44,"column":16},"end":{"line":44,"column":37}},"loc":{"start":{"line":44,"column":39},"end":{"line":47,"column":1}},"line":44},"5":{"name":"getTodayData","decl":{"start":{"line":49,"column":9},"end":{"line":49,"column":21}},"loc":{"start":{"line":49,"column":28},"end":{"line":51,"column":1}},"line":49},"6":{"name":"getTodayAsIsoString","decl":{"start":{"line":53,"column":16},"end":{"line":53,"column":35}},"loc":{"start":{"line":53,"column":37},"end":{"line":59,"column":1}},"line":53},"7":{"name":"addDaysToToday","decl":{"start":{"line":61,"column":16},"end":{"line":61,"column":30}},"loc":{"start":{"line":61,"column":44},"end":{"line":69,"column":1}},"line":61},"8":{"name":"getToday","decl":{"start":{"line":72,"column":16},"end":{"line":72,"column":24}},"loc":{"start":{"line":72,"column":26},"end":{"line":80,"column":1}},"line":72}},"branchMap":{"0":{"loc":{"start":{"line":17,"column":6},"end":{"line":17,"column":56}},"type":"cond-expr","locations":[{"start":{"line":17,"column":37},"end":{"line":17,"column":48}},{"start":{"line":17,"column":51},"end":{"line":17,"column":56}}],"line":17},"1":{"loc":{"start":{"line":19,"column":6},"end":{"line":19,"column":50}},"type":"cond-expr","locations":[{"start":{"line":19,"column":35},"end":{"line":19,"column":44}},{"start":{"line":19,"column":47},"end":{"line":19,"column":50}}],"line":19}},"s":{"0":3,"1":3,"2":3,"3":3,"4":3,"5":3,"6":3,"7":1,"8":1,"9":1,"10":1,"11":1,"12":1,"13":1,"14":1,"15":1,"16":3,"17":1,"18":1,"19":1,"20":1,"21":1,"22":1,"23":1,"24":1,"25":1,"26":1,"27":1,"28":1,"29":1,"30":1},"f":{"0":3,"1":3,"2":1,"3":1,"4":1,"5":3,"6":1,"7":1,"8":1},"b":{"0":[1,2],"1":[1,2]},"_coverageSchema":"1a1c01bbd47fc00a2c39e90264f33305004495a9","hash":"f89d6f4fe6a140097caf46ce987fc66e3cb70277"}
,"/home/guilherme/Documents/projects/app/src/utils/formatCurrency.ts": {"path":"/home/guilherme/Documents/projects/app/src/utils/formatCurrency.ts","statementMap":{"0":{"start":{"line":2,"column":2},"end":{"line":5,"column":18}}},"fnMap":{"0":{"name":"formatCurrency","decl":{"start":{"line":1,"column":16},"end":{"line":1,"column":30}},"loc":{"start":{"line":1,"column":45},"end":{"line":6,"column":1}},"line":1}},"branchMap":{},"s":{"0":1},"f":{"0":1},"b":{},"_coverageSchema":"1a1c01bbd47fc00a2c39e90264f33305004495a9","hash":"e223dca6bf215c9dcf0f36be096a170731962c60"}
,"/home/guilherme/Documents/projects/app/src/utils/formatTime.ts": {"path":"/home/guilherme/Documents/projects/app/src/utils/formatTime.ts","statementMap":{"0":{"start":{"line":4,"column":2},"end":{"line":6,"column":3}},"1":{"start":{"line":5,"column":4},"end":{"line":5,"column":52}},"2":{"start":{"line":8,"column":2},"end":{"line":10,"column":3}},"3":{"start":{"line":9,"column":4},"end":{"line":9,"column":25}},"4":{"start":{"line":12,"column":16},"end":{"line":12,"column":36}},"5":{"start":{"line":13,"column":14},"end":{"line":13,"column":23}},"6":{"start":{"line":14,"column":21},"end":{"line":14,"column":45}},"7":{"start":{"line":15,"column":23},"end":{"line":15,"column":45}},"8":{"start":{"line":17,"column":2},"end":{"line":17,"column":50}}},"fnMap":{"0":{"name":"formatTime","decl":{"start":{"line":3,"column":16},"end":{"line":3,"column":26}},"loc":{"start":{"line":3,"column":48},"end":{"line":19,"column":1}},"line":3}},"branchMap":{"0":{"loc":{"start":{"line":4,"column":2},"end":{"line":6,"column":3}},"type":"if","locations":[{"start":{"line":4,"column":2},"end":{"line":6,"column":3}},{"start":{},"end":{}}],"line":4},"1":{"loc":{"start":{"line":4,"column":5},"end":{"line":4,"column":28}},"type":"binary-expr","locations":[{"start":{"line":4,"column":5},"end":{"line":4,"column":16}},{"start":{"line":4,"column":20},"end":{"line":4,"column":28}}],"line":4},"2":{"loc":{"start":{"line":8,"column":2},"end":{"line":10,"column":3}},"type":"if","locations":[{"start":{"line":8,"column":2},"end":{"line":10,"column":3}},{"start":{},"end":{}}],"line":8}},"s":{"0":4,"1":2,"2":2,"3":1,"4":1,"5":1,"6":1,"7":1,"8":1},"f":{"0":4},"b":{"0":[2,2],"1":[4,3],"2":[1,1]},"_coverageSchema":"1a1c01bbd47fc00a2c39e90264f33305004495a9","hash":"6a26086ad2e734ee2469deaa0650e785720d2d36"}
,"/home/guilherme/Documents/projects/app/src/utils/getFirebaseDateAndHour.ts": {"path":"/home/guilherme/Documents/projects/app/src/utils/getFirebaseDateAndHour.ts","statementMap":{"0":{"start":{"line":7,"column":15},"end":{"line":7,"column":39}},"1":{"start":{"line":8,"column":35},"end":{"line":8,"column":74}},"2":{"start":{"line":9,"column":26},"end":{"line":9,"column":45}},"3":{"start":{"line":11,"column":2},"end":{"line":11,"column":39}}},"fnMap":{"0":{"name":"getFirebaseDateAndHour","decl":{"start":{"line":1,"column":16},"end":{"line":1,"column":38}},"loc":{"start":{"line":5,"column":1},"end":{"line":12,"column":1}},"line":5}},"branchMap":{},"s":{"0":1,"1":1,"2":1,"3":1},"f":{"0":1},"b":{},"_coverageSchema":"1a1c01bbd47fc00a2c39e90264f33305004495a9","hash":"55d50c8099894682d3bf1f4a8a3386bb259fae4a"}
,"/home/guilherme/Documents/projects/app/src/utils/getRandomId.ts": {"path":"/home/guilherme/Documents/projects/app/src/utils/getRandomId.ts","statementMap":{"0":{"start":{"line":3,"column":4},"end":{"line":3,"column":68}},"1":{"start":{"line":4,"column":11},"end":{"line":4,"column":13}},"2":{"start":{"line":6,"column":2},"end":{"line":9,"column":3}},"3":{"start":{"line":6,"column":15},"end":{"line":6,"column":16}},"4":{"start":{"line":7,"column":24},"end":{"line":7,"column":69}},"5":{"start":{"line":8,"column":4},"end":{"line":8,"column":41}},"6":{"start":{"line":11,"column":2},"end":{"line":11,"column":12}}},"fnMap":{"0":{"name":"generateRandomId","decl":{"start":{"line":1,"column":16},"end":{"line":1,"column":32}},"loc":{"start":{"line":1,"column":49},"end":{"line":12,"column":1}},"line":1}},"branchMap":{},"s":{"0":2,"1":2,"2":2,"3":2,"4":10,"5":10,"6":2},"f":{"0":2},"b":{},"_coverageSchema":"1a1c01bbd47fc00a2c39e90264f33305004495a9","hash":"5f3e37a924819a93747795089392052260858325"}
,"/home/guilherme/Documents/projects/app/src/utils/hours.ts": {"path":"/home/guilherme/Documents/projects/app/src/utils/hours.ts","statementMap":{"0":{"start":{"line":7,"column":31},"end":{"line":7,"column":53}},"1":{"start":{"line":9,"column":26},"end":{"line":9,"column":45}},"2":{"start":{"line":10,"column":24},"end":{"line":10,"column":41}},"3":{"start":{"line":11,"column":2},"end":{"line":13,"column":3}},"4":{"start":{"line":12,"column":4},"end":{"line":12,"column":38}},"5":{"start":{"line":15,"column":16},"end":{"line":15,"column":54}},"6":{"start":{"line":16,"column":14},"end":{"line":16,"column":50}},"7":{"start":{"line":17,"column":30},"end":{"line":17,"column":32}},"8":{"start":{"line":18,"column":16},"end":{"line":18,"column":21}},"9":{"start":{"line":20,"column":2},"end":{"line":27,"column":3}},"10":{"start":{"line":21,"column":26},"end":{"line":24,"column":6}},"11":{"start":{"line":25,"column":4},"end":{"line":25,"column":34}},"12":{"start":{"line":26,"column":4},"end":{"line":26,"column":38}},"13":{"start":{"line":29,"column":2},"end":{"line":29,"column":19}},"14":{"start":{"line":33,"column":2},"end":{"line":33,"column":52}},"15":{"start":{"line":38,"column":2},"end":{"line":38,"column":35}},"16":{"start":{"line":40,"column":2},"end":{"line":43,"column":3}},"17":{"start":{"line":41,"column":4},"end":{"line":41,"column":10}},"18":{"start":{"line":42,"column":4},"end":{"line":42,"column":12}},"19":{"start":{"line":45,"column":23},"end":{"line":45,"column":36}},"20":{"start":{"line":46,"column":25},"end":{"line":46,"column":39}},"21":{"start":{"line":47,"column":2},"end":{"line":49,"column":3}},"22":{"start":{"line":48,"column":4},"end":{"line":48,"column":42}},"23":{"start":{"line":50,"column":2},"end":{"line":52,"column":3}},"24":{"start":{"line":51,"column":4},"end":{"line":51,"column":46}},"25":{"start":{"line":54,"column":2},"end":{"line":54,"column":49}},"26":{"start":{"line":60,"column":27},"end":{"line":60,"column":42}},"27":{"start":{"line":61,"column":21},"end":{"line":61,"column":36}},"28":{"start":{"line":62,"column":23},"end":{"line":62,"column":40}},"29":{"start":{"line":64,"column":2},"end":{"line":64,"column":47}},"30":{"start":{"line":70,"column":16},"end":{"line":70,"column":73}},"31":{"start":{"line":70,"column":45},"end":{"line":70,"column":72}},"32":{"start":{"line":72,"column":2},"end":{"line":74,"column":3}},"33":{"start":{"line":73,"column":4},"end":{"line":73,"column":14}},"34":{"start":{"line":76,"column":19},"end":{"line":76,"column":38}},"35":{"start":{"line":77,"column":2},"end":{"line":79,"column":3}},"36":{"start":{"line":78,"column":4},"end":{"line":78,"column":14}},"37":{"start":{"line":80,"column":22},"end":{"line":80,"column":61}},"38":{"start":{"line":80,"column":43},"end":{"line":80,"column":60}},"39":{"start":{"line":81,"column":23},"end":{"line":81,"column":55}},"40":{"start":{"line":83,"column":20},"end":{"line":83,"column":65}},"41":{"start":{"line":83,"column":47},"end":{"line":83,"column":64}},"42":{"start":{"line":85,"column":18},"end":{"line":85,"column":22}},"43":{"start":{"line":87,"column":2},"end":{"line":104,"column":3}},"44":{"start":{"line":87,"column":14},"end":{"line":87,"column":23}},"45":{"start":{"line":89,"column":17},"end":{"line":89,"column":31}},"46":{"start":{"line":90,"column":25},"end":{"line":90,"column":41}},"47":{"start":{"line":97,"column":4},"end":{"line":103,"column":5}},"48":{"start":{"line":98,"column":6},"end":{"line":100,"column":7}},"49":{"start":{"line":99,"column":8},"end":{"line":99,"column":14}},"50":{"start":{"line":101,"column":6},"end":{"line":101,"column":24}},"51":{"start":{"line":102,"column":6},"end":{"line":102,"column":12}},"52":{"start":{"line":106,"column":2},"end":{"line":108,"column":3}},"53":{"start":{"line":107,"column":4},"end":{"line":107,"column":14}},"54":{"start":{"line":110,"column":19},"end":{"line":110,"column":51}},"55":{"start":{"line":111,"column":2},"end":{"line":111,"column":55}},"56":{"start":{"line":111,"column":31},"end":{"line":111,"column":53}}},"fnMap":{"0":{"name":"getQuarterHourIntervals","decl":{"start":{"line":6,"column":16},"end":{"line":6,"column":39}},"loc":{"start":{"line":6,"column":69},"end":{"line":30,"column":1}},"line":6},"1":{"name":"addMinutes","decl":{"start":{"line":32,"column":9},"end":{"line":32,"column":19}},"loc":{"start":{"line":32,"column":55},"end":{"line":34,"column":1}},"line":32},"2":{"name":"roundTimeToQuarterHour","decl":{"start":{"line":37,"column":16},"end":{"line":37,"column":38}},"loc":{"start":{"line":37,"column":63},"end":{"line":55,"column":1}},"line":37},"3":{"name":"timeToIndex","decl":{"start":{"line":59,"column":9},"end":{"line":59,"column":20}},"loc":{"start":{"line":59,"column":43},"end":{"line":65,"column":1}},"line":59},"4":{"name":"discountHour","decl":{"start":{"line":69,"column":16},"end":{"line":69,"column":28}},"loc":{"start":{"line":69,"column":120},"end":{"line":112,"column":1}},"line":69},"5":{"name":"(anonymous_5)","decl":{"start":{"line":70,"column":35},"end":{"line":70,"column":36}},"loc":{"start":{"line":70,"column":45},"end":{"line":70,"column":72}},"line":70},"6":{"name":"(anonymous_6)","decl":{"start":{"line":80,"column":35},"end":{"line":80,"column":36}},"loc":{"start":{"line":80,"column":43},"end":{"line":80,"column":60}},"line":80},"7":{"name":"(anonymous_7)","decl":{"start":{"line":83,"column":42},"end":{"line":83,"column":43}},"loc":{"start":{"line":83,"column":47},"end":{"line":83,"column":64}},"line":83},"8":{"name":"(anonymous_8)","decl":{"start":{"line":111,"column":25},"end":{"line":111,"column":26}},"loc":{"start":{"line":111,"column":31},"end":{"line":111,"column":53}},"line":111}},"branchMap":{"0":{"loc":{"start":{"line":11,"column":2},"end":{"line":13,"column":3}},"type":"if","locations":[{"start":{"line":11,"column":2},"end":{"line":13,"column":3}},{"start":{},"end":{}}],"line":11},"1":{"loc":{"start":{"line":11,"column":5},"end":{"line":11,"column":92}},"type":"binary-expr","locations":[{"start":{"line":11,"column":5},"end":{"line":11,"column":25}},{"start":{"line":11,"column":29},"end":{"line":11,"column":48}},{"start":{"line":11,"column":52},"end":{"line":11,"column":70}},{"start":{"line":11,"column":75},"end":{"line":11,"column":92}}],"line":11},"2":{"loc":{"start":{"line":40,"column":2},"end":{"line":43,"column":3}},"type":"if","locations":[{"start":{"line":40,"column":2},"end":{"line":43,"column":3}},{"start":{},"end":{}}],"line":40},"3":{"loc":{"start":{"line":47,"column":2},"end":{"line":49,"column":3}},"type":"if","locations":[{"start":{"line":47,"column":2},"end":{"line":49,"column":3}},{"start":{},"end":{}}],"line":47},"4":{"loc":{"start":{"line":50,"column":2},"end":{"line":52,"column":3}},"type":"if","locations":[{"start":{"line":50,"column":2},"end":{"line":52,"column":3}},{"start":{},"end":{}}],"line":50},"5":{"loc":{"start":{"line":72,"column":2},"end":{"line":74,"column":3}},"type":"if","locations":[{"start":{"line":72,"column":2},"end":{"line":74,"column":3}},{"start":{},"end":{}}],"line":72},"6":{"loc":{"start":{"line":77,"column":2},"end":{"line":79,"column":3}},"type":"if","locations":[{"start":{"line":77,"column":2},"end":{"line":79,"column":3}},{"start":{},"end":{}}],"line":77},"7":{"loc":{"start":{"line":97,"column":4},"end":{"line":103,"column":5}},"type":"if","locations":[{"start":{"line":97,"column":4},"end":{"line":103,"column":5}},{"start":{},"end":{}}],"line":97},"8":{"loc":{"start":{"line":98,"column":6},"end":{"line":100,"column":7}},"type":"if","locations":[{"start":{"line":98,"column":6},"end":{"line":100,"column":7}},{"start":{},"end":{}}],"line":98},"9":{"loc":{"start":{"line":106,"column":2},"end":{"line":108,"column":3}},"type":"if","locations":[{"start":{"line":106,"column":2},"end":{"line":108,"column":3}},{"start":{},"end":{}}],"line":106}},"s":{"0":3,"1":3,"2":3,"3":3,"4":2,"5":1,"6":1,"7":1,"8":1,"9":1,"10":5,"11":5,"12":5,"13":1,"14":5,"15":4,"16":4,"17":1,"18":1,"19":4,"20":4,"21":4,"22":2,"23":4,"24":3,"25":4,"26":19,"27":19,"28":19,"29":19,"30":6,"31":10,"32":6,"33":1,"34":5,"35":5,"36":1,"37":4,"38":15,"39":4,"40":4,"41":4,"42":4,"43":4,"44":4,"45":7,"46":7,"47":7,"48":2,"49":1,"50":1,"51":1,"52":4,"53":1,"54":3,"55":3,"56":6},"f":{"0":3,"1":5,"2":4,"3":19,"4":6,"5":10,"6":15,"7":4,"8":6},"b":{"0":[2,1],"1":[3,2,1,1],"2":[1,3],"3":[2,2],"4":[3,1],"5":[1,5],"6":[1,4],"7":[2,5],"8":[1,1],"9":[1,3]},"_coverageSchema":"1a1c01bbd47fc00a2c39e90264f33305004495a9","hash":"9d578e9a4c6dae775e139dcfbcfea3a601a1dbf7"}
,"/home/guilherme/Documents/projects/app/src/utils/isProcudt.ts": {"path":"/home/guilherme/Documents/projects/app/src/utils/isProcudt.ts","statementMap":{"0":{"start":{"line":4,"column":2},"end":{"line":12,"column":4}}},"fnMap":{"0":{"name":"isProduct","decl":{"start":{"line":3,"column":16},"end":{"line":3,"column":25}},"loc":{"start":{"line":3,"column":61},"end":{"line":13,"column":1}},"line":3}},"branchMap":{"0":{"loc":{"start":{"line":5,"column":4},"end":{"line":11,"column":19}},"type":"binary-expr","locations":[{"start":{"line":5,"column":4},"end":{"line":5,"column":28}},{"start":{"line":6,"column":4},"end":{"line":6,"column":17}},{"start":{"line":7,"column":4},"end":{"line":7,"column":16}},{"start":{"line":8,"column":4},"end":{"line":8,"column":18}},{"start":{"line":9,"column":4},"end":{"line":9,"column":25}},{"start":{"line":10,"column":4},"end":{"line":10,"column":22}},{"start":{"line":11,"column":4},"end":{"line":11,"column":19}}],"line":5}},"s":{"0":6},"f":{"0":6},"b":{"0":[6,6,6,5,4,3,2]},"_coverageSchema":"1a1c01bbd47fc00a2c39e90264f33305004495a9","hash":"f30255d3c0985d40760243ea1a5c860c4fde8283"}
}
