TN:
SF:App.tsx
FN:6,App
FNF:1
FNH:0
FNDA:0,App
DA:7,0
DA:13,0
DA:14,0
DA:16,0
LF:4
LH:0
BRDA:13,0,0,0
BRDA:13,0,1,0
BRF:2
BRH:0
end_of_record
TN:
SF:firebaseConfig.ts
FNF:0
FNH:0
DA:7,0
DA:18,0
DA:19,0
DA:20,0
DA:21,0
LF:5
LH:0
BRF:0
BRH:0
end_of_record
TN:
SF:src/main.tsx
FN:5,Main
FNF:1
FNH:0
FNDA:0,Main
DA:6,0
LF:1
LH:0
BRF:0
BRH:0
end_of_record
TN:
SF:src/components/CustomCalendar.tsx
FN:33,CustomCalendar
FN:136,(anonymous_1)
FNF:2
FNH:0
FNDA:0,CustomCalendar
FNDA:0,(anonymous_1)
DA:4,0
DA:24,0
DA:131,0
DA:136,0
LF:4
LH:0
BRF:0
BRH:0
end_of_record
TN:
SF:src/components/Text.ts
FN:11,(anonymous_0)
FN:12,(anonymous_1)
FN:13,(anonymous_2)
FN:14,(anonymous_3)
FNF:4
FNH:0
FNDA:0,(anonymous_0)
FNDA:0,(anonymous_1)
FNDA:0,(anonymous_2)
FNDA:0,(anonymous_3)
DA:10,0
DA:11,0
DA:12,0
DA:13,0
DA:14,0
LF:5
LH:0
BRDA:11,0,0,0
BRDA:11,0,1,0
BRDA:12,1,0,0
BRDA:12,1,1,0
BRDA:13,2,0,0
BRDA:13,2,1,0
BRDA:14,3,0,0
BRDA:14,3,1,0
BRF:8
BRH:0
end_of_record
TN:
SF:src/components/button/index.tsx
FN:10,Button
FNF:1
FNH:0
FNDA:0,Button
DA:11,0
LF:1
LH:0
BRF:0
BRH:0
end_of_record
TN:
SF:src/components/button/styles.ts
FN:4,(anonymous_0)
FNF:1
FNH:0
FNDA:0,(anonymous_0)
DA:3,0
DA:4,0
LF:2
LH:0
BRDA:4,0,0,0
BRDA:4,0,1,0
BRF:2
BRH:0
end_of_record
TN:
SF:src/components/cart/index.tsx
FN:21,Cart
FN:22,(anonymous_1)
FN:43,(anonymous_2)
FN:46,(anonymous_3)
FN:71,(anonymous_4)
FNF:5
FNH:0
FNDA:0,Cart
FNDA:0,(anonymous_1)
FNDA:0,(anonymous_2)
FNDA:0,(anonymous_3)
FNDA:0,(anonymous_4)
DA:22,0
DA:23,0
DA:24,0
DA:28,0
DA:29,0
DA:35,0
DA:38,0
DA:43,0
DA:47,0
DA:71,0
LF:10
LH:0
BRDA:23,0,0,0
BRDA:23,0,1,0
BRDA:23,1,0,0
BRDA:23,1,1,0
BRDA:28,2,0,0
BRDA:28,2,1,0
BRDA:40,3,0,0
BRDA:40,3,1,0
BRDA:49,4,0,0
BRDA:49,4,1,0
BRDA:52,5,0,0
BRDA:52,5,1,0
BRDA:58,6,0,0
BRDA:58,6,1,0
BRDA:69,7,0,0
BRDA:69,7,1,0
BRDA:83,8,0,0
BRDA:83,8,1,0
BRDA:97,9,0,0
BRDA:97,9,1,0
BRF:20
BRH:0
end_of_record
TN:
SF:src/components/cart/styles.ts
FNF:0
FNH:0
DA:3,0
DA:13,0
DA:18,0
DA:22,0
DA:25,0
DA:30,0
DA:35,0
DA:41,0
DA:46,0
LF:9
LH:0
BRF:0
BRH:0
end_of_record
TN:
SF:src/components/confirm-modal/index.tsx
FN:10,ConfirmModal
FNF:1
FNH:0
FNDA:0,ConfirmModal
DA:11,0
LF:1
LH:0
BRF:0
BRH:0
end_of_record
TN:
SF:src/components/confirm-modal/styles.ts
FNF:0
FNH:0
DA:3,0
DA:10,0
LF:2
LH:0
BRF:0
BRH:0
end_of_record
TN:
SF:src/components/create-product-modal/index.tsx
FN:21,CreateProductModal
FN:28,handleCreateProduct
FN:39,handleEditService
FN:50,(anonymous_3)
FN:66,(anonymous_4)
FNF:5
FNH:0
FNDA:0,CreateProductModal
FNDA:0,handleCreateProduct
FNDA:0,handleEditService
FNDA:0,(anonymous_3)
FNDA:0,(anonymous_4)
DA:22,0
DA:23,0
DA:24,0
DA:25,0
DA:26,0
DA:29,0
DA:30,0
DA:31,0
DA:32,0
DA:33,0
DA:34,0
DA:35,0
DA:36,0
DA:40,0
DA:41,0
DA:42,0
DA:43,0
DA:44,0
DA:45,0
DA:46,0
DA:47,0
DA:50,0
DA:51,0
DA:58,0
DA:59,0
DA:60,0
DA:62,0
DA:66,0
DA:67,0
DA:68,0
DA:69,0
DA:70,0
DA:71,0
DA:72,0
DA:74,0
DA:75,0
DA:76,0
DA:77,0
DA:83,0
LF:39
LH:0
BRDA:40,0,0,0
BRDA:40,0,1,0
BRDA:58,1,0,0
BRDA:58,1,1,0
BRDA:67,2,0,0
BRDA:67,2,1,0
BRDA:75,3,0,0
BRDA:75,3,1,0
BRDA:77,4,0,0
BRDA:77,4,1,0
BRDA:91,5,0,0
BRDA:91,5,1,0
BRDA:118,6,0,0
BRDA:118,6,1,0
BRDA:128,7,0,0
BRDA:128,7,1,0
BRDA:128,8,0,0
BRDA:128,8,1,0
BRF:18
BRH:0
end_of_record
TN:
SF:src/components/create-product-modal/styles.ts
FNF:0
FNH:0
DA:3,0
DA:11,0
DA:20,0
DA:25,0
DA:31,0
DA:37,0
DA:43,0
DA:53,0
DA:60,0
DA:65,0
DA:72,0
DA:78,0
DA:83,0
LF:13
LH:0
BRF:0
BRH:0
end_of_record
TN:
SF:src/components/create-service-modal/index.tsx
FN:20,CreateServiceModal
FN:27,handleCreateService
FN:38,handleEditService
FN:49,(anonymous_3)
FN:65,(anonymous_4)
FNF:5
FNH:0
FNDA:0,CreateServiceModal
FNDA:0,handleCreateService
FNDA:0,handleEditService
FNDA:0,(anonymous_3)
FNDA:0,(anonymous_4)
DA:21,0
DA:22,0
DA:23,0
DA:24,0
DA:25,0
DA:28,0
DA:29,0
DA:30,0
DA:31,0
DA:32,0
DA:33,0
DA:34,0
DA:35,0
DA:39,0
DA:40,0
DA:41,0
DA:42,0
DA:43,0
DA:44,0
DA:45,0
DA:46,0
DA:49,0
DA:50,0
DA:57,0
DA:58,0
DA:59,0
DA:61,0
DA:65,0
DA:66,0
DA:67,0
DA:68,0
DA:69,0
DA:70,0
DA:71,0
DA:73,0
DA:74,0
DA:75,0
DA:76,0
DA:82,0
LF:39
LH:0
BRDA:39,0,0,0
BRDA:39,0,1,0
BRDA:57,1,0,0
BRDA:57,1,1,0
BRDA:66,2,0,0
BRDA:66,2,1,0
BRDA:73,3,0,0
BRDA:73,3,1,0
BRDA:90,4,0,0
BRDA:90,4,1,0
BRDA:117,5,0,0
BRDA:117,5,1,0
BRDA:127,6,0,0
BRDA:127,6,1,0
BRDA:127,7,0,0
BRDA:127,7,1,0
BRF:16
BRH:0
end_of_record
TN:
SF:src/components/create-service-modal/styles.ts
FNF:0
FNH:0
DA:3,0
DA:11,0
DA:20,0
DA:25,0
DA:31,0
DA:37,0
DA:43,0
DA:49,0
DA:54,0
DA:61,0
DA:67,0
DA:71,0
LF:12
LH:0
BRF:0
BRH:0
end_of_record
TN:
SF:src/components/delete-modal/index.tsx
FN:14,DeleteModal
FN:15,handleDelete
FNF:2
FNH:0
FNDA:0,DeleteModal
FNDA:0,handleDelete
DA:16,0
DA:19,0
LF:2
LH:0
BRF:0
BRH:0
end_of_record
TN:
SF:src/components/delete-modal/styles.ts
FNF:0
FNH:0
DA:4,0
DA:12,0
DA:22,0
LF:3
LH:0
BRF:0
BRH:0
end_of_record
TN:
SF:src/components/delete-product-modal/index.tsx
FN:14,DeleteProductModal
FN:15,handleDelete
FNF:2
FNH:0
FNDA:0,DeleteProductModal
FNDA:0,handleDelete
DA:16,0
DA:19,0
LF:2
LH:0
BRF:0
BRH:0
end_of_record
TN:
SF:src/components/delete-product-modal/styles.ts
FNF:0
FNH:0
DA:4,0
DA:12,0
DA:22,0
LF:3
LH:0
BRF:0
BRH:0
end_of_record
TN:
SF:src/components/products-list/index.tsx
FN:13,ProductList
FN:17,(anonymous_1)
FN:19,(anonymous_2)
FN:28,(anonymous_3)
FNF:4
FNH:0
FNDA:0,ProductList
FNDA:0,(anonymous_1)
FNDA:0,(anonymous_2)
FNDA:0,(anonymous_3)
DA:14,0
DA:17,0
DA:20,0
DA:28,0
LF:4
LH:0
BRDA:21,0,0,0
BRDA:21,0,1,0
BRF:2
BRH:0
end_of_record
TN:
SF:src/components/products-list/styles.ts
FNF:0
FNH:0
DA:3,0
DA:15,0
DA:21,0
DA:27,0
DA:32,0
LF:5
LH:0
BRF:0
BRH:0
end_of_record
TN:
SF:src/components/range-hour-modal/index.tsx
FN:20,RangeModal
FN:31,handleConfirm
FN:90,(anonymous_2)
FN:92,(anonymous_3)
FN:101,(anonymous_4)
FN:103,(anonymous_5)
FN:115,(anonymous_6)
FN:117,(anonymous_7)
FN:126,(anonymous_8)
FN:128,(anonymous_9)
FNF:10
FNH:0
FNDA:0,RangeModal
FNDA:0,handleConfirm
FNDA:0,(anonymous_2)
FNDA:0,(anonymous_3)
FNDA:0,(anonymous_4)
FNDA:0,(anonymous_5)
FNDA:0,(anonymous_6)
FNDA:0,(anonymous_7)
FNDA:0,(anonymous_8)
FNDA:0,(anonymous_9)
DA:21,0
DA:22,0
DA:23,0
DA:24,0
DA:25,0
DA:28,0
DA:29,0
DA:32,0
DA:33,0
DA:34,0
DA:36,0
DA:37,0
DA:38,0
DA:40,0
DA:41,0
DA:42,0
DA:44,0
DA:45,0
DA:46,0
DA:49,0
DA:60,0
DA:61,0
DA:63,0
DA:64,0
DA:67,0
DA:68,0
DA:69,0
DA:70,0
DA:71,0
DA:75,0
DA:90,0
DA:93,0
DA:101,0
DA:104,0
DA:115,0
DA:118,0
DA:126,0
DA:129,0
DA:146,0
LF:39
LH:0
BRDA:32,0,0,0
BRDA:32,0,1,0
BRDA:32,1,0,0
BRDA:32,1,1,0
BRDA:36,2,0,0
BRDA:36,2,1,0
BRDA:40,3,0,0
BRDA:40,3,1,0
BRDA:40,4,0,0
BRDA:40,4,1,0
BRDA:44,5,0,0
BRDA:44,5,1,0
BRDA:44,6,0,0
BRDA:44,6,1,0
BRDA:60,7,0,0
BRDA:60,7,1,0
BRDA:63,8,0,0
BRDA:63,8,1,0
BRDA:82,9,0,0
BRDA:82,9,1,0
BRF:20
BRH:0
end_of_record
TN:
SF:src/components/range-hour-modal/styles.ts
FNF:0
FNH:0
DA:3,0
DA:11,0
DA:21,0
DA:27,0
LF:4
LH:0
BRF:0
BRH:0
end_of_record
TN:
SF:src/components/schedule-list-modal/index.tsx
FN:24,ScheduleListModal
FN:27,(anonymous_1)
FN:38,(anonymous_2)
FN:42,(anonymous_3)
FN:55,(anonymous_4)
FN:56,(anonymous_5)
FN:75,(anonymous_6)
FN:77,(anonymous_7)
FN:85,(anonymous_8)
FNF:9
FNH:0
FNDA:0,ScheduleListModal
FNDA:0,(anonymous_1)
FNDA:0,(anonymous_2)
FNDA:0,(anonymous_3)
FNDA:0,(anonymous_4)
FNDA:0,(anonymous_5)
FNDA:0,(anonymous_6)
FNDA:0,(anonymous_7)
FNDA:0,(anonymous_8)
DA:25,0
DA:27,0
DA:28,0
DA:29,0
DA:32,0
DA:33,0
DA:35,0
DA:38,0
DA:39,0
DA:40,0
DA:42,0
DA:43,0
DA:44,0
DA:52,0
DA:54,0
DA:55,0
DA:56,0
DA:59,0
DA:75,0
DA:78,0
DA:79,0
DA:80,0
DA:81,0
DA:82,0
DA:86,0
LF:25
LH:0
BRDA:32,0,0,0
BRDA:32,0,1,0
BRDA:39,1,0,0
BRDA:39,1,1,0
BRDA:69,2,0,0
BRDA:69,2,1,0
BRF:6
BRH:0
end_of_record
TN:
SF:src/components/schedule-list-modal/styles.ts
FNF:0
FNH:0
DA:3,0
DA:11,0
DA:20,0
DA:23,0
DA:33,0
DA:40,0
DA:44,0
DA:48,0
DA:53,0
DA:59,0
LF:10
LH:0
BRF:0
BRH:0
end_of_record
TN:
SF:src/components/schedule-modal/index.tsx
FN:18,ScheduleModal
FN:22,handleDayPress
FN:27,(anonymous_2)
FN:34,(anonymous_3)
FN:42,(anonymous_4)
FN:60,(anonymous_5)
FNF:6
FNH:0
FNDA:0,ScheduleModal
FNDA:0,handleDayPress
FNDA:0,(anonymous_2)
FNDA:0,(anonymous_3)
FNDA:0,(anonymous_4)
FNDA:0,(anonymous_5)
DA:19,0
DA:20,0
DA:23,0
DA:24,0
DA:27,0
DA:28,0
DA:29,0
DA:30,0
DA:31,0
DA:32,0
DA:33,0
DA:34,0
DA:35,0
DA:38,0
DA:39,0
DA:42,0
DA:43,0
DA:47,0
DA:60,0
LF:19
LH:0
BRDA:58,0,0,0
BRDA:58,0,1,0
BRF:2
BRH:0
end_of_record
TN:
SF:src/components/schedule-modal/styles.ts
FNF:0
FNH:0
DA:4,0
DA:12,0
DA:22,0
DA:30,0
LF:4
LH:0
BRF:0
BRH:0
end_of_record
TN:
SF:src/components/secondary-button/index.tsx
FN:10,SecondaryButton
FNF:1
FNH:0
FNDA:0,SecondaryButton
DA:11,0
LF:1
LH:0
BRF:0
BRH:0
end_of_record
TN:
SF:src/components/secondary-button/styles.ts
FN:4,(anonymous_0)
FNF:1
FNH:0
FNDA:0,(anonymous_0)
DA:3,0
DA:4,0
LF:2
LH:0
BRDA:4,0,0,0
BRDA:4,0,1,0
BRF:2
BRH:0
end_of_record
TN:
SF:src/components/select-hour-modal/index.tsx
FN:25,SelectHourModal
FN:29,(anonymous_1)
FN:35,(anonymous_2)
FN:37,(anonymous_3)
FN:48,(anonymous_4)
FN:75,(anonymous_5)
FN:91,(anonymous_6)
FNF:7
FNH:0
FNDA:0,SelectHourModal
FNDA:0,(anonymous_1)
FNDA:0,(anonymous_2)
FNDA:0,(anonymous_3)
FNDA:0,(anonymous_4)
FNDA:0,(anonymous_5)
FNDA:0,(anonymous_6)
DA:26,0
DA:27,0
DA:29,0
DA:30,0
DA:31,0
DA:35,0
DA:36,0
DA:37,0
DA:38,0
DA:39,0
DA:41,0
DA:42,0
DA:43,0
DA:44,0
DA:45,0
DA:46,0
DA:47,0
DA:48,0
DA:49,0
DA:50,0
DA:54,0
DA:58,0
DA:59,0
DA:62,0
DA:65,0
DA:76,0
DA:92,0
DA:93,0
DA:111,0
LF:29
LH:0
BRDA:38,0,0,0
BRDA:38,0,1,0
BRDA:45,1,0,0
BRDA:45,1,1,0
BRDA:81,2,0,0
BRDA:81,2,1,0
BRDA:90,3,0,0
BRDA:90,3,1,0
BRF:8
BRH:0
end_of_record
TN:
SF:src/components/select-hour-modal/styles.ts
FNF:0
FNH:0
DA:4,0
DA:12,0
DA:22,0
DA:30,0
DA:35,0
LF:5
LH:0
BRF:0
BRH:0
end_of_record
TN:
SF:src/components/services-list/index.tsx
FN:13,ServiceList
FN:17,(anonymous_1)
FN:19,(anonymous_2)
FN:28,(anonymous_3)
FNF:4
FNH:0
FNDA:0,ServiceList
FNDA:0,(anonymous_1)
FNDA:0,(anonymous_2)
FNDA:0,(anonymous_3)
DA:14,0
DA:17,0
DA:20,0
DA:28,0
LF:4
LH:0
BRDA:21,0,0,0
BRDA:21,0,1,0
BRF:2
BRH:0
end_of_record
TN:
SF:src/components/services-list/styles.ts
FNF:0
FNH:0
DA:3,0
DA:14,0
DA:21,0
DA:27,0
DA:32,0
LF:5
LH:0
BRF:0
BRH:0
end_of_record
TN:
SF:src/context/auth-context.tsx
FN:25,AuthContextProvider
FN:28,(anonymous_1)
FN:41,(anonymous_2)
FN:52,(anonymous_3)
FN:62,useAuth
FNF:5
FNH:0
FNDA:0,AuthContextProvider
FNDA:0,(anonymous_1)
FNDA:0,(anonymous_2)
FNDA:0,(anonymous_3)
FNDA:0,useAuth
DA:23,0
DA:26,0
DA:28,0
DA:29,0
DA:31,0
DA:33,0
DA:41,0
DA:42,0
DA:44,0
DA:52,0
DA:54,0
DA:63,0
DA:64,0
DA:65,0
DA:68,0
LF:15
LH:0
BRDA:64,0,0,0
BRDA:64,0,1,0
BRF:2
BRH:0
end_of_record
TN:
SF:src/hooks/useServices.tsx
FNF:0
FNH:0
LF:0
LH:0
BRF:0
BRH:0
end_of_record
TN:
SF:src/pages/admin/configurations-page/index.tsx
FN:44,ConfigurationsPage
FN:56,handelDisableWeekend
FN:80,handleEnableWeekend
FN:105,handleSelectNotWorkAtWeekends
FN:115,handleSelectDay
FN:134,sendDaysToWork
FN:163,handleSelectHour
FN:174,handleSetMorningHour
FN:179,handleSetAfternoonHour
FN:184,onCloseRangeModal
FN:188,(anonymous_10)
FN:189,(anonymous_11)
FN:201,(anonymous_12)
FN:240,(anonymous_13)
FN:250,(anonymous_14)
FNF:15
FNH:0
FNDA:0,ConfigurationsPage
FNDA:0,handelDisableWeekend
FNDA:0,handleEnableWeekend
FNDA:0,handleSelectNotWorkAtWeekends
FNDA:0,handleSelectDay
FNDA:0,sendDaysToWork
FNDA:0,handleSelectHour
FNDA:0,handleSetMorningHour
FNDA:0,handleSetAfternoonHour
FNDA:0,onCloseRangeModal
FNDA:0,(anonymous_10)
FNDA:0,(anonymous_11)
FNDA:0,(anonymous_12)
FNDA:0,(anonymous_13)
FNDA:0,(anonymous_14)
DA:45,0
DA:46,0
DA:47,0
DA:48,0
DA:49,0
DA:50,0
DA:51,0
DA:52,0
DA:53,0
DA:54,0
DA:57,0
DA:59,0
DA:60,0
DA:61,0
DA:62,0
DA:64,0
DA:65,0
DA:66,0
DA:67,0
DA:71,0
DA:72,0
DA:73,0
DA:74,0
DA:75,0
DA:78,0
DA:81,0
DA:83,0
DA:84,0
DA:85,0
DA:86,0
DA:88,0
DA:89,0
DA:90,0
DA:91,0
DA:95,0
DA:96,0
DA:97,0
DA:98,0
DA:99,0
DA:102,0
DA:106,0
DA:107,0
DA:108,0
DA:109,0
DA:111,0
DA:112,0
DA:116,0
DA:117,0
DA:119,0
DA:121,0
DA:122,0
DA:123,0
DA:125,0
DA:128,0
DA:130,0
DA:135,0
DA:137,0
DA:138,0
DA:140,0
DA:141,0
DA:142,0
DA:143,0
DA:146,0
DA:147,0
DA:148,0
DA:154,0
DA:155,0
DA:157,0
DA:158,0
DA:164,0
DA:165,0
DA:166,0
DA:168,0
DA:169,0
DA:170,0
DA:175,0
DA:176,0
DA:180,0
DA:181,0
DA:185,0
DA:188,0
DA:189,0
DA:190,0
DA:191,0
DA:192,0
DA:193,0
DA:194,0
DA:195,0
DA:196,0
DA:197,0
DA:198,0
DA:200,0
DA:201,0
DA:202,0
DA:205,0
DA:206,0
DA:207,0
DA:208,0
DA:214,0
DA:240,0
DA:250,0
LF:101
LH:0
BRDA:65,0,0,0
BRDA:65,0,1,0
BRDA:66,1,0,0
BRDA:66,1,1,0
BRDA:66,2,0,0
BRDA:66,2,1,0
BRDA:66,2,2,0
BRDA:74,3,0,0
BRDA:74,3,1,0
BRDA:74,4,0,0
BRDA:74,4,1,0
BRDA:89,5,0,0
BRDA:89,5,1,0
BRDA:90,6,0,0
BRDA:90,6,1,0
BRDA:90,7,0,0
BRDA:90,7,1,0
BRDA:90,7,2,0
BRDA:98,8,0,0
BRDA:98,8,1,0
BRDA:98,9,0,0
BRDA:98,9,1,0
BRDA:106,10,0,0
BRDA:106,10,1,0
BRDA:121,11,0,0
BRDA:121,11,1,0
BRDA:122,12,0,0
BRDA:122,12,1,0
BRDA:135,13,0,0
BRDA:135,13,1,0
BRDA:135,14,0,0
BRDA:135,14,1,0
BRDA:135,14,2,0
BRDA:135,14,3,0
BRDA:142,15,0,0
BRDA:142,15,1,0
BRDA:164,16,0,0
BRDA:164,16,1,0
BRDA:168,17,0,0
BRDA:168,17,1,0
BRDA:195,18,0,0
BRDA:195,18,1,0
BRDA:217,19,0,0
BRDA:217,19,1,0
BRDA:218,20,0,0
BRDA:218,20,1,0
BRDA:219,21,0,0
BRDA:219,21,1,0
BRDA:233,22,0,0
BRDA:233,22,1,0
BRDA:261,23,0,0
BRDA:261,23,1,0
BRF:52
BRH:0
end_of_record
TN:
SF:src/pages/admin/configurations-page/styles.ts
FNF:0
FNH:0
DA:4,0
DA:7,0
DA:16,0
DA:20,0
DA:28,0
DA:36,0
DA:42,0
DA:52,0
DA:59,0
DA:66,0
DA:73,0
DA:77,0
DA:81,0
LF:13
LH:0
BRDA:9,0,0,0
BRDA:9,0,1,0
BRF:2
BRH:0
end_of_record
TN:
SF:src/pages/admin/products-page/index.tsx
FN:24,ProductsPage
FN:35,(anonymous_1)
FN:40,(anonymous_2)
FN:45,handleEditServiceModal
FN:50,cancelEditProduct
FN:55,handleDeleteProduct
FN:56,(anonymous_6)
FN:69,(anonymous_7)
FN:69,(anonymous_8)
FN:76,handleCreateProduct
FN:119,(anonymous_10)
FN:127,handleEditProduct
FN:158,(anonymous_12)
FN:158,(anonymous_13)
FN:177,handleDelete
FN:182,(anonymous_15)
FN:183,(anonymous_16)
FN:193,(anonymous_17)
FN:226,(anonymous_18)
FN:247,(anonymous_19)
FN:251,(anonymous_20)
FN:261,(anonymous_21)
FN:266,(anonymous_22)
FN:292,(anonymous_23)
FNF:24
FNH:0
FNDA:0,ProductsPage
FNDA:0,(anonymous_1)
FNDA:0,(anonymous_2)
FNDA:0,handleEditServiceModal
FNDA:0,cancelEditProduct
FNDA:0,handleDeleteProduct
FNDA:0,(anonymous_6)
FNDA:0,(anonymous_7)
FNDA:0,(anonymous_8)
FNDA:0,handleCreateProduct
FNDA:0,(anonymous_10)
FNDA:0,handleEditProduct
FNDA:0,(anonymous_12)
FNDA:0,(anonymous_13)
FNDA:0,handleDelete
FNDA:0,(anonymous_15)
FNDA:0,(anonymous_16)
FNDA:0,(anonymous_17)
FNDA:0,(anonymous_18)
FNDA:0,(anonymous_19)
FNDA:0,(anonymous_20)
FNDA:0,(anonymous_21)
FNDA:0,(anonymous_22)
FNDA:0,(anonymous_23)
DA:25,0
DA:26,0
DA:27,0
DA:28,0
DA:29,0
DA:30,0
DA:32,0
DA:35,0
DA:36,0
DA:37,0
DA:40,0
DA:41,0
DA:42,0
DA:46,0
DA:47,0
DA:51,0
DA:52,0
DA:56,0
DA:57,0
DA:58,0
DA:59,0
DA:66,0
DA:69,0
DA:70,0
DA:72,0
DA:77,0
DA:78,0
DA:81,0
DA:82,0
DA:84,0
DA:85,0
DA:87,0
DA:89,0
DA:91,0
DA:92,0
DA:95,0
DA:99,0
DA:105,0
DA:106,0
DA:110,0
DA:119,0
DA:121,0
DA:123,0
DA:124,0
DA:128,0
DA:129,0
DA:130,0
DA:134,0
DA:135,0
DA:136,0
DA:137,0
DA:139,0
DA:140,0
DA:141,0
DA:144,0
DA:145,0
DA:146,0
DA:149,0
DA:156,0
DA:157,0
DA:158,0
DA:159,0
DA:160,0
DA:169,0
DA:172,0
DA:174,0
DA:178,0
DA:179,0
DA:182,0
DA:183,0
DA:184,0
DA:185,0
DA:186,0
DA:188,0
DA:189,0
DA:190,0
DA:193,0
DA:194,0
DA:195,0
DA:197,0
DA:198,0
DA:199,0
DA:200,0
DA:202,0
DA:203,0
DA:206,0
DA:216,0
DA:217,0
DA:218,0
DA:220,0
DA:221,0
DA:225,0
DA:226,0
DA:230,0
DA:247,0
DA:252,0
DA:261,0
DA:266,0
DA:292,0
LF:99
LH:0
BRDA:58,0,0,0
BRDA:58,0,1,0
BRDA:77,1,0,0
BRDA:77,1,1,0
BRDA:77,2,0,0
BRDA:77,2,1,0
BRDA:84,3,0,0
BRDA:84,3,1,0
BRDA:102,4,0,0
BRDA:102,4,1,0
BRDA:103,5,0,0
BRDA:103,5,1,0
BRDA:116,6,0,0
BRDA:116,6,1,0
BRDA:128,7,0,0
BRDA:128,7,1,0
BRDA:129,8,0,0
BRDA:129,8,1,0
BRDA:129,9,0,0
BRDA:129,9,1,0
BRDA:129,9,2,0
BRDA:135,10,0,0
BRDA:135,10,1,0
BRDA:135,11,0,0
BRDA:135,11,1,0
BRDA:140,12,0,0
BRDA:140,12,1,0
BRDA:152,13,0,0
BRDA:152,13,1,0
BRDA:153,14,0,0
BRDA:153,14,1,0
BRDA:159,15,0,0
BRDA:159,15,1,0
BRDA:164,16,0,0
BRDA:164,16,1,0
BRDA:165,17,0,0
BRDA:165,17,1,0
BRDA:166,18,0,0
BRDA:166,18,1,0
BRDA:188,19,0,0
BRDA:188,19,1,0
BRDA:195,20,0,0
BRDA:195,20,1,0
BRDA:197,21,0,0
BRDA:197,21,1,0
BRDA:211,22,0,0
BRDA:211,22,1,0
BRDA:212,23,0,0
BRDA:212,23,1,0
BRDA:225,24,0,0
BRDA:225,24,1,0
BRDA:233,25,0,0
BRDA:233,25,1,0
BRDA:238,26,0,0
BRDA:238,26,1,0
BRDA:253,27,0,0
BRDA:253,27,1,0
BRDA:253,27,2,0
BRF:58
BRH:0
end_of_record
TN:
SF:src/pages/admin/products-page/styles.ts
FNF:0
FNH:0
DA:4,0
DA:6,0
DA:13,0
DA:23,0
DA:29,0
DA:31,0
DA:38,0
DA:45,0
DA:47,0
DA:49,0
DA:55,0
LF:11
LH:0
BRDA:7,0,0,0
BRDA:7,0,1,0
BRF:2
BRH:0
end_of_record
TN:
SF:src/pages/admin/schedules-page/index.tsx
FN:21,SchedulesPage
FN:29,handleDay
FN:42,(anonymous_2)
FN:64,(anonymous_3)
FN:71,(anonymous_4)
FN:87,(anonymous_5)
FN:89,(anonymous_6)
FN:97,(anonymous_7)
FN:101,(anonymous_8)
FN:104,(anonymous_9)
FN:115,(anonymous_10)
FN:120,(anonymous_11)
FN:125,(anonymous_12)
FNF:13
FNH:0
FNDA:0,SchedulesPage
FNDA:0,handleDay
FNDA:0,(anonymous_2)
FNDA:0,(anonymous_3)
FNDA:0,(anonymous_4)
FNDA:0,(anonymous_5)
FNDA:0,(anonymous_6)
FNDA:0,(anonymous_7)
FNDA:0,(anonymous_8)
FNDA:0,(anonymous_9)
FNDA:0,(anonymous_10)
FNDA:0,(anonymous_11)
FNDA:0,(anonymous_12)
DA:24,0
DA:25,0
DA:26,0
DA:27,0
DA:30,0
DA:31,0
DA:32,0
DA:33,0
DA:36,0
DA:37,0
DA:38,0
DA:39,0
DA:42,0
DA:43,0
DA:44,0
DA:48,0
DA:49,0
DA:50,0
DA:51,0
DA:53,0
DA:57,0
DA:58,0
DA:59,0
DA:64,0
DA:65,0
DA:66,0
DA:67,0
DA:68,0
DA:71,0
DA:72,0
DA:73,0
DA:82,0
DA:85,0
DA:86,0
DA:87,0
DA:89,0
DA:93,0
DA:97,0
DA:101,0
DA:104,0
DA:115,0
DA:121,0
DA:122,0
DA:126,0
LF:44
LH:0
BRDA:30,0,0,0
BRDA:30,0,1,0
BRDA:48,1,0,0
BRDA:48,1,1,0
BRDA:50,2,0,0
BRDA:50,2,1,0
BRDA:65,3,0,0
BRDA:65,3,1,0
BRDA:108,4,0,0
BRDA:108,4,1,0
BRDA:113,5,0,0
BRDA:113,5,1,0
BRF:12
BRH:0
end_of_record
TN:
SF:src/pages/admin/schedules-page/styles.ts
FNF:0
FNH:0
DA:4,0
DA:6,0
DA:8,0
DA:16,0
DA:22,0
DA:33,0
DA:40,0
DA:44,0
DA:48,0
DA:53,0
DA:59,0
DA:66,0
LF:12
LH:0
BRDA:9,0,0,0
BRDA:9,0,1,0
BRF:2
BRH:0
end_of_record
TN:
SF:src/pages/admin/services-page/index.tsx
FN:26,ServicesPage
FN:37,(anonymous_1)
FN:42,(anonymous_2)
FN:47,handleEditServiceModal
FN:52,cancelEditService
FN:57,handleDeleteService
FN:58,(anonymous_6)
FN:71,(anonymous_7)
FN:71,(anonymous_8)
FN:78,handleCreateService
FN:121,(anonymous_10)
FN:129,handleEditService
FN:160,(anonymous_12)
FN:160,(anonymous_13)
FN:179,handleDelete
FN:184,(anonymous_15)
FN:185,(anonymous_16)
FN:190,(anonymous_17)
FN:223,(anonymous_18)
FN:244,(anonymous_19)
FN:248,(anonymous_20)
FN:258,(anonymous_21)
FN:263,(anonymous_22)
FN:290,(anonymous_23)
FNF:24
FNH:0
FNDA:0,ServicesPage
FNDA:0,(anonymous_1)
FNDA:0,(anonymous_2)
FNDA:0,handleEditServiceModal
FNDA:0,cancelEditService
FNDA:0,handleDeleteService
FNDA:0,(anonymous_6)
FNDA:0,(anonymous_7)
FNDA:0,(anonymous_8)
FNDA:0,handleCreateService
FNDA:0,(anonymous_10)
FNDA:0,handleEditService
FNDA:0,(anonymous_12)
FNDA:0,(anonymous_13)
FNDA:0,handleDelete
FNDA:0,(anonymous_15)
FNDA:0,(anonymous_16)
FNDA:0,(anonymous_17)
FNDA:0,(anonymous_18)
FNDA:0,(anonymous_19)
FNDA:0,(anonymous_20)
FNDA:0,(anonymous_21)
FNDA:0,(anonymous_22)
FNDA:0,(anonymous_23)
DA:27,0
DA:28,0
DA:29,0
DA:30,0
DA:31,0
DA:32,0
DA:34,0
DA:37,0
DA:38,0
DA:39,0
DA:42,0
DA:43,0
DA:44,0
DA:48,0
DA:49,0
DA:53,0
DA:54,0
DA:58,0
DA:59,0
DA:60,0
DA:61,0
DA:68,0
DA:71,0
DA:72,0
DA:74,0
DA:79,0
DA:80,0
DA:83,0
DA:84,0
DA:86,0
DA:87,0
DA:89,0
DA:91,0
DA:93,0
DA:94,0
DA:97,0
DA:101,0
DA:107,0
DA:108,0
DA:112,0
DA:121,0
DA:123,0
DA:125,0
DA:126,0
DA:130,0
DA:131,0
DA:132,0
DA:136,0
DA:137,0
DA:138,0
DA:139,0
DA:141,0
DA:142,0
DA:143,0
DA:146,0
DA:147,0
DA:148,0
DA:151,0
DA:158,0
DA:159,0
DA:160,0
DA:161,0
DA:162,0
DA:171,0
DA:174,0
DA:176,0
DA:180,0
DA:181,0
DA:184,0
DA:185,0
DA:186,0
DA:187,0
DA:188,0
DA:190,0
DA:191,0
DA:192,0
DA:194,0
DA:195,0
DA:196,0
DA:197,0
DA:199,0
DA:200,0
DA:203,0
DA:213,0
DA:214,0
DA:215,0
DA:217,0
DA:218,0
DA:222,0
DA:223,0
DA:227,0
DA:244,0
DA:249,0
DA:258,0
DA:263,0
DA:290,0
LF:96
LH:0
BRDA:60,0,0,0
BRDA:60,0,1,0
BRDA:79,1,0,0
BRDA:79,1,1,0
BRDA:79,2,0,0
BRDA:79,2,1,0
BRDA:79,2,2,0
BRDA:86,3,0,0
BRDA:86,3,1,0
BRDA:105,4,0,0
BRDA:105,4,1,0
BRDA:118,5,0,0
BRDA:118,5,1,0
BRDA:130,6,0,0
BRDA:130,6,1,0
BRDA:131,7,0,0
BRDA:131,7,1,0
BRDA:131,8,0,0
BRDA:131,8,1,0
BRDA:131,8,2,0
BRDA:137,9,0,0
BRDA:137,9,1,0
BRDA:137,10,0,0
BRDA:137,10,1,0
BRDA:142,11,0,0
BRDA:142,11,1,0
BRDA:155,12,0,0
BRDA:155,12,1,0
BRDA:161,13,0,0
BRDA:161,13,1,0
BRDA:167,14,0,0
BRDA:167,14,1,0
BRDA:168,15,0,0
BRDA:168,15,1,0
BRDA:192,16,0,0
BRDA:192,16,1,0
BRDA:194,17,0,0
BRDA:194,17,1,0
BRDA:208,18,0,0
BRDA:208,18,1,0
BRDA:209,19,0,0
BRDA:209,19,1,0
BRDA:222,20,0,0
BRDA:222,20,1,0
BRDA:230,21,0,0
BRDA:230,21,1,0
BRDA:235,22,0,0
BRDA:235,22,1,0
BRDA:250,23,0,0
BRDA:250,23,1,0
BRDA:250,23,2,0
BRF:51
BRH:0
end_of_record
TN:
SF:src/pages/admin/services-page/styles.ts
FNF:0
FNH:0
DA:4,0
DA:6,0
DA:14,0
DA:24,0
DA:30,0
DA:32,0
DA:39,0
DA:45,0
DA:47,0
DA:49,0
DA:55,0
LF:11
LH:0
BRDA:7,0,0,0
BRDA:7,0,1,0
BRF:2
BRH:0
end_of_record
TN:
SF:src/pages/unauthenticated/create-account/index.tsx
FN:8,(anonymous_0)
FN:17,handleCreateAccount
FNF:2
FNH:0
FNDA:0,(anonymous_0)
FNDA:0,handleCreateAccount
DA:8,0
DA:9,0
DA:10,0
DA:11,0
DA:12,0
DA:13,0
DA:15,0
DA:18,0
DA:19,0
DA:20,0
DA:21,0
DA:23,0
DA:24,0
DA:27,0
DA:29,0
DA:30,0
DA:31,0
DA:32,0
DA:34,0
DA:35,0
DA:40,0
LF:21
LH:0
BRDA:20,0,0,0
BRDA:20,0,1,0
BRDA:29,1,0,0
BRDA:29,1,1,0
BRDA:31,2,0,0
BRDA:31,2,1,0
BRDA:34,3,0,0
BRDA:34,3,1,0
BRDA:34,4,0,0
BRDA:34,4,1,0
BRDA:46,5,0,0
BRDA:46,5,1,0
BRDA:51,6,0,0
BRDA:51,6,1,0
BRF:14
BRH:0
end_of_record
TN:
SF:src/pages/unauthenticated/create-account/styles.ts
FNF:0
FNH:0
DA:4,0
DA:6,0
DA:15,0
DA:28,0
DA:30,0
DA:38,0
DA:46,0
LF:7
LH:0
BRDA:7,0,0,0
BRDA:7,0,1,0
BRF:2
BRH:0
end_of_record
TN:
SF:src/pages/unauthenticated/create-account/validations.ts
FN:1,emailValidate
FN:17,(anonymous_1)
FN:25,passwordValidate
FNF:3
FNH:0
FNDA:0,emailValidate
FNDA:0,(anonymous_1)
FNDA:0,passwordValidate
DA:2,0
DA:3,0
DA:4,0
DA:6,0
DA:7,0
DA:9,0
DA:10,0
DA:12,0
DA:13,0
DA:14,0
DA:16,0
DA:17,0
DA:18,0
DA:20,0
DA:22,0
DA:26,0
DA:27,0
DA:29,0
DA:30,0
DA:32,0
LF:20
LH:0
BRDA:3,0,0,0
BRDA:3,0,1,0
BRDA:6,1,0,0
BRDA:6,1,1,0
BRDA:9,2,0,0
BRDA:9,2,1,0
BRDA:13,3,0,0
BRDA:13,3,1,0
BRDA:17,4,0,0
BRDA:17,4,1,0
BRDA:26,5,0,0
BRDA:26,5,1,0
BRDA:29,6,0,0
BRDA:29,6,1,0
BRF:14
BRH:0
end_of_record
TN:
SF:src/pages/unauthenticated/signIn/index.tsx
FN:12,(anonymous_0)
FN:22,handleSignIn
FN:40,(anonymous_2)
FN:41,(anonymous_3)
FN:78,(anonymous_4)
FNF:5
FNH:0
FNDA:0,(anonymous_0)
FNDA:0,handleSignIn
FNDA:0,(anonymous_2)
FNDA:0,(anonymous_3)
FNDA:0,(anonymous_4)
DA:12,0
DA:13,0
DA:14,0
DA:15,0
DA:16,0
DA:17,0
DA:18,0
DA:20,0
DA:23,0
DA:24,0
DA:25,0
DA:26,0
DA:29,0
DA:30,0
DA:31,0
DA:32,0
DA:34,0
DA:35,0
DA:36,0
DA:40,0
DA:41,0
DA:42,0
DA:43,0
DA:44,0
DA:45,0
DA:47,0
DA:53,0
DA:78,0
LF:28
LH:0
BRDA:24,0,0,0
BRDA:24,0,1,0
BRDA:24,1,0,0
BRDA:24,1,1,0
BRDA:55,2,0,0
BRDA:55,2,1,0
BRDA:58,3,0,0
BRDA:58,3,1,0
BRDA:81,4,0,0
BRDA:81,4,1,0
BRDA:91,5,0,0
BRDA:91,5,1,0
BRF:12
BRH:0
end_of_record
TN:
SF:src/pages/unauthenticated/signIn/styles.ts
FN:19,(anonymous_0)
FNF:1
FNH:0
FNDA:0,(anonymous_0)
DA:4,0
DA:6,0
DA:15,0
DA:19,0
DA:28,0
DA:30,0
DA:39,0
DA:45,0
DA:50,0
DA:61,0
DA:63,0
LF:11
LH:0
BRDA:7,0,0,0
BRDA:7,0,1,0
BRDA:19,1,0,0
BRDA:19,1,1,0
BRF:4
BRH:0
end_of_record
TN:
SF:src/pages/user/Home/index.tsx
FN:33,HomeUser
FN:51,handleAddToCart
FN:52,(anonymous_2)
FN:53,(anonymous_3)
FN:77,handleRemoveCartItem
FN:78,(anonymous_5)
FN:90,(anonymous_6)
FN:90,(anonymous_7)
FN:102,(anonymous_8)
FN:102,(anonymous_9)
FN:105,handleSchedule
FN:109,handleCancelOrder
FN:118,handleOpenCalendarModal
FN:122,handleCloseCalendarModal
FN:128,handleSelectDay
FN:166,handleCloseHourModal
FN:170,handleSetTime
FN:176,handleAddHorario
FN:184,(anonymous_18)
FN:228,(anonymous_19)
FN:259,loadServices
FN:267,(anonymous_21)
FN:299,loadProducts
FN:309,(anonymous_23)
FN:341,(anonymous_24)
FN:342,(anonymous_25)
FN:388,(anonymous_26)
FN:394,(anonymous_27)
FN:414,(anonymous_28)
FN:476,(anonymous_29)
FNF:30
FNH:0
FNDA:0,HomeUser
FNDA:0,handleAddToCart
FNDA:0,(anonymous_2)
FNDA:0,(anonymous_3)
FNDA:0,handleRemoveCartItem
FNDA:0,(anonymous_5)
FNDA:0,(anonymous_6)
FNDA:0,(anonymous_7)
FNDA:0,(anonymous_8)
FNDA:0,(anonymous_9)
FNDA:0,handleSchedule
FNDA:0,handleCancelOrder
FNDA:0,handleOpenCalendarModal
FNDA:0,handleCloseCalendarModal
FNDA:0,handleSelectDay
FNDA:0,handleCloseHourModal
FNDA:0,handleSetTime
FNDA:0,handleAddHorario
FNDA:0,(anonymous_18)
FNDA:0,(anonymous_19)
FNDA:0,loadServices
FNDA:0,(anonymous_21)
FNDA:0,loadProducts
FNDA:0,(anonymous_23)
FNDA:0,(anonymous_24)
FNDA:0,(anonymous_25)
FNDA:0,(anonymous_26)
FNDA:0,(anonymous_27)
FNDA:0,(anonymous_28)
FNDA:0,(anonymous_29)
DA:34,0
DA:36,0
DA:37,0
DA:38,0
DA:39,0
DA:40,0
DA:41,0
DA:42,0
DA:43,0
DA:44,0
DA:45,0
DA:46,0
DA:47,0
DA:48,0
DA:49,0
DA:52,0
DA:53,0
DA:55,0
DA:56,0
DA:62,0
DA:63,0
DA:65,0
DA:66,0
DA:71,0
DA:74,0
DA:78,0
DA:80,0
DA:81,0
DA:82,0
DA:85,0
DA:86,0
DA:88,0
DA:89,0
DA:90,0
DA:93,0
DA:94,0
DA:99,0
DA:102,0
DA:106,0
DA:110,0
DA:111,0
DA:112,0
DA:113,0
DA:114,0
DA:115,0
DA:119,0
DA:123,0
DA:129,0
DA:130,0
DA:131,0
DA:132,0
DA:133,0
DA:134,0
DA:135,0
DA:138,0
DA:139,0
DA:140,0
DA:141,0
DA:142,0
DA:143,0
DA:145,0
DA:147,0
DA:149,0
DA:150,0
DA:152,0
DA:154,0
DA:157,0
DA:161,0
DA:167,0
DA:171,0
DA:172,0
DA:177,0
DA:178,0
DA:179,0
DA:180,0
DA:184,0
DA:185,0
DA:186,0
DA:191,0
DA:199,0
DA:200,0
DA:201,0
DA:202,0
DA:203,0
DA:205,0
DA:206,0
DA:208,0
DA:209,0
DA:210,0
DA:211,0
DA:213,0
DA:217,0
DA:218,0
DA:222,0
DA:223,0
DA:224,0
DA:225,0
DA:227,0
DA:228,0
DA:235,0
DA:237,0
DA:238,0
DA:240,0
DA:241,0
DA:242,0
DA:243,0
DA:244,0
DA:245,0
DA:246,0
DA:249,0
DA:250,0
DA:251,0
DA:252,0
DA:253,0
DA:254,0
DA:255,0
DA:260,0
DA:261,0
DA:262,0
DA:263,0
DA:264,0
DA:265,0
DA:267,0
DA:268,0
DA:269,0
DA:271,0
DA:272,0
DA:273,0
DA:274,0
DA:276,0
DA:277,0
DA:281,0
DA:288,0
DA:290,0
DA:291,0
DA:292,0
DA:294,0
DA:295,0
DA:300,0
DA:301,0
DA:302,0
DA:303,0
DA:304,0
DA:305,0
DA:306,0
DA:309,0
DA:310,0
DA:311,0
DA:313,0
DA:314,0
DA:315,0
DA:316,0
DA:318,0
DA:319,0
DA:320,0
DA:324,0
DA:331,0
DA:333,0
DA:334,0
DA:335,0
DA:337,0
DA:338,0
DA:341,0
DA:342,0
DA:343,0
DA:344,0
DA:346,0
DA:352,0
DA:388,0
DA:394,0
DA:414,0
DA:476,0
LF:172
LH:0
BRDA:55,0,0,0
BRDA:55,0,1,0
BRDA:65,1,0,0
BRDA:65,1,1,0
BRDA:65,2,0,0
BRDA:65,2,1,0
BRDA:80,3,0,0
BRDA:80,3,1,0
BRDA:88,4,0,0
BRDA:88,4,1,0
BRDA:89,5,0,0
BRDA:89,5,1,0
BRDA:93,6,0,0
BRDA:93,6,1,0
BRDA:133,7,0,0
BRDA:133,7,1,0
BRDA:179,8,0,0
BRDA:179,8,1,0
BRDA:179,9,0,0
BRDA:179,9,1,0
BRDA:179,9,2,0
BRDA:179,9,3,0
BRDA:185,10,0,0
BRDA:185,10,1,0
BRDA:208,11,0,0
BRDA:208,11,1,0
BRDA:208,12,0,0
BRDA:208,12,1,0
BRDA:262,13,0,0
BRDA:262,13,1,0
BRDA:269,14,0,0
BRDA:269,14,1,0
BRDA:271,15,0,0
BRDA:271,15,1,0
BRDA:286,16,0,0
BRDA:286,16,1,0
BRDA:303,17,0,0
BRDA:303,17,1,0
BRDA:311,18,0,0
BRDA:311,18,1,0
BRDA:313,19,0,0
BRDA:313,19,1,0
BRDA:329,20,0,0
BRDA:329,20,1,0
BRDA:343,21,0,0
BRDA:343,21,1,0
BRDA:356,22,0,0
BRDA:356,22,1,0
BRDA:360,23,0,0
BRDA:360,23,1,0
BRDA:369,24,0,0
BRDA:369,24,1,0
BRDA:384,25,0,0
BRDA:384,25,1,0
BRDA:387,26,0,0
BRDA:387,26,1,0
BRDA:393,27,0,0
BRDA:393,27,1,0
BRDA:400,28,0,0
BRDA:400,28,1,0
BRDA:409,29,0,0
BRDA:409,29,1,0
BRDA:419,30,0,0
BRDA:419,30,1,0
BRDA:419,31,0,0
BRDA:419,31,1,0
BRDA:422,32,0,0
BRDA:422,32,1,0
BRDA:426,33,0,0
BRDA:426,33,1,0
BRDA:426,33,2,0
BRDA:426,33,3,0
BRDA:434,34,0,0
BRDA:434,34,1,0
BRDA:439,35,0,0
BRDA:439,35,1,0
BRDA:439,36,0,0
BRDA:439,36,1,0
BRDA:444,37,0,0
BRDA:444,37,1,0
BRF:80
BRH:0
end_of_record
TN:
SF:src/pages/user/Home/styles.ts
FN:53,(anonymous_0)
FNF:1
FNH:0
FNDA:0,(anonymous_0)
DA:4,0
DA:6,0
DA:12,0
DA:20,0
DA:22,0
DA:26,0
DA:32,0
DA:41,0
DA:46,0
DA:52,0
DA:53,0
DA:61,0
DA:66,0
DA:70,0
DA:76,0
DA:82,0
DA:88,0
DA:91,0
DA:93,0
DA:106,0
LF:20
LH:0
BRDA:7,0,0,0
BRDA:7,0,1,0
BRDA:53,1,0,0
BRDA:53,1,1,0
BRF:4
BRH:0
end_of_record
TN:
SF:src/pages/user/user/index.tsx
FN:17,User
FN:25,closeHistoryModal
FN:29,closeScheduleListModal
FN:33,(anonymous_3)
FN:34,(anonymous_4)
FN:59,(anonymous_5)
FN:65,(anonymous_6)
FN:68,(anonymous_7)
FN:71,(anonymous_8)
FNF:9
FNH:0
FNDA:0,User
FNDA:0,closeHistoryModal
FNDA:0,closeScheduleListModal
FNDA:0,(anonymous_3)
FNDA:0,(anonymous_4)
FNDA:0,(anonymous_5)
FNDA:0,(anonymous_6)
FNDA:0,(anonymous_7)
FNDA:0,(anonymous_8)
DA:18,0
DA:19,0
DA:21,0
DA:22,0
DA:23,0
DA:26,0
DA:30,0
DA:33,0
DA:34,0
DA:35,0
DA:36,0
DA:37,0
DA:38,0
DA:39,0
DA:41,0
DA:45,0
DA:48,0
DA:59,0
DA:65,0
DA:68,0
DA:71,0
LF:21
LH:0
BRDA:38,0,0,0
BRDA:38,0,1,0
BRDA:57,1,0,0
BRDA:57,1,1,0
BRF:4
BRH:0
end_of_record
TN:
SF:src/pages/user/user/styles.ts
FNF:0
FNH:0
DA:4,0
DA:6,0
DA:14,0
DA:21,0
DA:26,0
DA:31,0
DA:34,0
LF:7
LH:0
BRDA:7,0,0,0
BRDA:7,0,1,0
BRF:2
BRH:0
end_of_record
TN:
SF:src/routes/admin.routes.tsx
FN:11,AdminRoutes
FN:22,(anonymous_1)
FN:27,(anonymous_2)
FN:34,(anonymous_3)
FN:39,(anonymous_4)
FNF:5
FNH:0
FNDA:0,AdminRoutes
FNDA:0,(anonymous_1)
FNDA:0,(anonymous_2)
FNDA:0,(anonymous_3)
FNDA:0,(anonymous_4)
DA:8,0
DA:12,0
DA:22,0
DA:27,0
DA:34,0
DA:39,0
LF:6
LH:0
BRDA:22,0,0,0
BRDA:22,0,1,0
BRDA:27,1,0,0
BRDA:27,1,1,0
BRDA:34,2,0,0
BRDA:34,2,1,0
BRDA:39,3,0,0
BRDA:39,3,1,0
BRF:8
BRH:0
end_of_record
TN:
SF:src/routes/index.tsx
FN:6,AppRoutes
FNF:1
FNH:0
FNDA:0,AppRoutes
DA:7,0
DA:8,0
DA:9,0
LF:3
LH:0
BRDA:11,0,0,0
BRDA:11,0,1,0
BRDA:11,1,0,0
BRDA:11,1,1,0
BRF:4
BRH:0
end_of_record
TN:
SF:src/routes/unathenticate.routes.tsx
FN:8,UnathenticateRoutes
FNF:1
FNH:0
FNDA:0,UnathenticateRoutes
DA:6,0
DA:9,0
LF:2
LH:0
BRF:0
BRH:0
end_of_record
TN:
SF:src/routes/user.routes.tsx
FN:9,UserRoutes
FNF:1
FNH:0
FNDA:0,UserRoutes
DA:7,0
DA:10,0
LF:2
LH:0
BRF:0
BRH:0
end_of_record
TN:
SF:src/services/auth.ts
FN:22,createUser
FN:39,signIn
FN:48,isAdmin
FN:52,(anonymous_3)
FNF:4
FNH:0
FNDA:0,createUser
FNDA:0,signIn
FNDA:0,isAdmin
FNDA:0,(anonymous_3)
DA:23,0
DA:24,0
DA:25,0
DA:27,0
DA:32,0
DA:34,0
DA:40,0
DA:41,0
DA:42,0
DA:44,0
DA:49,0
DA:50,0
DA:51,0
DA:52,0
DA:53,0
DA:54,0
DA:57,0
DA:58,0
DA:60,0
LF:19
LH:0
BRDA:57,0,0,0
BRDA:57,0,1,0
BRF:2
BRH:0
end_of_record
TN:
SF:src/types/CartItem.ts
FNF:0
FNH:0
LF:0
LH:0
BRF:0
BRH:0
end_of_record
TN:
SF:src/types/Product.ts
FNF:0
FNH:0
LF:0
LH:0
BRF:0
BRH:0
end_of_record
TN:
SF:src/types/Rotues.ts
FNF:0
FNH:0
LF:0
LH:0
BRF:0
BRH:0
end_of_record
TN:
SF:src/types/Schedule.ts
FNF:0
FNH:0
LF:0
LH:0
BRF:0
BRH:0
end_of_record
TN:
SF:src/types/service.ts
FNF:0
FNH:0
LF:0
LH:0
BRF:0
BRH:0
end_of_record
TN:
SF:src/utils/date.ts
FN:4,convertDateToStringYYYYMMDD
FN:11,formatDayOfStringDate
FN:24,getYearMontSring
FN:29,getDateWithSelectedDay
FN:44,getYearMonthDayString
FN:49,getTodayData
FN:53,getTodayAsIsoString
FN:61,addDaysToToday
FN:72,getToday
FNF:9
FNH:9
FNDA:3,convertDateToStringYYYYMMDD
FNDA:3,formatDayOfStringDate
FNDA:1,getYearMontSring
FNDA:1,getDateWithSelectedDay
FNDA:1,getYearMonthDayString
FNDA:3,getTodayData
FNDA:1,getTodayAsIsoString
FNDA:1,addDaysToToday
FNDA:1,getToday
DA:5,3
DA:6,3
DA:8,3
DA:14,3
DA:17,3
DA:19,3
DA:20,3
DA:25,1
DA:26,1
DA:30,1
DA:31,1
DA:32,1
DA:33,1
DA:40,1
DA:45,1
DA:46,1
DA:50,3
DA:54,1
DA:55,1
DA:56,1
DA:58,1
DA:62,1
DA:63,1
DA:65,1
DA:66,1
DA:68,1
DA:73,1
DA:75,1
DA:76,1
DA:77,1
DA:79,1
LF:31
LH:31
BRDA:17,0,0,1
BRDA:17,0,1,2
BRDA:19,1,0,1
BRDA:19,1,1,2
BRF:4
BRH:4
end_of_record
TN:
SF:src/utils/formatCurrency.ts
FN:1,formatCurrency
FNF:1
FNH:1
FNDA:1,formatCurrency
DA:2,1
LF:1
LH:1
BRF:0
BRH:0
end_of_record
TN:
SF:src/utils/formatTime.ts
FN:3,formatTime
FNF:1
FNH:1
FNDA:4,formatTime
DA:4,4
DA:5,2
DA:8,2
DA:9,1
DA:12,1
DA:13,1
DA:14,1
DA:15,1
DA:17,1
LF:9
LH:9
BRDA:4,0,0,2
BRDA:4,0,1,2
BRDA:4,1,0,4
BRDA:4,1,1,3
BRDA:8,2,0,1
BRDA:8,2,1,1
BRF:6
BRH:6
end_of_record
TN:
SF:src/utils/getFirebaseDateAndHour.ts
FN:1,getFirebaseDateAndHour
FNF:1
FNH:1
FNDA:1,getFirebaseDateAndHour
DA:7,1
DA:8,1
DA:9,1
DA:11,1
LF:4
LH:4
BRF:0
BRH:0
end_of_record
TN:
SF:src/utils/getRandomId.ts
FN:1,generateRandomId
FNF:1
FNH:1
FNDA:2,generateRandomId
DA:3,2
DA:4,2
DA:6,2
DA:7,10
DA:8,10
DA:11,2
LF:6
LH:6
BRF:0
BRH:0
end_of_record
TN:
SF:src/utils/hours.ts
FN:6,getQuarterHourIntervals
FN:32,addMinutes
FN:37,roundTimeToQuarterHour
FN:59,timeToIndex
FN:69,discountHour
FN:70,(anonymous_5)
FN:80,(anonymous_6)
FN:83,(anonymous_7)
FN:111,(anonymous_8)
FNF:9
FNH:9
FNDA:3,getQuarterHourIntervals
FNDA:5,addMinutes
FNDA:4,roundTimeToQuarterHour
FNDA:19,timeToIndex
FNDA:6,discountHour
FNDA:10,(anonymous_5)
FNDA:15,(anonymous_6)
FNDA:4,(anonymous_7)
FNDA:6,(anonymous_8)
DA:7,3
DA:9,3
DA:10,3
DA:11,3
DA:12,2
DA:15,1
DA:16,1
DA:17,1
DA:18,1
DA:20,1
DA:21,5
DA:25,5
DA:26,5
DA:29,1
DA:33,5
DA:38,4
DA:40,4
DA:41,1
DA:42,1
DA:45,4
DA:46,4
DA:47,4
DA:48,2
DA:50,4
DA:51,3
DA:54,4
DA:60,19
DA:61,19
DA:62,19
DA:64,19
DA:70,10
DA:72,6
DA:73,1
DA:76,5
DA:77,5
DA:78,1
DA:80,15
DA:81,4
DA:83,4
DA:85,4
DA:87,4
DA:89,7
DA:90,7
DA:97,7
DA:98,2
DA:99,1
DA:101,1
DA:102,1
DA:106,4
DA:107,1
DA:110,3
DA:111,6
LF:52
LH:52
BRDA:11,0,0,2
BRDA:11,0,1,1
BRDA:11,1,0,3
BRDA:11,1,1,2
BRDA:11,1,2,1
BRDA:11,1,3,1
BRDA:40,2,0,1
BRDA:40,2,1,3
BRDA:47,3,0,2
BRDA:47,3,1,2
BRDA:50,4,0,3
BRDA:50,4,1,1
BRDA:72,5,0,1
BRDA:72,5,1,5
BRDA:77,6,0,1
BRDA:77,6,1,4
BRDA:97,7,0,2
BRDA:97,7,1,5
BRDA:98,8,0,1
BRDA:98,8,1,1
BRDA:106,9,0,1
BRDA:106,9,1,3
BRF:22
BRH:22
end_of_record
TN:
SF:src/utils/isProcudt.ts
FN:3,isProduct
FNF:1
FNH:1
FNDA:6,isProduct
DA:4,6
LF:1
LH:1
BRDA:5,0,0,6
BRDA:5,0,1,6
BRDA:5,0,2,6
BRDA:5,0,3,5
BRDA:5,0,4,4
BRDA:5,0,5,3
BRDA:5,0,6,2
BRF:7
BRH:7
end_of_record
