TN:
SF:src/pages/admin/configurations-page/index.tsx
FN:44,ConfigurationsPage
FN:56,handelDisableWeekend
FN:80,handleEnableWeekend
FN:105,handleSelectNotWorkAtWeekends
FN:115,handleSelectDay
FN:134,sendDaysToWork
FN:163,handleSelectHour
FN:174,handleSetMorningHour
FN:179,handleSetAfternoonHour
FN:184,onCloseRangeModal
FN:188,(anonymous_10)
FN:189,(anonymous_11)
FN:201,(anonymous_12)
FN:240,(anonymous_13)
FN:250,(anonymous_14)
FNF:15
FNH:0
FNDA:0,ConfigurationsPage
FNDA:0,handelDisableWeekend
FNDA:0,handleEnableWeekend
FNDA:0,handleSelectNotWorkAtWeekends
FNDA:0,handleSelectDay
FNDA:0,sendDaysToWork
FNDA:0,handleSelectHour
FNDA:0,handleSetMorningHour
FNDA:0,handleSetAfternoonHour
FNDA:0,onCloseRangeModal
FNDA:0,(anonymous_10)
FNDA:0,(anonymous_11)
FNDA:0,(anonymous_12)
FNDA:0,(anonymous_13)
FNDA:0,(anonymous_14)
DA:45,0
DA:46,0
DA:47,0
DA:48,0
DA:49,0
DA:50,0
DA:51,0
DA:52,0
DA:53,0
DA:54,0
DA:57,0
DA:59,0
DA:60,0
DA:61,0
DA:62,0
DA:64,0
DA:65,0
DA:66,0
DA:67,0
DA:71,0
DA:72,0
DA:73,0
DA:74,0
DA:75,0
DA:78,0
DA:81,0
DA:83,0
DA:84,0
DA:85,0
DA:86,0
DA:88,0
DA:89,0
DA:90,0
DA:91,0
DA:95,0
DA:96,0
DA:97,0
DA:98,0
DA:99,0
DA:102,0
DA:106,0
DA:107,0
DA:108,0
DA:109,0
DA:111,0
DA:112,0
DA:116,0
DA:117,0
DA:119,0
DA:121,0
DA:122,0
DA:123,0
DA:125,0
DA:128,0
DA:130,0
DA:135,0
DA:137,0
DA:138,0
DA:140,0
DA:141,0
DA:142,0
DA:143,0
DA:146,0
DA:147,0
DA:148,0
DA:154,0
DA:155,0
DA:157,0
DA:158,0
DA:164,0
DA:165,0
DA:166,0
DA:168,0
DA:169,0
DA:170,0
DA:175,0
DA:176,0
DA:180,0
DA:181,0
DA:185,0
DA:188,0
DA:189,0
DA:190,0
DA:191,0
DA:192,0
DA:193,0
DA:194,0
DA:195,0
DA:196,0
DA:197,0
DA:198,0
DA:200,0
DA:201,0
DA:202,0
DA:205,0
DA:206,0
DA:207,0
DA:208,0
DA:214,0
DA:240,0
DA:250,0
LF:101
LH:0
BRDA:65,0,0,0
BRDA:65,0,1,0
BRDA:66,1,0,0
BRDA:66,1,1,0
BRDA:66,2,0,0
BRDA:66,2,1,0
BRDA:66,2,2,0
BRDA:74,3,0,0
BRDA:74,3,1,0
BRDA:74,4,0,0
BRDA:74,4,1,0
BRDA:89,5,0,0
BRDA:89,5,1,0
BRDA:90,6,0,0
BRDA:90,6,1,0
BRDA:90,7,0,0
BRDA:90,7,1,0
BRDA:90,7,2,0
BRDA:98,8,0,0
BRDA:98,8,1,0
BRDA:98,9,0,0
BRDA:98,9,1,0
BRDA:106,10,0,0
BRDA:106,10,1,0
BRDA:121,11,0,0
BRDA:121,11,1,0
BRDA:122,12,0,0
BRDA:122,12,1,0
BRDA:135,13,0,0
BRDA:135,13,1,0
BRDA:135,14,0,0
BRDA:135,14,1,0
BRDA:135,14,2,0
BRDA:135,14,3,0
BRDA:142,15,0,0
BRDA:142,15,1,0
BRDA:164,16,0,0
BRDA:164,16,1,0
BRDA:168,17,0,0
BRDA:168,17,1,0
BRDA:195,18,0,0
BRDA:195,18,1,0
BRDA:217,19,0,0
BRDA:217,19,1,0
BRDA:218,20,0,0
BRDA:218,20,1,0
BRDA:219,21,0,0
BRDA:219,21,1,0
BRDA:233,22,0,0
BRDA:233,22,1,0
BRDA:261,23,0,0
BRDA:261,23,1,0
BRF:52
BRH:0
end_of_record
TN:
SF:src/utils/date.ts
FN:4,convertDateToStringYYYYMMDD
FN:11,formatDayOfStringDate
FN:24,getYearMontSring
FN:29,getDateWithSelectedDay
FN:44,getYearMonthDayString
FN:49,getTodayData
FN:53,getTodayAsIsoString
FN:61,addDaysToToday
FN:72,getToday
FNF:9
FNH:0
FNDA:0,convertDateToStringYYYYMMDD
FNDA:0,formatDayOfStringDate
FNDA:0,getYearMontSring
FNDA:0,getDateWithSelectedDay
FNDA:0,getYearMonthDayString
FNDA:0,getTodayData
FNDA:0,getTodayAsIsoString
FNDA:0,addDaysToToday
FNDA:0,getToday
DA:5,0
DA:6,0
DA:8,0
DA:14,0
DA:17,0
DA:19,0
DA:20,0
DA:25,0
DA:26,0
DA:30,0
DA:31,0
DA:32,0
DA:33,0
DA:40,0
DA:45,0
DA:46,0
DA:50,0
DA:54,0
DA:55,0
DA:56,0
DA:58,0
DA:62,0
DA:63,0
DA:65,0
DA:66,0
DA:68,0
DA:73,0
DA:75,0
DA:76,0
DA:77,0
DA:79,0
LF:31
LH:0
BRDA:17,0,0,0
BRDA:17,0,1,0
BRDA:19,1,0,0
BRDA:19,1,1,0
BRF:4
BRH:0
end_of_record
